TN:
SF:controllers\actionLogController.js
FN:3,(anonymous_0)
FN:9,(anonymous_1)
FN:12,(anonymous_2)
FN:38,(anonymous_3)
FN:110,(anonymous_4)
FN:132,(anonymous_5)
FN:145,(anonymous_6)
FN:158,(anonymous_7)
FNF:8
FNH:8
FNDA:3,(anonymous_0)
FNDA:3,(anonymous_1)
FNDA:6,(anonymous_2)
FNDA:3,(anonymous_3)
FNDA:1,(anonymous_4)
FNDA:1,(anonymous_5)
FNDA:2,(anonymous_6)
FNDA:1,(anonymous_7)
DA:1,5
DA:3,5
DA:4,3
DA:5,3
DA:6,2
DA:9,5
DA:10,3
DA:12,6
DA:14,3
DA:15,3
DA:17,3
DA:19,0
DA:20,0
DA:23,3
DA:25,0
DA:26,0
DA:29,3
DA:30,0
DA:31,0
DA:32,0
DA:35,3
DA:38,5
DA:39,3
DA:40,3
DA:41,3
DA:42,3
DA:44,3
DA:46,3
DA:47,0
DA:50,3
DA:51,0
DA:54,3
DA:55,3
DA:56,0
DA:59,3
DA:60,0
DA:61,0
DA:89,3
DA:110,3
DA:111,1
DA:112,1
DA:115,3
DA:132,1
DA:140,0
DA:141,0
DA:145,5
DA:146,2
DA:147,2
DA:148,1
DA:149,1
DA:151,0
DA:153,1
DA:154,1
DA:158,5
DA:159,1
DA:160,1
DA:161,1
DA:162,1
DA:165,0
DA:166,0
DA:171,0
DA:172,0
DA:176,5
LF:63
LH:44
BRDA:5,0,0,1
BRDA:5,0,1,2
BRDA:12,1,0,6
BRDA:12,1,1,0
BRDA:14,2,0,0
BRDA:14,2,1,3
BRDA:15,3,0,0
BRDA:15,3,1,3
BRDA:17,4,0,0
BRDA:17,4,1,3
BRDA:17,5,0,3
BRDA:17,5,1,0
BRDA:23,6,0,0
BRDA:23,6,1,3
BRDA:23,7,0,3
BRDA:23,7,1,0
BRDA:29,8,0,0
BRDA:29,8,1,3
BRDA:29,9,0,3
BRDA:29,9,1,0
BRDA:29,9,2,0
BRDA:35,10,0,0
BRDA:35,10,1,3
BRDA:40,11,0,3
BRDA:40,11,1,1
BRDA:46,12,0,0
BRDA:46,12,1,3
BRDA:50,13,0,0
BRDA:50,13,1,3
BRDA:55,14,0,0
BRDA:55,14,1,3
BRDA:59,15,0,0
BRDA:59,15,1,3
BRDA:111,16,0,1
BRDA:111,16,1,0
BRDA:111,17,0,1
BRDA:111,17,1,0
BRDA:121,18,0,3
BRDA:121,18,1,2
BRDA:134,19,0,1
BRDA:134,19,1,0
BRDA:148,20,0,1
BRDA:148,20,1,0
BRDA:160,21,0,1
BRDA:160,21,1,0
BRDA:161,22,0,1
BRDA:161,22,1,0
BRDA:168,23,0,0
BRDA:168,23,1,0
BRF:49
BRH:26
end_of_record
TN:
SF:controllers\aiController.js
FN:27,(anonymous_0)
FN:29,(anonymous_1)
FN:71,(anonymous_2)
FN:73,(anonymous_3)
FN:76,(anonymous_4)
FN:88,(anonymous_5)
FN:103,(anonymous_6)
FN:113,(anonymous_7)
FN:117,(anonymous_8)
FN:130,(anonymous_9)
FN:139,(anonymous_10)
FN:150,(anonymous_11)
FN:171,(anonymous_12)
FN:179,(anonymous_13)
FN:280,(anonymous_14)
FN:323,(anonymous_15)
FN:351,(anonymous_16)
FN:420,(anonymous_17)
FNF:18
FNH:14
FNDA:23,(anonymous_0)
FNDA:1,(anonymous_1)
FNDA:1,(anonymous_2)
FNDA:9,(anonymous_3)
FNDA:1,(anonymous_4)
FNDA:1,(anonymous_5)
FNDA:1,(anonymous_6)
FNDA:2,(anonymous_7)
FNDA:0,(anonymous_8)
FNDA:1,(anonymous_9)
FNDA:0,(anonymous_10)
FNDA:1,(anonymous_11)
FNDA:2,(anonymous_12)
FNDA:0,(anonymous_13)
FNDA:4,(anonymous_14)
FNDA:4,(anonymous_15)
FNDA:2,(anonymous_16)
FNDA:0,(anonymous_17)
DA:10,5
DA:11,5
DA:12,5
DA:14,5
DA:27,23
DA:29,5
DA:30,1
DA:32,1
DA:33,0
DA:45,1
DA:46,0
DA:58,1
DA:71,5
DA:72,1
DA:73,9
DA:76,5
DA:77,1
DA:78,1
DA:88,1
DA:89,1
DA:90,1
DA:92,1
DA:93,1
DA:94,1
DA:95,1
DA:97,1
DA:98,0
DA:99,0
DA:103,1
DA:110,1
DA:113,5
DA:114,2
DA:116,1
DA:118,0
DA:119,0
DA:120,0
DA:121,0
DA:130,5
DA:131,1
DA:132,1
DA:134,1
DA:135,1
DA:136,1
DA:137,0
DA:138,0
DA:139,0
DA:144,1
DA:150,5
DA:151,1
DA:153,1
DA:160,1
DA:168,1
DA:171,5
DA:172,2
DA:173,2
DA:174,2
DA:175,2
DA:176,0
DA:179,5
DA:180,0
DA:182,0
DA:183,0
DA:184,0
DA:186,0
DA:187,0
DA:199,0
DA:200,0
DA:212,0
DA:213,0
DA:219,0
DA:220,0
DA:232,0
DA:233,0
DA:243,0
DA:244,0
DA:254,0
DA:280,5
DA:281,4
DA:286,4
DA:287,4
DA:293,4
DA:294,1
DA:300,3
DA:301,0
DA:306,3
DA:307,3
DA:308,1
DA:318,2
DA:321,1
DA:323,1
DA:324,4
DA:325,4
DA:326,4
DA:327,4
DA:328,4
DA:329,4
DA:334,1
DA:342,1
DA:343,1
DA:351,5
DA:352,2
DA:353,2
DA:354,2
DA:355,2
DA:356,2
DA:357,2
DA:359,2
DA:360,1
DA:363,1
DA:364,1
DA:365,0
DA:370,1
DA:372,1
DA:373,1
DA:374,1
DA:375,1
DA:376,1
DA:377,1
DA:378,1
DA:380,1
DA:381,1
DA:382,1
DA:387,1
DA:391,1
DA:398,1
DA:402,1
DA:410,1
DA:418,1
DA:420,0
DA:424,1
DA:432,1
DA:433,1
DA:434,1
DA:436,1
DA:437,0
DA:438,0
DA:444,0
DA:452,0
DA:453,0
DA:455,0
DA:458,1
DA:459,0
DA:462,1
DA:463,0
DA:466,1
DA:479,0
DA:481,0
DA:482,0
DA:484,0
DA:491,5
LF:150
LH:106
BRDA:27,0,0,12
BRDA:27,0,1,11
BRDA:30,1,0,1
BRDA:30,1,1,0
BRDA:32,2,0,0
BRDA:32,2,1,1
BRDA:34,3,0,0
BRDA:34,3,1,0
BRDA:40,4,0,0
BRDA:40,4,1,0
BRDA:45,5,0,0
BRDA:45,5,1,1
BRDA:47,6,0,0
BRDA:47,6,1,0
BRDA:59,7,0,1
BRDA:59,7,1,1
BRDA:65,8,0,1
BRDA:65,8,1,1
BRDA:66,9,0,1
BRDA:66,9,1,0
BRDA:67,10,0,1
BRDA:67,10,1,0
BRDA:73,11,0,1
BRDA:73,11,1,8
BRDA:77,12,0,1
BRDA:77,12,1,0
BRDA:89,13,0,1
BRDA:89,13,1,0
BRDA:90,14,0,1
BRDA:90,14,1,0
BRDA:92,15,0,0
BRDA:92,15,1,1
BRDA:93,16,0,1
BRDA:93,16,1,0
BRDA:95,17,0,1
BRDA:95,17,1,0
BRDA:97,18,0,0
BRDA:97,18,1,1
BRDA:99,19,0,0
BRDA:99,19,1,0
BRDA:104,20,0,1
BRDA:104,20,1,0
BRDA:104,21,0,0
BRDA:104,21,1,0
BRDA:105,22,0,1
BRDA:105,22,1,0
BRDA:106,23,0,1
BRDA:106,23,1,0
BRDA:107,24,0,1
BRDA:107,24,1,0
BRDA:114,25,0,1
BRDA:114,25,1,1
BRDA:118,26,0,0
BRDA:118,26,1,0
BRDA:120,27,0,0
BRDA:120,27,1,0
BRDA:123,28,0,0
BRDA:123,28,1,0
BRDA:131,29,0,1
BRDA:131,29,1,0
BRDA:135,30,0,1
BRDA:135,30,1,0
BRDA:137,31,0,0
BRDA:137,31,1,0
BRDA:139,32,0,0
BRDA:139,32,1,0
BRDA:173,33,0,0
BRDA:173,33,1,2
BRDA:174,34,0,0
BRDA:174,34,1,2
BRDA:175,35,0,2
BRDA:175,35,1,0
BRDA:186,36,0,0
BRDA:186,36,1,0
BRDA:186,37,0,0
BRDA:186,37,1,0
BRDA:199,38,0,0
BRDA:199,38,1,0
BRDA:199,39,0,0
BRDA:199,39,1,0
BRDA:212,40,0,0
BRDA:212,40,1,0
BRDA:219,41,0,0
BRDA:219,41,1,0
BRDA:232,42,0,0
BRDA:232,42,1,0
BRDA:243,43,0,0
BRDA:243,43,1,0
BRDA:287,44,0,4
BRDA:287,44,1,0
BRDA:287,45,0,4
BRDA:287,45,1,4
BRDA:293,46,0,1
BRDA:293,46,1,3
BRDA:293,47,0,4
BRDA:293,47,1,3
BRDA:300,48,0,0
BRDA:300,48,1,3
BRDA:307,49,0,1
BRDA:307,49,1,2
BRDA:325,50,0,0
BRDA:325,50,1,4
BRDA:327,51,0,0
BRDA:327,51,1,4
BRDA:327,52,0,4
BRDA:327,52,1,4
BRDA:328,53,0,0
BRDA:328,53,1,4
BRDA:353,54,0,2
BRDA:353,54,1,0
BRDA:353,55,0,2
BRDA:353,55,1,2
BRDA:354,56,0,1
BRDA:354,56,1,1
BRDA:355,57,0,1
BRDA:355,57,1,1
BRDA:356,58,0,0
BRDA:356,58,1,2
BRDA:356,59,0,2
BRDA:356,59,1,0
BRDA:359,60,0,1
BRDA:359,60,1,1
BRDA:363,61,0,1
BRDA:363,61,1,0
BRDA:364,62,0,0
BRDA:364,62,1,1
BRDA:370,63,0,1
BRDA:370,63,1,1
BRDA:372,64,0,1
BRDA:372,64,1,0
BRDA:372,64,2,0
BRDA:373,65,0,1
BRDA:373,65,1,0
BRDA:376,66,0,1
BRDA:376,66,1,1
BRDA:377,67,0,1
BRDA:377,67,1,0
BRDA:378,68,0,1
BRDA:378,68,1,1
BRDA:381,69,0,1
BRDA:381,69,1,0
BRDA:381,70,0,1
BRDA:381,70,1,1
BRDA:381,70,2,0
BRDA:391,71,0,1
BRDA:391,71,1,0
BRDA:393,72,0,0
BRDA:393,72,1,0
BRDA:398,73,0,1
BRDA:398,73,1,0
BRDA:404,74,0,1
BRDA:404,74,1,0
BRDA:412,75,0,1
BRDA:412,75,1,0
BRDA:413,76,0,1
BRDA:413,76,1,0
BRDA:436,77,0,0
BRDA:436,77,1,1
BRDA:440,78,0,0
BRDA:440,78,1,0
BRDA:452,79,0,0
BRDA:452,79,1,0
BRDA:455,80,0,0
BRDA:455,80,1,0
BRDA:458,81,0,0
BRDA:458,81,1,1
BRDA:462,82,0,0
BRDA:462,82,1,1
BRDA:471,83,0,1
BRDA:471,83,1,0
BRDA:479,84,0,0
BRDA:479,84,1,0
BRDA:479,84,2,0
BRDA:481,85,0,0
BRDA:481,85,1,0
BRF:175
BRH:80
end_of_record
TN:
SF:controllers\aiShopperController.js
FN:20,(anonymous_0)
FN:29,(anonymous_1)
FN:31,(anonymous_2)
FN:36,(anonymous_3)
FN:41,(anonymous_4)
FN:48,(anonymous_5)
FN:54,(anonymous_6)
FN:131,(anonymous_7)
FN:133,(anonymous_8)
FN:135,(anonymous_9)
FN:138,(anonymous_10)
FN:142,(anonymous_11)
FN:144,(anonymous_12)
FN:145,(anonymous_13)
FN:151,(anonymous_14)
FN:154,(anonymous_15)
FN:168,(anonymous_16)
FN:174,(anonymous_17)
FN:187,(anonymous_18)
FN:195,(anonymous_19)
FN:201,(anonymous_20)
FN:216,(anonymous_21)
FN:239,(anonymous_22)
FN:240,(anonymous_23)
FN:244,(anonymous_24)
FN:251,(anonymous_25)
FN:291,(anonymous_26)
FN:295,(anonymous_27)
FN:303,(anonymous_28)
FN:305,(anonymous_29)
FN:314,(anonymous_30)
FN:315,(anonymous_31)
FN:318,(anonymous_32)
FN:323,(anonymous_33)
FN:333,(anonymous_34)
FN:363,(anonymous_35)
FN:367,(anonymous_36)
FN:383,(anonymous_37)
FN:386,(anonymous_38)
FN:460,(anonymous_39)
FN:467,(anonymous_40)
FNF:41
FNH:38
FNDA:100,(anonymous_0)
FNDA:30,(anonymous_1)
FNDA:4,(anonymous_2)
FNDA:4,(anonymous_3)
FNDA:4,(anonymous_4)
FNDA:3,(anonymous_5)
FNDA:1,(anonymous_6)
FNDA:8,(anonymous_7)
FNDA:16,(anonymous_8)
FNDA:2,(anonymous_9)
FNDA:13,(anonymous_10)
FNDA:12,(anonymous_11)
FNDA:58,(anonymous_12)
FNDA:58,(anonymous_13)
FNDA:14,(anonymous_14)
FNDA:26,(anonymous_15)
FNDA:4,(anonymous_16)
FNDA:2,(anonymous_17)
FNDA:1,(anonymous_18)
FNDA:2,(anonymous_19)
FNDA:26,(anonymous_20)
FNDA:1,(anonymous_21)
FNDA:2,(anonymous_22)
FNDA:2,(anonymous_23)
FNDA:28,(anonymous_24)
FNDA:28,(anonymous_25)
FNDA:1,(anonymous_26)
FNDA:0,(anonymous_27)
FNDA:1,(anonymous_28)
FNDA:1,(anonymous_29)
FNDA:1,(anonymous_30)
FNDA:1,(anonymous_31)
FNDA:0,(anonymous_32)
FNDA:0,(anonymous_33)
FNDA:1,(anonymous_34)
FNDA:1,(anonymous_35)
FNDA:1,(anonymous_36)
FNDA:1,(anonymous_37)
FNDA:5,(anonymous_38)
FNDA:1,(anonymous_39)
FNDA:1,(anonymous_40)
DA:13,5
DA:14,5
DA:15,5
DA:17,5
DA:18,5
DA:20,5
DA:21,100
DA:29,30
DA:31,5
DA:32,4
DA:33,4
DA:36,5
DA:37,4
DA:38,4
DA:41,5
DA:42,4
DA:43,4
DA:44,3
DA:45,2
DA:48,5
DA:49,3
DA:50,3
DA:51,3
DA:54,5
DA:55,1
DA:57,1
DA:58,1
DA:60,0
DA:61,0
DA:64,5
DA:70,5
DA:97,5
DA:131,8
DA:133,16
DA:135,5
DA:136,2
DA:137,2
DA:138,13
DA:140,2
DA:142,2
DA:143,12
DA:144,58
DA:145,58
DA:147,12
DA:149,2
DA:151,2
DA:152,14
DA:153,14
DA:154,14
DA:155,26
DA:156,22
DA:162,2
DA:168,5
DA:169,4
DA:170,4
DA:171,4
DA:174,5
DA:175,2
DA:176,2
DA:178,2
DA:184,2
DA:187,5
DA:188,1
DA:189,1
DA:190,1
DA:191,1
DA:193,1
DA:195,1
DA:196,2
DA:197,2
DA:198,2
DA:201,1
DA:202,26
DA:203,26
DA:204,1
DA:205,1
DA:207,25
DA:208,0
DA:209,0
DA:211,25
DA:212,2
DA:216,1
DA:217,1
DA:218,1
DA:219,1
DA:220,1
DA:221,1
DA:223,0
DA:224,0
DA:228,1
DA:229,1
DA:230,1
DA:232,1
DA:233,1
DA:234,1
DA:236,1
DA:239,5
DA:240,2
DA:241,2
DA:244,28
DA:246,2
DA:247,2
DA:248,2
DA:251,2
DA:252,28
DA:253,28
DA:254,28
DA:257,2
DA:262,2
DA:263,2
DA:266,2
DA:275,2
DA:277,1
DA:290,2
DA:291,1
DA:296,0
DA:297,0
DA:298,0
DA:300,0
DA:303,1
DA:305,2
DA:314,5
DA:315,1
DA:316,1
DA:318,1
DA:319,0
DA:320,0
DA:322,0
DA:324,0
DA:325,0
DA:330,1
DA:331,1
DA:333,1
DA:334,1
DA:335,1
DA:337,1
DA:338,0
DA:341,1
DA:342,1
DA:344,1
DA:345,1
DA:346,1
DA:348,1
DA:360,1
DA:363,5
DA:364,1
DA:366,1
DA:368,1
DA:369,1
DA:370,1
DA:371,1
DA:372,1
DA:374,1
DA:383,1
DA:386,5
DA:387,5
DA:393,5
DA:395,5
DA:396,1
DA:399,4
DA:400,4
DA:401,0
DA:404,4
DA:405,0
DA:408,4
DA:409,4
DA:410,0
DA:413,4
DA:415,4
DA:419,4
DA:420,1
DA:423,3
DA:424,1
DA:427,2
DA:431,2
DA:432,2
DA:434,2
DA:439,2
DA:455,1
DA:456,1
DA:458,1
DA:460,1
DA:465,1
DA:467,1
DA:472,1
DA:473,1
DA:474,1
DA:475,1
DA:479,1
DA:511,1
DA:513,1
DA:515,1
DA:516,1
DA:521,0
DA:522,0
DA:527,0
DA:528,0
DA:533,0
DA:534,0
DA:539,0
DA:540,0
DA:545,0
DA:546,0
DA:551,0
DA:558,5
LF:205
LH:175
BRDA:21,0,0,100
BRDA:21,0,1,0
BRDA:29,1,0,30
BRDA:29,1,1,0
BRDA:31,2,0,0
BRDA:33,3,0,4
BRDA:33,3,1,0
BRDA:33,4,0,4
BRDA:33,4,1,4
BRDA:43,5,0,1
BRDA:43,5,1,3
BRDA:43,6,0,4
BRDA:43,6,1,3
BRDA:44,7,0,1
BRDA:44,7,1,2
BRDA:49,8,0,0
BRDA:49,8,1,3
BRDA:50,9,0,0
BRDA:50,9,1,3
BRDA:55,10,0,0
BRDA:55,10,1,1
BRDA:55,11,0,1
BRDA:55,11,1,1
BRDA:57,12,0,1
BRDA:57,12,1,0
BRDA:58,13,0,1
BRDA:58,13,1,0
BRDA:60,14,0,0
BRDA:60,14,1,0
BRDA:60,15,0,0
BRDA:60,15,1,0
BRDA:61,16,0,0
BRDA:61,16,1,0
BRDA:131,17,0,8
BRDA:131,17,1,0
BRDA:138,18,0,13
BRDA:138,18,1,8
BRDA:144,19,0,12
BRDA:144,19,1,0
BRDA:145,20,0,58
BRDA:145,20,1,58
BRDA:147,21,0,10
BRDA:147,21,1,2
BRDA:152,22,0,0
BRDA:152,22,1,14
BRDA:155,23,0,22
BRDA:155,23,1,4
BRDA:155,24,0,26
BRDA:155,24,1,22
BRDA:168,25,0,0
BRDA:170,26,0,0
BRDA:170,26,1,4
BRDA:170,27,0,4
BRDA:170,27,1,4
BRDA:174,28,0,0
BRDA:175,29,0,2
BRDA:175,29,1,0
BRDA:176,30,0,0
BRDA:176,30,1,2
BRDA:184,31,0,2
BRDA:184,31,1,0
BRDA:196,32,0,0
BRDA:196,32,1,2
BRDA:197,33,0,0
BRDA:197,33,1,2
BRDA:198,34,0,0
BRDA:198,34,1,2
BRDA:202,35,0,0
BRDA:202,35,1,26
BRDA:203,36,0,1
BRDA:203,36,1,25
BRDA:207,37,0,0
BRDA:207,37,1,25
BRDA:211,38,0,2
BRDA:211,38,1,23
BRDA:218,39,0,0
BRDA:218,39,1,1
BRDA:219,40,0,1
BRDA:219,40,1,0
BRDA:223,41,0,0
BRDA:223,41,1,0
BRDA:228,42,0,1
BRDA:228,42,1,0
BRDA:229,43,0,1
BRDA:229,43,1,0
BRDA:230,44,0,1
BRDA:230,44,1,0
BRDA:247,45,0,2
BRDA:247,45,1,0
BRDA:262,46,0,2
BRDA:262,46,1,0
BRDA:275,47,0,1
BRDA:275,47,1,1
BRDA:296,48,0,0
BRDA:296,48,1,0
BRDA:297,49,0,0
BRDA:297,49,1,0
BRDA:297,50,0,0
BRDA:297,50,1,0
BRDA:297,51,0,0
BRDA:297,51,1,0
BRDA:298,52,0,0
BRDA:298,52,1,0
BRDA:298,53,0,0
BRDA:298,53,1,0
BRDA:300,54,0,0
BRDA:300,54,1,0
BRDA:300,55,0,0
BRDA:300,55,1,0
BRDA:307,56,0,1
BRDA:307,56,1,0
BRDA:310,57,0,1
BRDA:310,57,1,0
BRDA:320,58,0,0
BRDA:320,58,1,0
BRDA:323,59,0,0
BRDA:323,59,1,0
BRDA:325,60,0,0
BRDA:325,60,1,0
BRDA:331,61,0,1
BRDA:331,61,1,0
BRDA:334,62,0,1
BRDA:334,62,1,0
BRDA:335,63,0,1
BRDA:335,63,1,0
BRDA:337,64,0,0
BRDA:337,64,1,1
BRDA:341,65,0,0
BRDA:341,65,1,1
BRDA:342,66,0,0
BRDA:342,66,1,1
BRDA:356,67,0,1
BRDA:356,67,1,0
BRDA:364,68,0,1
BRDA:364,68,1,0
BRDA:368,69,0,1
BRDA:368,69,1,0
BRDA:369,70,0,1
BRDA:369,70,1,0
BRDA:370,71,0,1
BRDA:370,71,1,0
BRDA:370,71,2,0
BRDA:379,72,0,1
BRDA:379,72,1,0
BRDA:393,73,0,5
BRDA:393,73,1,0
BRDA:395,74,0,1
BRDA:395,74,1,4
BRDA:400,75,0,0
BRDA:400,75,1,4
BRDA:404,76,0,0
BRDA:404,76,1,4
BRDA:409,77,0,0
BRDA:409,77,1,4
BRDA:413,78,0,4
BRDA:413,78,1,3
BRDA:419,79,0,1
BRDA:419,79,1,3
BRDA:423,80,0,1
BRDA:423,80,1,2
BRDA:450,81,0,2
BRDA:450,81,1,1
BRDA:460,82,0,1
BRDA:460,82,1,0
BRDA:467,83,0,1
BRDA:467,83,1,0
BRDA:475,84,0,0
BRDA:475,84,1,1
BRDA:482,85,0,1
BRDA:482,85,1,0
BRDA:483,86,0,1
BRDA:483,86,1,0
BRDA:484,87,0,1
BRDA:484,87,1,0
BRDA:513,88,0,1
BRDA:513,88,1,0
BRDA:515,89,0,1
BRDA:515,89,1,0
BRDA:515,90,0,1
BRDA:515,90,1,0
BRDA:521,91,0,0
BRDA:521,91,1,0
BRDA:521,92,0,0
BRDA:521,92,1,0
BRDA:527,93,0,0
BRDA:527,93,1,0
BRDA:527,94,0,0
BRDA:527,94,1,0
BRDA:533,95,0,0
BRDA:533,95,1,0
BRDA:539,96,0,0
BRDA:539,96,1,0
BRDA:545,97,0,0
BRDA:545,97,1,0
BRF:194
BRH:92
end_of_record
TN:
SF:controllers\analyticsController.js
FN:3,(anonymous_0)
FN:12,(anonymous_1)
FNF:2
FNH:2
FNDA:2,(anonymous_0)
FNDA:3,(anonymous_1)
DA:1,5
DA:3,5
DA:4,2
DA:12,5
DA:13,3
DA:14,3
DA:15,3
DA:16,3
DA:17,3
DA:19,3
DA:20,1
DA:23,2
DA:33,1
DA:38,1
DA:39,1
DA:43,5
LF:16
LH:16
BRDA:4,0,0,2
BRDA:4,0,1,0
BRDA:14,1,0,3
BRDA:14,1,1,1
BRDA:14,1,2,1
BRDA:15,2,0,3
BRDA:15,2,1,2
BRDA:15,2,2,1
BRDA:16,3,0,3
BRDA:16,3,1,2
BRDA:17,4,0,3
BRDA:17,4,1,2
BRDA:19,5,0,1
BRDA:19,5,1,2
BRDA:25,6,0,2
BRDA:25,6,1,1
BRF:16
BRH:15
end_of_record
TN:
SF:controllers\artisanController.js
FN:12,(anonymous_0)
FN:25,(anonymous_1)
FN:29,(anonymous_2)
FN:33,(anonymous_3)
FN:34,(anonymous_4)
FN:40,(anonymous_5)
FN:51,(anonymous_6)
FN:61,(anonymous_7)
FN:126,(anonymous_8)
FN:135,(anonymous_9)
FN:144,(anonymous_10)
FN:148,(anonymous_11)
FN:164,(anonymous_12)
FN:175,(anonymous_13)
FN:190,(anonymous_14)
FN:206,(anonymous_15)
FN:217,(anonymous_16)
FN:261,(anonymous_17)
FN:277,(anonymous_18)
FN:308,(anonymous_19)
FN:337,(anonymous_20)
FN:350,(anonymous_21)
FN:362,(anonymous_22)
FN:378,(anonymous_23)
FN:412,(anonymous_24)
FN:434,(anonymous_25)
FN:457,(anonymous_26)
FN:487,(anonymous_27)
FN:508,(anonymous_28)
FNF:29
FNH:14
FNDA:1,(anonymous_0)
FNDA:0,(anonymous_1)
FNDA:0,(anonymous_2)
FNDA:1,(anonymous_3)
FNDA:0,(anonymous_4)
FNDA:0,(anonymous_5)
FNDA:3,(anonymous_6)
FNDA:5,(anonymous_7)
FNDA:4,(anonymous_8)
FNDA:4,(anonymous_9)
FNDA:0,(anonymous_10)
FNDA:5,(anonymous_11)
FNDA:1,(anonymous_12)
FNDA:1,(anonymous_13)
FNDA:2,(anonymous_14)
FNDA:0,(anonymous_15)
FNDA:2,(anonymous_16)
FNDA:0,(anonymous_17)
FNDA:0,(anonymous_18)
FNDA:3,(anonymous_19)
FNDA:0,(anonymous_20)
FNDA:0,(anonymous_21)
FNDA:0,(anonymous_22)
FNDA:1,(anonymous_23)
FNDA:1,(anonymous_24)
FNDA:0,(anonymous_25)
FNDA:0,(anonymous_26)
FNDA:0,(anonymous_27)
FNDA:0,(anonymous_28)
DA:1,5
DA:2,5
DA:3,5
DA:4,5
DA:5,5
DA:6,5
DA:7,5
DA:8,5
DA:10,5
DA:12,5
DA:13,1
DA:14,0
DA:15,0
DA:16,0
DA:17,0
DA:19,0
DA:23,0
DA:25,0
DA:29,0
DA:33,5
DA:34,1
DA:40,5
DA:41,0
DA:42,0
DA:43,0
DA:44,0
DA:45,0
DA:46,0
DA:51,5
DA:55,3
DA:57,3
DA:58,0
DA:61,5
DA:63,3
DA:99,3
DA:125,3
DA:126,3
DA:127,4
DA:134,3
DA:135,3
DA:136,4
DA:143,3
DA:144,3
DA:145,0
DA:148,5
DA:164,5
DA:165,1
DA:166,1
DA:167,0
DA:169,0
DA:171,1
DA:175,5
DA:176,1
DA:177,1
DA:179,1
DA:180,0
DA:183,1
DA:188,1
DA:189,1
DA:190,2
DA:192,1
DA:194,1
DA:202,0
DA:206,5
DA:207,0
DA:208,0
DA:211,0
DA:213,0
DA:217,5
DA:218,2
DA:219,2
DA:220,2
DA:221,1
DA:224,1
DA:225,1
DA:226,1
DA:229,0
DA:230,0
DA:233,0
DA:235,0
DA:241,0
DA:244,0
DA:245,0
DA:246,0
DA:255,0
DA:257,0
DA:261,5
DA:262,0
DA:263,0
DA:264,0
DA:265,0
DA:267,0
DA:268,0
DA:269,0
DA:271,0
DA:273,0
DA:277,5
DA:278,0
DA:279,0
DA:281,0
DA:282,0
DA:285,0
DA:287,0
DA:300,0
DA:302,0
DA:304,0
DA:308,5
DA:309,3
DA:310,3
DA:312,3
DA:313,0
DA:316,3
DA:317,3
DA:319,3
DA:320,3
DA:324,3
DA:326,3
DA:333,0
DA:337,5
DA:338,0
DA:339,0
DA:340,0
DA:341,0
DA:343,0
DA:345,0
DA:350,5
DA:351,0
DA:352,0
DA:353,0
DA:354,0
DA:356,0
DA:358,0
DA:362,5
DA:363,0
DA:364,0
DA:365,0
DA:366,0
DA:368,0
DA:369,0
DA:370,0
DA:372,0
DA:374,0
DA:378,5
DA:379,1
DA:380,1
DA:381,1
DA:382,0
DA:385,1
DA:387,1
DA:388,0
DA:391,1
DA:396,1
DA:405,1
DA:406,1
DA:408,0
DA:412,5
DA:413,1
DA:414,1
DA:415,1
DA:416,0
DA:419,1
DA:420,1
DA:421,0
DA:424,1
DA:425,1
DA:428,0
DA:429,0
DA:430,0
DA:433,0
DA:434,0
DA:436,0
DA:437,0
DA:440,0
DA:450,0
DA:451,0
DA:453,0
DA:457,5
DA:458,0
DA:459,0
DA:460,0
DA:461,0
DA:464,0
DA:465,0
DA:466,0
DA:469,0
DA:471,0
DA:472,0
DA:473,0
DA:474,0
DA:476,0
DA:477,0
DA:480,0
DA:481,0
DA:483,0
DA:487,5
DA:488,0
DA:489,0
DA:490,0
DA:491,0
DA:494,0
DA:495,0
DA:496,0
DA:499,0
DA:500,0
DA:501,0
DA:502,0
DA:504,0
DA:508,5
DA:509,0
DA:510,0
DA:511,0
DA:512,0
DA:515,0
DA:516,0
DA:517,0
DA:520,0
DA:521,0
DA:522,0
DA:524,0
DA:525,0
DA:528,0
DA:529,0
DA:531,0
DA:533,0
LF:224
LH:88
BRDA:13,0,0,1
BRDA:13,0,1,0
BRDA:15,1,0,0
BRDA:15,1,1,0
BRDA:23,2,0,0
BRDA:23,2,1,0
BRDA:26,3,0,0
BRDA:26,3,1,0
BRDA:27,4,0,0
BRDA:27,4,1,0
BRDA:33,5,0,0
BRDA:35,6,0,0
BRDA:35,6,1,0
BRDA:35,7,0,0
BRDA:35,7,1,0
BRDA:40,8,0,0
BRDA:42,9,0,0
BRDA:42,9,1,0
BRDA:43,10,0,0
BRDA:43,10,1,0
BRDA:45,11,0,0
BRDA:45,11,1,0
BRDA:51,12,0,0
BRDA:53,13,0,0
BRDA:54,14,0,0
BRDA:57,15,0,0
BRDA:57,15,1,3
BRDA:57,16,0,3
BRDA:57,16,1,3
BRDA:63,17,0,3
BRDA:63,17,1,0
BRDA:112,18,0,3
BRDA:112,18,1,0
BRDA:130,19,0,4
BRDA:130,19,1,0
BRDA:138,20,0,4
BRDA:138,20,1,0
BRDA:139,21,0,4
BRDA:139,21,1,0
BRDA:145,22,0,0
BRDA:145,22,1,0
BRDA:150,23,0,5
BRDA:150,23,1,1
BRDA:151,24,0,5
BRDA:151,24,1,1
BRDA:152,25,0,5
BRDA:152,25,1,1
BRDA:153,26,0,5
BRDA:153,26,1,0
BRDA:154,27,0,5
BRDA:154,27,1,0
BRDA:154,28,0,5
BRDA:154,28,1,1
BRDA:155,29,0,5
BRDA:155,29,1,0
BRDA:156,30,0,5
BRDA:156,30,1,1
BRDA:157,31,0,5
BRDA:157,31,1,1
BRDA:158,32,0,5
BRDA:158,32,1,5
BRDA:159,33,0,5
BRDA:159,33,1,5
BRDA:179,34,0,0
BRDA:179,34,1,1
BRDA:189,35,0,1
BRDA:189,35,1,0
BRDA:192,36,0,1
BRDA:192,36,1,0
BRDA:220,37,0,1
BRDA:220,37,1,1
BRDA:220,38,0,2
BRDA:220,38,1,1
BRDA:220,38,2,1
BRDA:225,39,0,1
BRDA:225,39,1,0
BRDA:229,40,0,0
BRDA:229,40,1,0
BRDA:237,41,0,0
BRDA:237,41,1,0
BRDA:248,42,0,0
BRDA:248,42,1,0
BRDA:249,43,0,0
BRDA:249,43,1,0
BRDA:249,44,0,0
BRDA:249,44,1,0
BRDA:264,45,0,0
BRDA:264,45,1,0
BRDA:268,46,0,0
BRDA:268,46,1,0
BRDA:279,47,0,0
BRDA:279,47,1,0
BRDA:281,48,0,0
BRDA:281,48,1,0
BRDA:310,49,0,3
BRDA:310,49,1,0
BRDA:310,49,2,0
BRDA:312,50,0,0
BRDA:312,50,1,3
BRDA:340,51,0,0
BRDA:340,51,1,0
BRDA:343,52,0,0
BRDA:343,52,1,0
BRDA:353,53,0,0
BRDA:353,53,1,0
BRDA:356,54,0,0
BRDA:356,54,1,0
BRDA:365,55,0,0
BRDA:365,55,1,0
BRDA:369,56,0,0
BRDA:369,56,1,0
BRDA:381,57,0,0
BRDA:381,57,1,1
BRDA:387,58,0,0
BRDA:387,58,1,1
BRDA:387,59,0,1
BRDA:387,59,1,1
BRDA:393,60,0,1
BRDA:393,60,1,0
BRDA:399,61,0,1
BRDA:399,61,1,0
BRDA:400,62,0,1
BRDA:400,62,1,1
BRDA:415,63,0,0
BRDA:415,63,1,1
BRDA:420,64,0,0
BRDA:420,64,1,1
BRDA:424,65,0,1
BRDA:424,65,1,0
BRDA:428,66,0,0
BRDA:428,66,1,0
BRDA:428,67,0,0
BRDA:428,67,1,0
BRDA:429,68,0,0
BRDA:429,68,1,0
BRDA:433,69,0,0
BRDA:433,69,1,0
BRDA:434,70,0,0
BRDA:434,70,1,0
BRDA:436,71,0,0
BRDA:436,71,1,0
BRDA:442,72,0,0
BRDA:442,72,1,0
BRDA:443,73,0,0
BRDA:443,73,1,0
BRDA:444,74,0,0
BRDA:444,74,1,0
BRDA:460,75,0,0
BRDA:460,75,1,0
BRDA:465,76,0,0
BRDA:465,76,1,0
BRDA:471,77,0,0
BRDA:471,77,1,0
BRDA:472,78,0,0
BRDA:472,78,1,0
BRDA:473,79,0,0
BRDA:473,79,1,0
BRDA:474,80,0,0
BRDA:474,80,1,0
BRDA:476,81,0,0
BRDA:476,81,1,0
BRDA:490,82,0,0
BRDA:490,82,1,0
BRDA:495,83,0,0
BRDA:495,83,1,0
BRDA:499,84,0,0
BRDA:499,84,1,0
BRDA:511,85,0,0
BRDA:511,85,1,0
BRDA:516,86,0,0
BRDA:516,86,1,0
BRDA:520,87,0,0
BRDA:520,87,1,0
BRDA:524,88,0,0
BRDA:524,88,1,0
BRDA:528,89,0,0
BRDA:528,89,1,0
BRF:177
BRH:50
end_of_record
TN:
SF:controllers\authController.js
FN:28,(anonymous_0)
FN:40,(anonymous_1)
FN:61,(anonymous_2)
FN:69,(anonymous_3)
FN:75,(anonymous_4)
FN:87,(anonymous_5)
FN:93,(anonymous_6)
FN:104,(anonymous_7)
FN:119,(anonymous_8)
FN:238,(anonymous_9)
FN:302,createOAuthUser
FN:317,googleLogin
FN:417,(anonymous_12)
FN:446,(anonymous_13)
FN:528,(anonymous_14)
FN:535,(anonymous_15)
FN:547,(anonymous_16)
FN:559,(anonymous_17)
FN:594,requestEmailChange
FN:668,confirmEmailChange
FN:715,subAdminForgotPassword
FN:745,resetSubAdminPassword
FN:790,updateSubAdminPermissions
FN:839,faceLogin
FN:904,getFaceDescriptorStatus
FN:918,saveFaceDescriptor
FN:937,deleteFaceDescriptor
FN:986,getTransporter
FN:1012,sendResetEmail
FN:1033,sendVerificationEmail
FN:1054,sendTemporaryPasswordEmail
FN:1076,normalizePhone
FN:1088,sendSMS
FN:1099,sendPhoneVerification
FN:1146,verifyPhone
FN:1179,forgotPasswordPhone
FN:1219,resetPasswordPhone
FN:1254,checkResetOptions
FN:1273,forgotPassword
FN:1301,resetPassword
FN:1329,verifyEmail
FN:1357,updatePassword
FN:1400,updateProfile
FN:1479,getPendingManufacturers
FN:1495,approveManufacturer
FN:1559,rejectManufacturer
FN:1629,listUsers
FN:1642,suspendUser
FN:1680,activateUser
FN:1718,deleteUser
FNF:50
FNH:49
FNDA:13,(anonymous_0)
FNDA:9,(anonymous_1)
FNDA:4,(anonymous_2)
FNDA:22,(anonymous_3)
FNDA:22,(anonymous_4)
FNDA:2,(anonymous_5)
FNDA:2,(anonymous_6)
FNDA:37,(anonymous_7)
FNDA:10,(anonymous_8)
FNDA:17,(anonymous_9)
FNDA:1,createOAuthUser
FNDA:4,googleLogin
FNDA:6,(anonymous_12)
FNDA:5,(anonymous_13)
FNDA:2,(anonymous_14)
FNDA:3,(anonymous_15)
FNDA:3,(anonymous_16)
FNDA:0,(anonymous_17)
FNDA:5,requestEmailChange
FNDA:2,confirmEmailChange
FNDA:4,subAdminForgotPassword
FNDA:2,resetSubAdminPassword
FNDA:2,updateSubAdminPermissions
FNDA:4,faceLogin
FNDA:2,getFaceDescriptorStatus
FNDA:2,saveFaceDescriptor
FNDA:1,deleteFaceDescriptor
FNDA:15,getTransporter
FNDA:2,sendResetEmail
FNDA:8,sendVerificationEmail
FNDA:1,sendTemporaryPasswordEmail
FNDA:3,normalizePhone
FNDA:3,sendSMS
FNDA:3,sendPhoneVerification
FNDA:2,verifyPhone
FNDA:3,forgotPasswordPhone
FNDA:3,resetPasswordPhone
FNDA:3,checkResetOptions
FNDA:3,forgotPassword
FNDA:3,resetPassword
FNDA:2,verifyEmail
FNDA:5,updatePassword
FNDA:1,updateProfile
FNDA:4,getPendingManufacturers
FNDA:3,approveManufacturer
FNDA:2,rejectManufacturer
FNDA:2,listUsers
FNDA:5,suspendUser
FNDA:3,activateUser
FNDA:5,deleteUser
DA:1,7
DA:2,7
DA:3,7
DA:4,7
DA:5,7
DA:6,7
DA:7,7
DA:8,7
DA:9,7
DA:10,7
DA:11,7
DA:17,7
DA:18,7
DA:21,7
DA:24,7
DA:25,7
DA:28,7
DA:30,13
DA:35,13
DA:40,7
DA:41,9
DA:42,9
DA:43,0
DA:45,9
DA:46,9
DA:47,9
DA:48,3
DA:50,6
DA:53,7
DA:61,7
DA:69,7
DA:70,22
DA:71,22
DA:72,22
DA:75,7
DA:76,22
DA:77,17
DA:79,5
DA:80,2
DA:82,3
DA:83,3
DA:87,7
DA:88,2
DA:89,2
DA:90,2
DA:93,7
DA:94,2
DA:95,2
DA:96,2
DA:104,7
DA:105,37
DA:106,37
DA:107,37
DA:108,37
DA:109,37
DA:110,37
DA:111,15
DA:113,37
DA:119,7
DA:127,10
DA:129,10
DA:130,10
DA:131,1
DA:135,9
DA:136,9
DA:137,1
DA:140,8
DA:141,8
DA:146,8
DA:147,8
DA:148,0
DA:151,8
DA:155,8
DA:168,8
DA:170,3
DA:172,3
DA:180,3
DA:183,1
DA:184,1
DA:187,2
DA:188,2
DA:189,0
DA:191,2
DA:193,2
DA:199,2
DA:203,0
DA:204,0
DA:207,1
DA:210,1
DA:213,6
DA:214,6
DA:215,6
DA:216,6
DA:218,6
DA:227,0
DA:230,0
DA:231,0
DA:238,7
DA:239,17
DA:241,17
DA:242,17
DA:243,2
DA:246,15
DA:248,14
DA:250,11
DA:251,1
DA:258,10
DA:259,1
DA:265,9
DA:266,1
DA:269,8
DA:270,0
DA:271,0
DA:274,8
DA:275,8
DA:277,8
DA:290,3
DA:293,1
DA:294,1
DA:303,1
DA:304,1
DA:305,1
DA:307,1
DA:309,0
DA:311,0
DA:313,0
DA:318,4
DA:319,4
DA:321,4
DA:322,1
DA:327,3
DA:328,3
DA:332,2
DA:333,2
DA:335,1
DA:336,1
DA:339,2
DA:340,2
DA:341,0
DA:345,2
DA:347,2
DA:348,1
DA:349,1
DA:350,1
DA:352,1
DA:353,1
DA:355,1
DA:356,0
DA:357,0
DA:358,0
DA:361,1
DA:362,1
DA:366,1
DA:368,1
DA:379,2
DA:380,0
DA:387,2
DA:388,0
DA:393,2
DA:394,2
DA:396,2
DA:409,0
DA:410,0
DA:417,7
DA:418,6
DA:420,6
DA:421,2
DA:424,4
DA:425,0
DA:426,0
DA:429,4
DA:430,2
DA:433,2
DA:446,7
DA:447,5
DA:448,5
DA:450,5
DA:451,1
DA:454,4
DA:455,1
DA:458,3
DA:459,3
DA:460,1
DA:463,2
DA:464,2
DA:466,2
DA:480,2
DA:482,2
DA:483,2
DA:484,2
DA:486,2
DA:508,2
DA:520,0
DA:521,0
DA:528,7
DA:529,2
DA:535,7
DA:536,3
DA:537,3
DA:538,1
DA:540,2
DA:541,2
DA:547,7
DA:548,3
DA:549,3
DA:550,1
DA:552,2
DA:553,2
DA:559,7
DA:560,0
DA:561,0
DA:562,0
DA:563,0
DA:564,0
DA:565,0
DA:569,0
DA:570,0
DA:571,0
DA:572,0
DA:576,0
DA:577,0
DA:578,0
DA:579,0
DA:581,0
DA:584,0
DA:586,0
DA:587,0
DA:595,5
DA:596,5
DA:597,5
DA:598,1
DA:600,4
DA:601,4
DA:602,4
DA:603,1
DA:607,3
DA:608,3
DA:609,2
DA:612,1
DA:613,1
DA:615,1
DA:616,0
DA:620,1
DA:621,1
DA:623,1
DA:624,1
DA:625,1
DA:626,1
DA:629,1
DA:630,1
DA:631,1
DA:632,1
DA:641,1
DA:642,1
DA:643,1
DA:650,0
DA:654,1
DA:655,1
DA:656,1
DA:658,1
DA:660,0
DA:661,0
DA:669,2
DA:670,2
DA:671,2
DA:672,1
DA:675,1
DA:676,1
DA:682,1
DA:683,1
DA:687,0
DA:691,0
DA:692,0
DA:693,0
DA:694,0
DA:695,0
DA:696,0
DA:699,0
DA:700,0
DA:701,0
DA:702,0
DA:703,0
DA:705,0
DA:707,0
DA:708,0
DA:716,4
DA:717,4
DA:718,4
DA:719,1
DA:722,3
DA:723,3
DA:724,2
DA:727,1
DA:728,1
DA:735,1
DA:737,0
DA:738,0
DA:746,2
DA:747,2
DA:748,2
DA:749,2
DA:750,1
DA:753,1
DA:754,1
DA:755,1
DA:757,1
DA:759,1
DA:760,1
DA:767,1
DA:780,1
DA:782,0
DA:783,0
DA:791,2
DA:792,2
DA:793,2
DA:794,2
DA:795,1
DA:798,1
DA:799,1
DA:801,1
DA:802,1
DA:804,1
DA:805,1
DA:820,1
DA:831,0
DA:832,0
DA:840,4
DA:841,4
DA:843,4
DA:844,1
DA:848,3
DA:852,3
DA:853,1
DA:856,2
DA:857,2
DA:859,2
DA:860,2
DA:861,2
DA:862,2
DA:863,256
DA:864,256
DA:866,2
DA:867,2
DA:868,2
DA:869,2
DA:873,2
DA:874,1
DA:877,1
DA:878,0
DA:881,1
DA:883,1
DA:884,1
DA:886,1
DA:896,0
DA:897,0
DA:905,2
DA:906,2
DA:907,2
DA:908,2
DA:910,0
DA:911,0
DA:919,2
DA:920,2
DA:922,2
DA:923,1
DA:926,1
DA:927,1
DA:929,0
DA:930,0
DA:938,1
DA:939,1
DA:940,1
DA:942,0
DA:943,0
DA:947,7
DA:987,15
DA:990,15
DA:991,0
DA:1000,15
DA:1001,4
DA:1009,11
DA:1013,2
DA:1014,2
DA:1015,2
DA:1017,2
DA:1018,2
DA:1019,2
DA:1021,2
DA:1022,0
DA:1023,0
DA:1024,0
DA:1026,0
DA:1030,2
DA:1034,8
DA:1035,8
DA:1036,8
DA:1038,8
DA:1039,8
DA:1040,8
DA:1042,8
DA:1043,0
DA:1044,0
DA:1045,0
DA:1047,0
DA:1051,8
DA:1055,1
DA:1056,1
DA:1057,1
DA:1059,1
DA:1060,1
DA:1061,1
DA:1063,1
DA:1064,1
DA:1065,1
DA:1066,1
DA:1068,0
DA:1072,0
DA:1077,3
DA:1078,3
DA:1079,3
DA:1081,3
DA:1083,0
DA:1084,0
DA:1089,3
DA:1092,3
DA:1093,3
DA:1100,3
DA:1101,3
DA:1102,3
DA:1104,2
DA:1105,2
DA:1108,2
DA:1109,2
DA:1110,1
DA:1114,1
DA:1115,1
DA:1119,1
DA:1120,1
DA:1122,1
DA:1123,1
DA:1125,1
DA:1127,1
DA:1129,1
DA:1130,1
DA:1131,1
DA:1132,1
DA:1133,1
DA:1136,1
DA:1138,0
DA:1139,0
DA:1147,2
DA:1148,2
DA:1149,2
DA:1151,1
DA:1152,1
DA:1158,1
DA:1159,1
DA:1162,0
DA:1163,0
DA:1164,0
DA:1165,0
DA:1166,0
DA:1167,0
DA:1169,0
DA:1171,0
DA:1172,0
DA:1180,3
DA:1181,3
DA:1183,3
DA:1187,3
DA:1188,1
DA:1190,2
DA:1192,2
DA:1193,2
DA:1195,2
DA:1196,2
DA:1197,2
DA:1199,2
DA:1201,2
DA:1202,2
DA:1203,2
DA:1204,2
DA:1205,2
DA:1206,2
DA:1209,2
DA:1211,0
DA:1212,0
DA:1220,3
DA:1221,3
DA:1222,3
DA:1223,1
DA:1226,2
DA:1228,2
DA:1229,2
DA:1235,2
DA:1236,1
DA:1239,1
DA:1240,1
DA:1241,1
DA:1242,1
DA:1244,1
DA:1246,0
DA:1247,0
DA:1255,3
DA:1256,3
DA:1257,3
DA:1258,2
DA:1259,2
DA:1261,1
DA:1263,1
DA:1265,0
DA:1266,0
DA:1274,3
DA:1275,3
DA:1276,3
DA:1277,3
DA:1278,1
DA:1280,2
DA:1281,2
DA:1283,2
DA:1284,2
DA:1285,2
DA:1287,2
DA:1288,2
DA:1290,2
DA:1291,2
DA:1293,0
DA:1294,0
DA:1302,3
DA:1303,3
DA:1304,3
DA:1305,3
DA:1310,3
DA:1311,1
DA:1314,2
DA:1315,2
DA:1316,2
DA:1317,2
DA:1319,2
DA:1321,0
DA:1322,0
DA:1330,2
DA:1331,2
DA:1332,2
DA:1333,2
DA:1338,2
DA:1339,1
DA:1342,1
DA:1343,1
DA:1344,1
DA:1345,1
DA:1347,1
DA:1349,0
DA:1350,0
DA:1358,5
DA:1359,5
DA:1360,5
DA:1361,1
DA:1364,4
DA:1365,1
DA:1368,3
DA:1369,3
DA:1371,3
DA:1372,3
DA:1373,1
DA:1376,2
DA:1377,2
DA:1379,2
DA:1380,1
DA:1381,1
DA:1382,1
DA:1390,2
DA:1392,0
DA:1393,0
DA:1401,1
DA:1402,1
DA:1403,1
DA:1423,1
DA:1425,1
DA:1426,1
DA:1427,1
DA:1428,1
DA:1431,1
DA:1432,1
DA:1433,1
DA:1434,1
DA:1435,1
DA:1436,1
DA:1437,1
DA:1438,1
DA:1439,1
DA:1440,1
DA:1441,1
DA:1442,1
DA:1443,1
DA:1445,1
DA:1447,1
DA:1471,0
DA:1472,0
DA:1480,4
DA:1481,4
DA:1482,1
DA:1484,3
DA:1485,3
DA:1487,0
DA:1488,0
DA:1496,3
DA:1497,3
DA:1498,0
DA:1500,3
DA:1501,3
DA:1502,3
DA:1503,2
DA:1504,2
DA:1505,2
DA:1506,2
DA:1507,2
DA:1510,2
DA:1511,2
DA:1523,2
DA:1524,2
DA:1525,1
DA:1526,1
DA:1527,1
DA:1535,2
DA:1549,2
DA:1551,0
DA:1552,0
DA:1560,2
DA:1561,2
DA:1562,0
DA:1564,2
DA:1565,2
DA:1566,2
DA:1567,2
DA:1568,1
DA:1569,1
DA:1570,1
DA:1571,1
DA:1572,1
DA:1573,1
DA:1574,1
DA:1577,1
DA:1578,1
DA:1589,1
DA:1590,1
DA:1591,1
DA:1592,1
DA:1593,1
DA:1601,1
DA:1617,1
DA:1619,1
DA:1621,0
DA:1622,0
DA:1630,2
DA:1631,2
DA:1632,2
DA:1634,0
DA:1635,0
DA:1643,5
DA:1644,5
DA:1645,1
DA:1647,4
DA:1648,4
DA:1649,4
DA:1650,3
DA:1651,1
DA:1653,2
DA:1654,2
DA:1655,2
DA:1657,2
DA:1670,2
DA:1672,0
DA:1673,0
DA:1681,3
DA:1682,3
DA:1683,0
DA:1685,3
DA:1686,3
DA:1687,3
DA:1688,2
DA:1689,0
DA:1691,2
DA:1692,2
DA:1693,2
DA:1695,2
DA:1708,2
DA:1710,0
DA:1711,0
DA:1719,5
DA:1720,5
DA:1721,1
DA:1723,4
DA:1724,4
DA:1725,4
DA:1726,3
DA:1727,1
DA:1729,2
DA:1730,2
DA:1732,2
DA:1745,2
DA:1747,0
DA:1748,0
LF:703
LH:568
BRDA:17,0,0,7
BRDA:17,0,1,0
BRDA:24,1,0,0
BRDA:24,1,1,7
BRDA:25,2,0,0
BRDA:25,2,1,7
BRDA:30,3,0,3
BRDA:30,3,1,10
BRDA:30,4,0,13
BRDA:30,4,1,12
BRDA:30,4,2,12
BRDA:42,5,0,0
BRDA:42,5,1,9
BRDA:42,6,0,9
BRDA:42,6,1,9
BRDA:47,7,0,3
BRDA:47,7,1,6
BRDA:61,8,0,1
BRDA:70,9,0,0
BRDA:70,9,1,22
BRDA:71,10,0,0
BRDA:71,10,1,22
BRDA:72,11,0,22
BRDA:72,11,1,5
BRDA:72,11,2,5
BRDA:76,12,0,17
BRDA:76,12,1,5
BRDA:79,13,0,2
BRDA:79,13,1,3
BRDA:88,14,0,0
BRDA:88,14,1,2
BRDA:88,15,0,2
BRDA:88,15,1,2
BRDA:90,16,0,2
BRDA:90,16,1,0
BRDA:95,17,0,0
BRDA:95,17,1,2
BRDA:104,18,0,22
BRDA:105,19,0,0
BRDA:105,19,1,37
BRDA:105,20,0,37
BRDA:105,20,1,37
BRDA:107,21,0,0
BRDA:107,21,1,37
BRDA:110,22,0,15
BRDA:110,22,1,22
BRDA:130,23,0,1
BRDA:130,23,1,9
BRDA:130,24,0,10
BRDA:130,24,1,9
BRDA:130,24,2,9
BRDA:130,24,3,9
BRDA:130,24,4,9
BRDA:136,25,0,1
BRDA:136,25,1,8
BRDA:147,26,0,0
BRDA:147,26,1,8
BRDA:151,27,0,0
BRDA:151,27,1,8
BRDA:151,28,0,8
BRDA:151,28,1,0
BRDA:165,29,0,0
BRDA:165,29,1,8
BRDA:168,30,0,3
BRDA:168,30,1,1
BRDA:168,30,2,2
BRDA:168,30,3,0
BRDA:168,30,4,1
BRDA:168,30,5,1
BRDA:188,31,0,0
BRDA:188,31,1,2
BRDA:213,32,0,6
BRDA:213,32,1,0
BRDA:214,33,0,6
BRDA:214,33,1,2
BRDA:242,34,0,2
BRDA:242,34,1,15
BRDA:242,35,0,17
BRDA:242,35,1,15
BRDA:248,36,0,11
BRDA:248,36,1,3
BRDA:248,37,0,14
BRDA:248,37,1,13
BRDA:250,38,0,1
BRDA:250,38,1,10
BRDA:258,39,0,1
BRDA:258,39,1,9
BRDA:258,40,0,10
BRDA:258,40,1,1
BRDA:265,41,0,1
BRDA:265,41,1,8
BRDA:269,42,0,0
BRDA:269,42,1,8
BRDA:269,43,0,8
BRDA:269,43,1,1
BRDA:284,44,0,8
BRDA:284,44,1,1
BRDA:304,45,0,1
BRDA:304,45,1,0
BRDA:304,46,0,1
BRDA:304,46,1,1
BRDA:305,47,0,1
BRDA:305,47,1,0
BRDA:305,47,2,0
BRDA:305,47,3,0
BRDA:319,48,0,4
BRDA:319,48,1,0
BRDA:321,49,0,1
BRDA:321,49,1,3
BRDA:335,50,0,1
BRDA:335,50,1,1
BRDA:340,51,0,0
BRDA:340,51,1,2
BRDA:347,52,0,1
BRDA:347,52,1,1
BRDA:348,53,0,1
BRDA:348,53,1,0
BRDA:349,54,0,1
BRDA:349,54,1,0
BRDA:350,55,0,1
BRDA:350,55,1,0
BRDA:355,56,0,0
BRDA:355,56,1,1
BRDA:355,57,0,1
BRDA:355,57,1,0
BRDA:357,58,0,0
BRDA:357,58,1,0
BRDA:358,59,0,0
BRDA:358,59,1,0
BRDA:361,60,0,0
BRDA:361,60,1,1
BRDA:362,61,0,0
BRDA:362,61,1,1
BRDA:374,62,0,1
BRDA:374,62,1,0
BRDA:379,63,0,0
BRDA:379,63,1,2
BRDA:379,64,0,2
BRDA:379,64,1,0
BRDA:387,65,0,0
BRDA:387,65,1,2
BRDA:403,66,0,2
BRDA:403,66,1,0
BRDA:418,67,0,6
BRDA:418,67,1,0
BRDA:420,68,0,2
BRDA:420,68,1,4
BRDA:424,69,0,0
BRDA:424,69,1,4
BRDA:429,70,0,2
BRDA:429,70,1,2
BRDA:448,71,0,5
BRDA:448,71,1,0
BRDA:450,72,0,1
BRDA:450,72,1,4
BRDA:454,73,0,1
BRDA:454,73,1,3
BRDA:454,74,0,4
BRDA:454,74,1,3
BRDA:454,74,2,3
BRDA:454,74,3,3
BRDA:459,75,0,1
BRDA:459,75,1,2
BRDA:470,76,0,2
BRDA:470,76,1,1
BRDA:482,77,0,2
BRDA:482,77,1,1
BRDA:498,78,0,2
BRDA:498,78,1,0
BRDA:498,79,0,2
BRDA:498,79,1,0
BRDA:498,80,0,2
BRDA:498,80,1,0
BRDA:537,81,0,1
BRDA:537,81,1,2
BRDA:537,82,0,3
BRDA:537,82,1,2
BRDA:549,83,0,1
BRDA:549,83,1,2
BRDA:549,84,0,3
BRDA:549,84,1,2
BRDA:564,85,0,0
BRDA:564,85,1,0
BRDA:564,86,0,0
BRDA:564,86,1,0
BRDA:564,86,2,0
BRDA:569,87,0,0
BRDA:569,87,1,0
BRDA:570,88,0,0
BRDA:570,88,1,0
BRDA:571,89,0,0
BRDA:571,89,1,0
BRDA:576,90,0,0
BRDA:576,90,1,0
BRDA:578,91,0,0
BRDA:578,91,1,0
BRDA:597,92,0,1
BRDA:597,92,1,4
BRDA:597,93,0,5
BRDA:597,93,1,4
BRDA:602,94,0,1
BRDA:602,94,1,3
BRDA:608,95,0,2
BRDA:608,95,1,1
BRDA:613,96,0,0
BRDA:613,96,1,1
BRDA:615,97,0,0
BRDA:615,97,1,1
BRDA:629,98,0,1
BRDA:629,98,1,1
BRDA:630,99,0,1
BRDA:630,99,1,1
BRDA:641,100,0,1
BRDA:641,100,1,0
BRDA:655,101,0,1
BRDA:655,101,1,0
BRDA:671,102,0,1
BRDA:671,102,1,1
BRDA:671,103,0,2
BRDA:671,103,1,1
BRDA:682,104,0,1
BRDA:682,104,1,0
BRDA:682,105,0,1
BRDA:682,105,1,0
BRDA:691,106,0,0
BRDA:691,106,1,0
BRDA:717,107,0,4
BRDA:717,107,1,0
BRDA:718,108,0,1
BRDA:718,108,1,3
BRDA:723,109,0,2
BRDA:723,109,1,1
BRDA:723,110,0,3
BRDA:723,110,1,2
BRDA:723,110,2,1
BRDA:727,111,0,1
BRDA:727,111,1,0
BRDA:727,112,0,1
BRDA:727,112,1,0
BRDA:727,113,0,1
BRDA:727,113,1,0
BRDA:749,114,0,1
BRDA:749,114,1,1
BRDA:749,115,0,2
BRDA:749,115,1,2
BRDA:749,115,2,1
BRDA:759,116,0,1
BRDA:759,116,1,0
BRDA:759,117,0,1
BRDA:759,117,1,0
BRDA:759,118,0,1
BRDA:759,118,1,0
BRDA:794,119,0,1
BRDA:794,119,1,1
BRDA:794,120,0,2
BRDA:794,120,1,2
BRDA:794,120,2,1
BRDA:798,121,0,1
BRDA:798,121,1,0
BRDA:799,122,0,1
BRDA:799,122,1,0
BRDA:804,123,0,1
BRDA:804,123,1,0
BRDA:804,124,0,1
BRDA:804,124,1,0
BRDA:804,125,0,1
BRDA:804,125,1,0
BRDA:843,126,0,1
BRDA:843,126,1,3
BRDA:843,127,0,4
BRDA:843,127,1,4
BRDA:852,128,0,1
BRDA:852,128,1,2
BRDA:860,129,0,0
BRDA:860,129,1,2
BRDA:860,130,0,2
BRDA:860,130,1,2
BRDA:867,131,0,2
BRDA:867,131,1,0
BRDA:873,132,0,1
BRDA:873,132,1,1
BRDA:873,133,0,2
BRDA:873,133,1,2
BRDA:877,134,0,0
BRDA:877,134,1,1
BRDA:907,135,0,2
BRDA:907,135,1,2
BRDA:907,135,2,1
BRDA:922,136,0,1
BRDA:922,136,1,1
BRDA:922,137,0,2
BRDA:922,137,1,2
BRDA:990,138,0,0
BRDA:990,138,1,15
BRDA:990,139,0,15
BRDA:990,139,1,0
BRDA:990,139,2,0
BRDA:995,140,0,0
BRDA:995,140,1,0
BRDA:1000,141,0,4
BRDA:1000,141,1,11
BRDA:1000,142,0,15
BRDA:1000,142,1,4
BRDA:1000,142,2,4
BRDA:1000,142,3,4
BRDA:1013,143,0,2
BRDA:1013,143,1,2
BRDA:1018,144,0,2
BRDA:1018,144,1,2
BRDA:1021,145,0,0
BRDA:1021,145,1,2
BRDA:1034,146,0,8
BRDA:1034,146,1,8
BRDA:1039,147,0,8
BRDA:1039,147,1,8
BRDA:1042,148,0,0
BRDA:1042,148,1,8
BRDA:1055,149,0,1
BRDA:1055,149,1,1
BRDA:1060,150,0,1
BRDA:1060,150,1,1
BRDA:1063,151,0,1
BRDA:1063,151,1,0
BRDA:1077,152,0,0
BRDA:1077,152,1,3
BRDA:1077,153,0,3
BRDA:1077,153,1,3
BRDA:1079,154,0,0
BRDA:1079,154,1,3
BRDA:1081,155,0,3
BRDA:1081,155,1,0
BRDA:1083,156,0,0
BRDA:1083,156,1,0
BRDA:1102,157,0,1
BRDA:1102,157,1,2
BRDA:1105,158,0,0
BRDA:1105,158,1,2
BRDA:1109,159,0,1
BRDA:1109,159,1,1
BRDA:1129,160,0,1
BRDA:1129,160,1,0
BRDA:1132,161,0,1
BRDA:1132,161,1,0
BRDA:1149,162,0,1
BRDA:1149,162,1,1
BRDA:1158,163,0,1
BRDA:1158,163,1,0
BRDA:1158,164,0,1
BRDA:1158,164,1,0
BRDA:1183,165,0,3
BRDA:1183,165,1,0
BRDA:1187,166,0,1
BRDA:1187,166,1,2
BRDA:1202,167,0,2
BRDA:1202,167,1,0
BRDA:1205,168,0,2
BRDA:1205,168,1,0
BRDA:1222,169,0,1
BRDA:1222,169,1,2
BRDA:1222,170,0,3
BRDA:1222,170,1,3
BRDA:1222,170,2,3
BRDA:1222,170,3,2
BRDA:1228,171,0,2
BRDA:1228,171,1,0
BRDA:1235,172,0,1
BRDA:1235,172,1,1
BRDA:1257,173,0,1
BRDA:1257,173,1,2
BRDA:1259,174,0,1
BRDA:1259,174,1,1
BRDA:1277,175,0,1
BRDA:1277,175,1,2
BRDA:1287,176,0,2
BRDA:1287,176,1,1
BRDA:1310,177,0,1
BRDA:1310,177,1,2
BRDA:1338,178,0,1
BRDA:1338,178,1,1
BRDA:1359,179,0,5
BRDA:1359,179,1,0
BRDA:1360,180,0,1
BRDA:1360,180,1,4
BRDA:1360,181,0,5
BRDA:1360,181,1,4
BRDA:1364,182,0,1
BRDA:1364,182,1,3
BRDA:1369,183,0,0
BRDA:1369,183,1,3
BRDA:1372,184,0,1
BRDA:1372,184,1,2
BRDA:1379,185,0,1
BRDA:1379,185,1,1
BRDA:1379,186,0,2
BRDA:1379,186,1,1
BRDA:1380,187,0,1
BRDA:1380,187,1,0
BRDA:1380,188,0,1
BRDA:1380,188,1,0
BRDA:1380,189,0,1
BRDA:1380,189,1,0
BRDA:1403,190,0,0
BRDA:1403,190,1,1
BRDA:1425,191,0,1
BRDA:1425,191,1,0
BRDA:1426,192,0,1
BRDA:1426,192,1,0
BRDA:1427,193,0,0
BRDA:1427,193,1,1
BRDA:1428,194,0,1
BRDA:1428,194,1,0
BRDA:1428,195,0,1
BRDA:1428,195,1,0
BRDA:1431,196,0,1
BRDA:1431,196,1,0
BRDA:1432,197,0,1
BRDA:1432,197,1,0
BRDA:1433,198,0,1
BRDA:1433,198,1,0
BRDA:1434,199,0,0
BRDA:1434,199,1,1
BRDA:1435,200,0,0
BRDA:1435,200,1,1
BRDA:1436,201,0,1
BRDA:1436,201,1,0
BRDA:1437,202,0,0
BRDA:1437,202,1,1
BRDA:1438,203,0,0
BRDA:1438,203,1,1
BRDA:1439,204,0,0
BRDA:1439,204,1,1
BRDA:1440,205,0,0
BRDA:1440,205,1,1
BRDA:1441,206,0,0
BRDA:1441,206,1,1
BRDA:1442,207,0,1
BRDA:1442,207,1,0
BRDA:1443,208,0,1
BRDA:1443,208,1,0
BRDA:1467,209,0,1
BRDA:1467,209,1,0
BRDA:1468,210,0,1
BRDA:1468,210,1,0
BRDA:1481,211,0,1
BRDA:1481,211,1,3
BRDA:1497,212,0,0
BRDA:1497,212,1,3
BRDA:1502,213,0,1
BRDA:1502,213,1,2
BRDA:1517,214,0,2
BRDA:1517,214,1,1
BRDA:1524,215,0,1
BRDA:1524,215,1,1
BRDA:1525,216,0,1
BRDA:1525,216,1,1
BRDA:1526,217,0,1
BRDA:1526,217,1,1
BRDA:1540,218,0,2
BRDA:1540,218,1,2
BRDA:1561,219,0,0
BRDA:1561,219,1,2
BRDA:1567,220,0,1
BRDA:1567,220,1,1
BRDA:1573,221,0,1
BRDA:1573,221,1,0
BRDA:1590,222,0,1
BRDA:1590,222,1,0
BRDA:1591,223,0,1
BRDA:1591,223,1,1
BRDA:1592,224,0,1
BRDA:1592,224,1,1
BRDA:1606,225,0,1
BRDA:1606,225,1,1
BRDA:1644,226,0,1
BRDA:1644,226,1,4
BRDA:1649,227,0,1
BRDA:1649,227,1,3
BRDA:1650,228,0,1
BRDA:1650,228,1,2
BRDA:1650,229,0,3
BRDA:1650,229,1,1
BRDA:1653,230,0,2
BRDA:1653,230,1,0
BRDA:1653,231,0,2
BRDA:1653,231,1,0
BRDA:1653,232,0,2
BRDA:1653,232,1,0
BRDA:1682,233,0,0
BRDA:1682,233,1,3
BRDA:1687,234,0,1
BRDA:1687,234,1,2
BRDA:1688,235,0,0
BRDA:1688,235,1,2
BRDA:1688,236,0,2
BRDA:1688,236,1,0
BRDA:1691,237,0,2
BRDA:1691,237,1,0
BRDA:1691,238,0,2
BRDA:1691,238,1,0
BRDA:1691,239,0,2
BRDA:1691,239,1,0
BRDA:1720,240,0,1
BRDA:1720,240,1,4
BRDA:1725,241,0,1
BRDA:1725,241,1,3
BRDA:1726,242,0,1
BRDA:1726,242,1,2
BRDA:1726,243,0,3
BRDA:1726,243,1,1
BRDA:1729,244,0,2
BRDA:1729,244,1,0
BRDA:1729,245,0,2
BRDA:1729,245,1,0
BRDA:1729,246,0,2
BRDA:1729,246,1,0
BRF:515
BRH:366
end_of_record
TN:
SF:controllers\calendarController.js
FN:7,(anonymous_0)
FN:20,(anonymous_1)
FN:40,(anonymous_2)
FN:82,(anonymous_3)
FN:140,(anonymous_4)
FNF:5
FNH:0
FNDA:0,(anonymous_0)
FNDA:0,(anonymous_1)
FNDA:0,(anonymous_2)
FNDA:0,(anonymous_3)
FNDA:0,(anonymous_4)
DA:1,4
DA:2,4
DA:7,4
DA:8,0
DA:9,0
DA:10,0
DA:12,0
DA:13,0
DA:20,4
DA:21,0
DA:22,0
DA:23,0
DA:24,0
DA:26,0
DA:30,0
DA:32,0
DA:33,0
DA:40,4
DA:41,0
DA:42,0
DA:44,0
DA:45,0
DA:48,0
DA:49,0
DA:50,0
DA:51,0
DA:53,0
DA:54,0
DA:57,0
DA:58,0
DA:60,0
DA:72,0
DA:74,0
DA:75,0
DA:82,4
DA:83,0
DA:84,0
DA:85,0
DA:86,0
DA:89,0
DA:90,0
DA:91,0
DA:92,0
DA:96,0
DA:97,0
DA:100,0
DA:102,0
DA:103,0
DA:104,0
DA:105,0
DA:106,0
DA:110,0
DA:111,0
DA:113,0
DA:115,0
DA:130,0
DA:132,0
DA:133,0
DA:140,4
DA:141,0
DA:142,0
DA:143,0
DA:144,0
DA:147,0
DA:148,0
DA:149,0
DA:150,0
DA:152,0
DA:153,0
DA:156,0
DA:157,0
DA:159,0
DA:160,0
DA:164,4
LF:74
LH:8
BRDA:23,0,0,0
BRDA:23,0,1,0
BRDA:44,1,0,0
BRDA:44,1,1,0
BRDA:44,2,0,0
BRDA:44,2,1,0
BRDA:44,2,2,0
BRDA:44,2,3,0
BRDA:50,3,0,0
BRDA:50,3,1,0
BRDA:50,4,0,0
BRDA:50,4,1,0
BRDA:53,5,0,0
BRDA:53,5,1,0
BRDA:58,6,0,0
BRDA:58,6,1,0
BRDA:66,7,0,0
BRDA:66,7,1,0
BRDA:67,8,0,0
BRDA:67,8,1,0
BRDA:68,9,0,0
BRDA:68,9,1,0
BRDA:85,10,0,0
BRDA:85,10,1,0
BRDA:90,11,0,0
BRDA:90,11,1,0
BRDA:91,12,0,0
BRDA:91,12,1,0
BRDA:96,13,0,0
BRDA:96,13,1,0
BRDA:102,14,0,0
BRDA:102,14,1,0
BRDA:102,15,0,0
BRDA:102,15,1,0
BRDA:105,16,0,0
BRDA:105,16,1,0
BRDA:111,17,0,0
BRDA:111,17,1,0
BRDA:113,18,0,0
BRDA:113,18,1,0
BRDA:118,19,0,0
BRDA:118,19,1,0
BRDA:119,20,0,0
BRDA:119,20,1,0
BRDA:120,21,0,0
BRDA:120,21,1,0
BRDA:121,22,0,0
BRDA:121,22,1,0
BRDA:122,23,0,0
BRDA:122,23,1,0
BRDA:123,24,0,0
BRDA:123,24,1,0
BRDA:124,25,0,0
BRDA:124,25,1,0
BRDA:143,26,0,0
BRDA:143,26,1,0
BRDA:148,27,0,0
BRDA:148,27,1,0
BRDA:149,28,0,0
BRDA:149,28,1,0
BRDA:152,29,0,0
BRDA:152,29,1,0
BRF:62
BRH:0
end_of_record
TN:
SF:controllers\contractController.js
FN:15,fillTemplate
FN:16,(anonymous_1)
FN:24,getActiveTemplate
FN:35,createContractNotification
FN:54,(anonymous_4)
FN:164,(anonymous_5)
FN:240,(anonymous_6)
FN:317,(anonymous_7)
FN:386,(anonymous_8)
FN:422,(anonymous_9)
FN:458,(anonymous_10)
FN:481,(anonymous_11)
FN:494,(anonymous_12)
FNF:13
FNH:0
FNDA:0,fillTemplate
FNDA:0,(anonymous_1)
FNDA:0,getActiveTemplate
FNDA:0,createContractNotification
FNDA:0,(anonymous_4)
FNDA:0,(anonymous_5)
FNDA:0,(anonymous_6)
FNDA:0,(anonymous_7)
FNDA:0,(anonymous_8)
FNDA:0,(anonymous_9)
FNDA:0,(anonymous_10)
FNDA:0,(anonymous_11)
FNDA:0,(anonymous_12)
DA:1,4
DA:2,4
DA:3,4
DA:4,4
DA:5,4
DA:6,4
DA:7,4
DA:8,4
DA:16,0
DA:17,0
DA:25,0
DA:26,0
DA:27,0
DA:29,0
DA:36,0
DA:37,0
DA:47,0
DA:54,4
DA:55,0
DA:56,0
DA:58,0
DA:59,0
DA:62,0
DA:66,0
DA:67,0
DA:70,0
DA:72,0
DA:75,0
DA:76,0
DA:79,0
DA:80,0
DA:86,0
DA:88,0
DA:93,0
DA:98,0
DA:99,0
DA:102,0
DA:106,0
DA:110,0
DA:111,0
DA:112,0
DA:113,0
DA:115,0
DA:129,0
DA:132,0
DA:141,0
DA:149,0
DA:154,0
DA:156,0
DA:157,0
DA:164,4
DA:165,0
DA:166,0
DA:167,0
DA:169,0
DA:170,0
DA:173,0
DA:178,0
DA:181,0
DA:182,0
DA:185,0
DA:186,0
DA:187,0
DA:191,0
DA:192,0
DA:199,0
DA:202,0
DA:203,0
DA:204,0
DA:206,0
DA:211,0
DA:212,0
DA:213,0
DA:214,0
DA:217,0
DA:225,0
DA:230,0
DA:232,0
DA:233,0
DA:240,4
DA:241,0
DA:242,0
DA:243,0
DA:245,0
DA:246,0
DA:249,0
DA:254,0
DA:257,0
DA:258,0
DA:261,0
DA:262,0
DA:263,0
DA:267,0
DA:268,0
DA:272,0
DA:273,0
DA:279,0
DA:280,0
DA:285,0
DA:286,0
DA:287,0
DA:288,0
DA:291,0
DA:294,0
DA:303,0
DA:311,0
DA:317,0
DA:318,0
DA:319,0
DA:320,0
DA:322,0
DA:326,0
DA:328,0
DA:329,0
DA:330,0
DA:331,0
DA:333,0
DA:334,0
DA:338,0
DA:353,0
DA:355,0
DA:356,0
DA:368,0
DA:371,0
DA:376,0
DA:378,0
DA:379,0
DA:386,4
DA:387,0
DA:388,0
DA:390,0
DA:391,0
DA:394,0
DA:399,0
DA:400,0
DA:403,0
DA:405,0
DA:408,0
DA:409,0
DA:412,0
DA:414,0
DA:415,0
DA:422,4
DA:423,0
DA:424,0
DA:426,0
DA:427,0
DA:430,0
DA:435,0
DA:436,0
DA:439,0
DA:441,0
DA:444,0
DA:445,0
DA:448,0
DA:450,0
DA:451,0
DA:458,4
DA:459,0
DA:460,0
DA:461,0
DA:465,0
DA:471,0
DA:473,0
DA:474,0
DA:481,4
DA:482,0
DA:483,0
DA:484,0
DA:486,0
DA:487,0
DA:494,4
DA:495,0
DA:496,0
DA:497,0
DA:500,0
DA:501,0
DA:502,0
DA:505,0
DA:506,0
DA:507,0
DA:510,0
DA:511,0
DA:512,0
DA:514,0
DA:516,0
DA:517,0
DA:521,4
LF:188
LH:17
BRDA:17,0,0,0
BRDA:17,0,1,0
BRDA:26,1,0,0
BRDA:26,1,1,0
BRDA:58,2,0,0
BRDA:58,2,1,0
BRDA:66,3,0,0
BRDA:66,3,1,0
BRDA:72,4,0,0
BRDA:72,4,1,0
BRDA:75,5,0,0
BRDA:75,5,1,0
BRDA:79,6,0,0
BRDA:79,6,1,0
BRDA:88,7,0,0
BRDA:88,7,1,0
BRDA:93,8,0,0
BRDA:93,8,1,0
BRDA:94,9,0,0
BRDA:94,9,1,0
BRDA:94,9,2,0
BRDA:113,10,0,0
BRDA:113,10,1,0
BRDA:169,11,0,0
BRDA:169,11,1,0
BRDA:173,12,0,0
BRDA:173,12,1,0
BRDA:174,13,0,0
BRDA:174,13,1,0
BRDA:174,13,2,0
BRDA:181,14,0,0
BRDA:181,14,1,0
BRDA:186,15,0,0
BRDA:186,15,1,0
BRDA:191,16,0,0
BRDA:191,16,1,0
BRDA:199,17,0,0
BRDA:199,17,1,0
BRDA:199,17,2,0
BRDA:202,18,0,0
BRDA:202,18,1,0
BRDA:203,19,0,0
BRDA:203,19,1,0
BRDA:245,20,0,0
BRDA:245,20,1,0
BRDA:249,21,0,0
BRDA:249,21,1,0
BRDA:250,22,0,0
BRDA:250,22,1,0
BRDA:250,22,2,0
BRDA:257,23,0,0
BRDA:257,23,1,0
BRDA:262,24,0,0
BRDA:262,24,1,0
BRDA:267,25,0,0
BRDA:267,25,1,0
BRDA:272,26,0,0
BRDA:272,26,1,0
BRDA:279,27,0,0
BRDA:279,27,1,0
BRDA:279,28,0,0
BRDA:279,28,1,0
BRDA:320,29,0,0
BRDA:320,29,1,0
BRDA:326,30,0,0
BRDA:326,30,1,0
BRDA:328,31,0,0
BRDA:328,31,1,0
BRDA:334,32,0,0
BRDA:334,32,1,0
BRDA:390,33,0,0
BRDA:390,33,1,0
BRDA:399,34,0,0
BRDA:399,34,1,0
BRDA:405,35,0,0
BRDA:405,35,1,0
BRDA:408,36,0,0
BRDA:408,36,1,0
BRDA:426,37,0,0
BRDA:426,37,1,0
BRDA:435,38,0,0
BRDA:435,38,1,0
BRDA:441,39,0,0
BRDA:441,39,1,0
BRDA:444,40,0,0
BRDA:444,40,1,0
BRDA:461,41,0,0
BRDA:461,41,1,0
BRDA:496,42,0,0
BRDA:496,42,1,0
BRDA:501,43,0,0
BRDA:501,43,1,0
BRDA:501,44,0,0
BRDA:501,44,1,0
BRDA:501,44,2,0
BRDA:506,45,0,0
BRDA:506,45,1,0
BRDA:511,46,0,0
BRDA:511,46,1,0
BRF:99
BRH:0
end_of_record
TN:
SF:controllers\conversationController.js
FN:6,(anonymous_0)
FN:21,(anonymous_1)
FN:36,(anonymous_2)
FN:48,(anonymous_3)
FN:49,(anonymous_4)
FN:50,(anonymous_5)
FN:52,(anonymous_6)
FN:71,(anonymous_7)
FN:78,(anonymous_8)
FN:82,(anonymous_9)
FN:94,(anonymous_10)
FN:101,(anonymous_11)
FN:105,(anonymous_12)
FN:117,(anonymous_13)
FN:124,(anonymous_14)
FN:128,(anonymous_15)
FN:138,(anonymous_16)
FN:144,(anonymous_17)
FN:148,(anonymous_18)
FN:149,(anonymous_19)
FN:151,(anonymous_20)
FNF:21
FNH:5
FNDA:2,(anonymous_0)
FNDA:1,(anonymous_1)
FNDA:1,(anonymous_2)
FNDA:0,(anonymous_3)
FNDA:0,(anonymous_4)
FNDA:0,(anonymous_5)
FNDA:0,(anonymous_6)
FNDA:2,(anonymous_7)
FNDA:1,(anonymous_8)
FNDA:0,(anonymous_9)
FNDA:0,(anonymous_10)
FNDA:0,(anonymous_11)
FNDA:0,(anonymous_12)
FNDA:0,(anonymous_13)
FNDA:0,(anonymous_14)
FNDA:0,(anonymous_15)
FNDA:0,(anonymous_16)
FNDA:0,(anonymous_17)
FNDA:0,(anonymous_18)
FNDA:0,(anonymous_19)
FNDA:0,(anonymous_20)
DA:1,5
DA:2,5
DA:3,5
DA:6,5
DA:7,2
DA:8,2
DA:9,2
DA:11,2
DA:14,1
DA:16,1
DA:17,0
DA:18,0
DA:21,1
DA:22,1
DA:26,1
DA:28,1
DA:30,0
DA:31,0
DA:36,5
DA:37,1
DA:38,1
DA:40,1
DA:47,0
DA:49,0
DA:50,0
DA:51,0
DA:52,0
DA:54,0
DA:60,0
DA:64,0
DA:66,1
DA:67,1
DA:71,5
DA:72,2
DA:73,2
DA:74,2
DA:76,2
DA:77,2
DA:78,1
DA:79,1
DA:82,0
DA:83,0
DA:84,0
DA:87,0
DA:89,0
DA:90,0
DA:94,5
DA:95,0
DA:96,0
DA:97,0
DA:99,0
DA:100,0
DA:101,0
DA:102,0
DA:105,0
DA:106,0
DA:107,0
DA:110,0
DA:112,0
DA:113,0
DA:117,5
DA:118,0
DA:119,0
DA:120,0
DA:122,0
DA:123,0
DA:124,0
DA:125,0
DA:128,0
DA:129,0
DA:131,0
DA:133,0
DA:134,0
DA:138,5
DA:139,0
DA:140,0
DA:141,0
DA:142,0
DA:143,0
DA:144,0
DA:145,0
DA:148,0
DA:149,0
DA:150,0
DA:151,0
DA:154,0
DA:168,0
DA:169,0
LF:88
LH:31
BRDA:11,0,0,1
BRDA:11,0,1,1
BRDA:16,1,0,0
BRDA:16,1,1,1
BRDA:21,2,0,1
BRDA:21,2,1,0
BRDA:49,3,0,0
BRDA:49,3,1,0
BRDA:49,4,0,0
BRDA:49,4,1,0
BRDA:50,5,0,0
BRDA:50,5,1,0
BRDA:51,6,0,0
BRDA:51,6,1,0
BRDA:52,7,0,0
BRDA:52,7,1,0
BRDA:52,8,0,0
BRDA:52,8,1,0
BRDA:77,9,0,1
BRDA:77,9,1,1
BRDA:78,10,0,1
BRDA:78,10,1,0
BRDA:82,11,0,0
BRDA:82,11,1,0
BRDA:100,12,0,0
BRDA:100,12,1,0
BRDA:101,13,0,0
BRDA:101,13,1,0
BRDA:105,14,0,0
BRDA:105,14,1,0
BRDA:123,15,0,0
BRDA:123,15,1,0
BRDA:124,16,0,0
BRDA:124,16,1,0
BRDA:128,17,0,0
BRDA:128,17,1,0
BRDA:143,18,0,0
BRDA:143,18,1,0
BRDA:144,19,0,0
BRDA:144,19,1,0
BRDA:144,20,0,0
BRDA:144,20,1,0
BRDA:148,21,0,0
BRDA:148,21,1,0
BRDA:148,22,0,0
BRDA:148,22,1,0
BRDA:149,23,0,0
BRDA:149,23,1,0
BRDA:150,24,0,0
BRDA:150,24,1,0
BRDA:151,25,0,0
BRDA:151,25,1,0
BRDA:151,26,0,0
BRDA:151,26,1,0
BRDA:155,27,0,0
BRDA:155,27,1,0
BRDA:158,28,0,0
BRDA:158,28,1,0
BRF:58
BRH:7
end_of_record
TN:
SF:controllers\expertController.js
FN:3,(anonymous_0)
FN:13,(anonymous_1)
FN:33,(anonymous_2)
FN:44,(anonymous_3)
FNF:4
FNH:3
FNDA:0,(anonymous_0)
FNDA:3,(anonymous_1)
FNDA:2,(anonymous_2)
FNDA:8,(anonymous_3)
DA:1,5
DA:3,5
DA:4,0
DA:5,0
DA:6,0
DA:7,0
DA:10,0
DA:13,5
DA:14,3
DA:15,3
DA:16,1
DA:19,2
DA:20,2
DA:21,2
DA:23,2
DA:24,1
DA:27,1
DA:29,0
DA:33,5
DA:34,2
DA:35,2
DA:36,0
DA:39,2
DA:41,2
DA:43,2
DA:44,2
DA:45,8
DA:46,3
DA:50,2
DA:51,2
DA:53,2
DA:59,1
DA:60,0
DA:63,1
DA:65,1
DA:68,1
DA:69,1
LF:37
LH:29
BRDA:6,0,0,0
BRDA:6,0,1,0
BRDA:15,1,0,1
BRDA:15,1,1,2
BRDA:23,2,0,1
BRDA:23,2,1,1
BRDA:35,3,0,0
BRDA:35,3,1,2
BRDA:45,4,0,3
BRDA:45,4,1,5
BRDA:59,5,0,0
BRDA:59,5,1,1
BRF:12
BRH:8
end_of_record
TN:
SF:controllers\invoiceController.js
FN:9,(anonymous_0)
FN:21,(anonymous_1)
FN:27,(anonymous_2)
FN:29,(anonymous_3)
FN:69,(anonymous_4)
FN:88,(anonymous_5)
FN:95,(anonymous_6)
FN:104,(anonymous_7)
FN:107,(anonymous_8)
FN:114,(anonymous_9)
FN:117,(anonymous_10)
FN:136,(anonymous_11)
FN:137,(anonymous_12)
FN:154,(anonymous_13)
FN:218,(anonymous_14)
FN:225,(anonymous_15)
FN:235,(anonymous_16)
FN:250,(anonymous_17)
FN:348,(anonymous_18)
FN:387,(anonymous_19)
FN:402,(anonymous_20)
FN:659,(anonymous_21)
FN:693,(anonymous_22)
FN:767,(anonymous_23)
FN:792,(anonymous_24)
FN:879,(anonymous_25)
FN:973,(anonymous_26)
FNF:27
FNH:17
FNDA:8,(anonymous_0)
FNDA:1,(anonymous_1)
FNDA:69,(anonymous_2)
FNDA:31,(anonymous_3)
FNDA:0,(anonymous_4)
FNDA:8,(anonymous_5)
FNDA:0,(anonymous_6)
FNDA:0,(anonymous_7)
FNDA:0,(anonymous_8)
FNDA:0,(anonymous_9)
FNDA:0,(anonymous_10)
FNDA:0,(anonymous_11)
FNDA:0,(anonymous_12)
FNDA:5,(anonymous_13)
FNDA:1,(anonymous_14)
FNDA:2,(anonymous_15)
FNDA:2,(anonymous_16)
FNDA:8,(anonymous_17)
FNDA:1,(anonymous_18)
FNDA:0,(anonymous_19)
FNDA:0,(anonymous_20)
FNDA:3,(anonymous_21)
FNDA:7,(anonymous_22)
FNDA:8,(anonymous_23)
FNDA:1,(anonymous_24)
FNDA:11,(anonymous_25)
FNDA:5,(anonymous_26)
DA:1,6
DA:2,6
DA:3,6
DA:4,6
DA:5,6
DA:7,6
DA:9,6
DA:10,8
DA:11,1
DA:12,1
DA:13,0
DA:16,1
DA:17,1
DA:18,1
DA:21,6
DA:22,1
DA:23,1
DA:24,1
DA:27,69
DA:29,6
DA:30,31
DA:31,0
DA:34,31
DA:35,0
DA:38,31
DA:39,31
DA:40,31
DA:42,31
DA:43,31
DA:45,31
DA:46,31
DA:48,31
DA:49,1
DA:52,31
DA:53,0
DA:56,31
DA:60,31
DA:61,2
DA:64,31
DA:65,2
DA:69,6
DA:70,0
DA:71,0
DA:72,0
DA:73,0
DA:74,0
DA:75,0
DA:77,0
DA:88,6
DA:89,8
DA:90,8
DA:95,6
DA:96,0
DA:104,0
DA:107,6
DA:114,6
DA:115,0
DA:118,0
DA:119,0
DA:120,0
DA:121,0
DA:128,0
DA:129,0
DA:134,0
DA:136,0
DA:138,0
DA:139,0
DA:148,0
DA:154,6
DA:155,5
DA:156,5
DA:158,5
DA:159,2
DA:162,3
DA:163,3
DA:166,3
DA:167,3
DA:168,3
DA:170,3
DA:193,3
DA:194,3
DA:196,3
DA:209,3
DA:211,0
DA:212,0
DA:218,6
DA:219,1
DA:220,1
DA:225,2
DA:227,1
DA:229,0
DA:235,6
DA:236,2
DA:237,2
DA:238,2
DA:240,1
DA:241,1
DA:242,1
DA:244,0
DA:250,6
DA:251,8
DA:252,8
DA:253,8
DA:254,1
DA:257,7
DA:258,7
DA:259,1
DA:262,6
DA:263,1
DA:266,5
DA:267,1
DA:270,4
DA:271,4
DA:272,1
DA:275,3
DA:279,3
DA:280,2
DA:281,2
DA:283,1
DA:286,3
DA:287,1
DA:290,2
DA:291,2
DA:292,1
DA:295,1
DA:296,1
DA:297,1
DA:299,1
DA:323,1
DA:324,1
DA:326,1
DA:339,1
DA:341,0
DA:342,0
DA:348,6
DA:350,1
DA:352,1
DA:353,1
DA:355,0
DA:360,1
DA:371,1
DA:372,1
DA:375,0
DA:376,0
DA:379,0
DA:380,0
DA:381,0
DA:382,0
DA:383,0
DA:384,0
DA:385,0
DA:386,0
DA:387,0
DA:388,0
DA:389,0
DA:395,0
DA:396,0
DA:398,0
DA:399,0
DA:400,0
DA:402,0
DA:405,0
DA:406,0
DA:408,0
DA:624,0
DA:625,0
DA:626,0
DA:631,0
DA:637,0
DA:638,0
DA:640,0
DA:646,0
DA:647,0
DA:648,0
DA:650,0
DA:651,0
DA:653,1
DA:659,6
DA:660,3
DA:661,3
DA:662,3
DA:663,1
DA:666,2
DA:667,1
DA:670,1
DA:671,1
DA:673,1
DA:684,1
DA:686,0
DA:687,0
DA:693,6
DA:694,7
DA:695,7
DA:696,7
DA:697,6
DA:698,1
DA:701,5
DA:702,5
DA:703,1
DA:706,4
DA:708,4
DA:709,1
DA:712,3
DA:713,1
DA:716,2
DA:717,1
DA:720,1
DA:721,1
DA:722,0
DA:725,1
DA:726,1
DA:727,1
DA:729,1
DA:753,1
DA:760,0
DA:761,0
DA:767,6
DA:768,8
DA:769,8
DA:770,8
DA:772,7
DA:773,7
DA:774,7
DA:775,1
DA:778,6
DA:779,6
DA:780,6
DA:781,1
DA:784,5
DA:785,5
DA:786,4
DA:787,1
DA:790,3
DA:792,3
DA:793,3
DA:794,1
DA:797,2
DA:798,2
DA:799,2
DA:801,2
DA:802,1
DA:803,1
DA:805,1
DA:806,1
DA:807,1
DA:809,1
DA:823,2
DA:824,1
DA:825,1
DA:828,2
DA:832,2
DA:833,1
DA:835,1
DA:847,1
DA:850,2
DA:852,2
DA:867,2
DA:872,0
DA:873,0
DA:879,6
DA:880,11
DA:881,11
DA:882,10
DA:883,8
DA:884,2
DA:887,6
DA:888,6
DA:889,1
DA:892,5
DA:894,5
DA:895,1
DA:897,4
DA:898,1
DA:900,3
DA:901,0
DA:904,3
DA:905,3
DA:907,3
DA:908,2
DA:909,2
DA:911,2
DA:912,2
DA:913,2
DA:915,2
DA:926,3
DA:927,1
DA:928,1
DA:931,3
DA:935,3
DA:936,1
DA:937,1
DA:947,2
DA:950,3
DA:952,3
DA:961,3
DA:966,1
DA:967,1
DA:973,6
DA:974,5
DA:975,5
DA:976,5
DA:977,5
DA:978,0
DA:981,5
DA:982,5
DA:983,0
DA:986,5
DA:988,5
DA:989,3
DA:990,1
DA:992,2
DA:993,1
DA:995,1
DA:996,1
DA:997,1
DA:998,1
DA:999,1
DA:1002,3
DA:1003,2
DA:1004,1
DA:1006,1
DA:1007,1
DA:1008,1
DA:1009,1
DA:1012,2
DA:1015,2
DA:1017,2
DA:1019,2
DA:1028,2
DA:1033,0
DA:1034,0
DA:1038,6
LF:332
LH:254
BRDA:10,0,0,7
BRDA:10,0,1,1
BRDA:11,1,0,1
BRDA:11,1,1,0
BRDA:12,2,0,0
BRDA:12,2,1,1
BRDA:22,3,0,1
BRDA:22,3,1,0
BRDA:23,4,0,0
BRDA:23,4,1,1
BRDA:27,5,0,69
BRDA:27,5,1,1
BRDA:30,6,0,0
BRDA:30,6,1,31
BRDA:34,7,0,0
BRDA:34,7,1,31
BRDA:42,8,0,31
BRDA:42,8,1,0
BRDA:43,9,0,31
BRDA:43,9,1,0
BRDA:48,10,0,1
BRDA:48,10,1,30
BRDA:52,11,0,0
BRDA:52,11,1,31
BRDA:52,12,0,31
BRDA:52,12,1,2
BRDA:52,13,0,2
BRDA:52,13,1,0
BRDA:53,14,0,0
BRDA:53,14,1,0
BRDA:56,15,0,31
BRDA:56,15,1,0
BRDA:56,16,0,31
BRDA:56,16,1,0
BRDA:57,17,0,31
BRDA:57,17,1,22
BRDA:57,18,0,31
BRDA:57,18,1,0
BRDA:60,19,0,2
BRDA:60,19,1,29
BRDA:64,20,0,2
BRDA:64,20,1,29
BRDA:69,21,0,0
BRDA:90,22,0,5
BRDA:90,22,1,3
BRDA:91,23,0,5
BRDA:91,23,1,0
BRDA:92,24,0,3
BRDA:92,24,1,0
BRDA:104,25,0,0
BRDA:104,25,1,0
BRDA:107,26,0,0
BRDA:107,26,1,0
BRDA:115,27,0,0
BRDA:115,27,1,0
BRDA:118,28,0,0
BRDA:118,28,1,0
BRDA:118,28,2,0
BRDA:118,28,3,0
BRDA:119,29,0,0
BRDA:119,29,1,0
BRDA:120,30,0,0
BRDA:120,30,1,0
BRDA:122,31,0,0
BRDA:122,31,1,0
BRDA:124,32,0,0
BRDA:124,32,1,0
BRDA:134,33,0,0
BRDA:134,33,1,0
BRDA:136,34,0,0
BRDA:136,34,1,0
BRDA:141,35,0,0
BRDA:141,35,1,0
BRDA:141,36,0,0
BRDA:141,36,1,0
BRDA:142,37,0,0
BRDA:142,37,1,0
BRDA:158,38,0,2
BRDA:158,38,1,3
BRDA:158,39,0,5
BRDA:158,39,1,4
BRDA:158,39,2,3
BRDA:158,39,3,3
BRDA:158,39,4,3
BRDA:158,39,5,3
BRDA:162,40,0,3
BRDA:162,40,1,0
BRDA:238,41,0,1
BRDA:238,41,1,1
BRDA:253,42,0,1
BRDA:253,42,1,7
BRDA:258,43,0,1
BRDA:258,43,1,6
BRDA:262,44,0,1
BRDA:262,44,1,5
BRDA:266,45,0,1
BRDA:266,45,1,4
BRDA:271,46,0,1
BRDA:271,46,1,3
BRDA:279,47,0,2
BRDA:279,47,1,1
BRDA:286,48,0,1
BRDA:286,48,1,2
BRDA:291,49,0,1
BRDA:291,49,1,1
BRDA:302,50,0,1
BRDA:302,50,1,0
BRDA:304,51,0,1
BRDA:304,51,1,0
BRDA:306,52,0,1
BRDA:306,52,1,0
BRDA:312,53,0,1
BRDA:312,53,1,0
BRDA:313,54,0,1
BRDA:313,54,1,0
BRDA:371,55,0,1
BRDA:371,55,1,0
BRDA:375,56,0,0
BRDA:375,56,1,0
BRDA:375,57,0,0
BRDA:375,57,1,0
BRDA:375,57,2,0
BRDA:379,58,0,0
BRDA:379,58,1,0
BRDA:380,59,0,0
BRDA:380,59,1,0
BRDA:381,60,0,0
BRDA:381,60,1,0
BRDA:388,61,0,0
BRDA:388,61,1,0
BRDA:388,62,0,0
BRDA:388,62,1,0
BRDA:395,63,0,0
BRDA:395,63,1,0
BRDA:395,64,0,0
BRDA:395,64,1,0
BRDA:395,65,0,0
BRDA:395,65,1,0
BRDA:396,66,0,0
BRDA:396,66,1,0
BRDA:400,67,0,0
BRDA:400,67,1,0
BRDA:405,68,0,0
BRDA:405,68,1,0
BRDA:406,69,0,0
BRDA:406,69,1,0
BRDA:505,70,0,0
BRDA:505,70,1,0
BRDA:529,71,0,0
BRDA:529,71,1,0
BRDA:536,72,0,0
BRDA:536,72,1,0
BRDA:539,73,0,0
BRDA:539,73,1,0
BRDA:555,74,0,0
BRDA:555,74,1,0
BRDA:583,75,0,0
BRDA:583,75,1,0
BRDA:588,76,0,0
BRDA:588,76,1,0
BRDA:589,77,0,0
BRDA:589,77,1,0
BRDA:590,78,0,0
BRDA:590,78,1,0
BRDA:590,79,0,0
BRDA:590,79,1,0
BRDA:593,80,0,0
BRDA:593,80,1,0
BRDA:594,81,0,0
BRDA:594,81,1,0
BRDA:595,82,0,0
BRDA:595,82,1,0
BRDA:595,83,0,0
BRDA:595,83,1,0
BRDA:625,84,0,0
BRDA:625,84,1,0
BRDA:653,85,0,0
BRDA:653,85,1,1
BRDA:662,86,0,1
BRDA:662,86,1,2
BRDA:666,87,0,1
BRDA:666,87,1,1
BRDA:696,88,0,1
BRDA:696,88,1,6
BRDA:697,89,0,1
BRDA:697,89,1,5
BRDA:701,90,0,5
BRDA:701,90,1,0
BRDA:702,91,0,1
BRDA:702,91,1,4
BRDA:708,92,0,1
BRDA:708,92,1,3
BRDA:708,93,0,4
BRDA:708,93,1,2
BRDA:712,94,0,1
BRDA:712,94,1,2
BRDA:712,95,0,3
BRDA:712,95,1,2
BRDA:716,96,0,1
BRDA:716,96,1,1
BRDA:716,97,0,2
BRDA:716,97,1,1
BRDA:721,98,0,0
BRDA:721,98,1,1
BRDA:721,99,0,1
BRDA:721,99,1,1
BRDA:727,100,0,1
BRDA:727,100,1,1
BRDA:737,101,0,1
BRDA:737,101,1,0
BRDA:769,102,0,8
BRDA:769,102,1,1
BRDA:770,103,0,1
BRDA:770,103,1,7
BRDA:774,104,0,1
BRDA:774,104,1,6
BRDA:774,105,0,7
BRDA:774,105,1,7
BRDA:778,106,0,6
BRDA:778,106,1,1
BRDA:779,107,0,6
BRDA:779,107,1,0
BRDA:780,108,0,1
BRDA:780,108,1,5
BRDA:780,109,0,6
BRDA:780,109,1,5
BRDA:785,110,0,1
BRDA:785,110,1,4
BRDA:786,111,0,1
BRDA:786,111,1,3
BRDA:793,112,0,1
BRDA:793,112,1,2
BRDA:799,113,0,2
BRDA:799,113,1,1
BRDA:801,114,0,1
BRDA:801,114,1,1
BRDA:823,115,0,1
BRDA:823,115,1,1
BRDA:828,116,0,2
BRDA:828,116,1,0
BRDA:828,117,0,2
BRDA:828,117,1,0
BRDA:829,118,0,2
BRDA:829,118,1,0
BRDA:829,119,0,2
BRDA:829,119,1,0
BRDA:832,120,0,1
BRDA:832,120,1,1
BRDA:832,121,0,2
BRDA:832,121,1,1
BRDA:854,122,0,1
BRDA:854,122,1,1
BRDA:868,123,0,1
BRDA:868,123,1,1
BRDA:882,124,0,2
BRDA:882,124,1,8
BRDA:883,125,0,2
BRDA:883,125,1,6
BRDA:887,126,0,6
BRDA:887,126,1,0
BRDA:888,127,0,1
BRDA:888,127,1,5
BRDA:894,128,0,1
BRDA:894,128,1,4
BRDA:894,129,0,5
BRDA:894,129,1,3
BRDA:897,130,0,1
BRDA:897,130,1,3
BRDA:897,131,0,4
BRDA:897,131,1,2
BRDA:900,132,0,0
BRDA:900,132,1,3
BRDA:900,133,0,3
BRDA:900,133,1,1
BRDA:905,134,0,3
BRDA:905,134,1,2
BRDA:907,135,0,2
BRDA:907,135,1,1
BRDA:926,136,0,1
BRDA:926,136,1,2
BRDA:931,137,0,3
BRDA:931,137,1,0
BRDA:931,138,0,3
BRDA:931,138,1,0
BRDA:932,139,0,3
BRDA:932,139,1,0
BRDA:932,140,0,3
BRDA:932,140,1,0
BRDA:935,141,0,1
BRDA:935,141,1,2
BRDA:935,142,0,3
BRDA:935,142,1,2
BRDA:954,143,0,2
BRDA:954,143,1,1
BRDA:962,144,0,2
BRDA:962,144,1,1
BRDA:976,145,0,0
BRDA:976,145,1,5
BRDA:977,146,0,0
BRDA:977,146,1,5
BRDA:981,147,0,5
BRDA:981,147,1,0
BRDA:982,148,0,0
BRDA:982,148,1,5
BRDA:988,149,0,3
BRDA:988,149,1,2
BRDA:989,150,0,1
BRDA:989,150,1,2
BRDA:992,151,0,1
BRDA:992,151,1,1
BRDA:996,152,0,1
BRDA:996,152,1,0
BRDA:1002,153,0,2
BRDA:1002,153,1,1
BRDA:1003,154,0,1
BRDA:1003,154,1,1
BRDA:1007,155,0,1
BRDA:1007,155,1,0
BRDA:1012,156,0,2
BRDA:1012,156,1,0
BRDA:1012,157,0,2
BRDA:1012,157,1,0
BRDA:1013,158,0,2
BRDA:1013,158,1,1
BRDA:1013,159,0,2
BRDA:1013,159,1,0
BRDA:1015,160,0,0
BRDA:1015,160,1,2
BRDA:1021,161,0,1
BRDA:1021,161,1,1
BRDA:1029,162,0,1
BRDA:1029,162,1,1
BRF:332
BRH:195
end_of_record
TN:
SF:controllers\knowledgeController.js
FN:4,(anonymous_0)
FN:11,(anonymous_1)
FN:19,(anonymous_2)
FN:28,(anonymous_3)
FN:34,(anonymous_4)
FN:40,(anonymous_5)
FN:56,(anonymous_6)
FN:59,(anonymous_7)
FN:60,(anonymous_8)
FN:62,(anonymous_9)
FN:69,(anonymous_10)
FN:79,(anonymous_11)
FN:85,(anonymous_12)
FN:102,(anonymous_13)
FN:104,(anonymous_14)
FN:107,(anonymous_15)
FN:110,(anonymous_16)
FN:125,(anonymous_17)
FN:143,(anonymous_18)
FN:191,(anonymous_19)
FN:202,(anonymous_20)
FN:208,(anonymous_21)
FN:218,(anonymous_22)
FN:226,(anonymous_23)
FN:235,(anonymous_24)
FN:251,(anonymous_25)
FN:264,(anonymous_26)
FN:265,(anonymous_27)
FN:266,(anonymous_28)
FN:275,(anonymous_29)
FN:278,(anonymous_30)
FN:285,(anonymous_31)
FN:312,(anonymous_32)
FN:319,(anonymous_33)
FN:320,(anonymous_34)
FN:333,(anonymous_35)
FN:354,(anonymous_36)
FN:370,(anonymous_37)
FN:385,(anonymous_38)
FN:413,(anonymous_39)
FN:444,(anonymous_40)
FN:452,(anonymous_41)
FN:469,(anonymous_42)
FN:481,(anonymous_43)
FN:485,(anonymous_44)
FN:503,(anonymous_45)
FNF:46
FNH:11
FNDA:2,(anonymous_0)
FNDA:2,(anonymous_1)
FNDA:1,(anonymous_2)
FNDA:0,(anonymous_3)
FNDA:2,(anonymous_4)
FNDA:0,(anonymous_5)
FNDA:0,(anonymous_6)
FNDA:0,(anonymous_7)
FNDA:0,(anonymous_8)
FNDA:0,(anonymous_9)
FNDA:0,(anonymous_10)
FNDA:0,(anonymous_11)
FNDA:0,(anonymous_12)
FNDA:0,(anonymous_13)
FNDA:0,(anonymous_14)
FNDA:0,(anonymous_15)
FNDA:0,(anonymous_16)
FNDA:0,(anonymous_17)
FNDA:0,(anonymous_18)
FNDA:0,(anonymous_19)
FNDA:0,(anonymous_20)
FNDA:0,(anonymous_21)
FNDA:0,(anonymous_22)
FNDA:0,(anonymous_23)
FNDA:0,(anonymous_24)
FNDA:2,(anonymous_25)
FNDA:0,(anonymous_26)
FNDA:0,(anonymous_27)
FNDA:0,(anonymous_28)
FNDA:2,(anonymous_29)
FNDA:1,(anonymous_30)
FNDA:2,(anonymous_31)
FNDA:0,(anonymous_32)
FNDA:0,(anonymous_33)
FNDA:0,(anonymous_34)
FNDA:0,(anonymous_35)
FNDA:1,(anonymous_36)
FNDA:2,(anonymous_37)
FNDA:0,(anonymous_38)
FNDA:0,(anonymous_39)
FNDA:0,(anonymous_40)
FNDA:0,(anonymous_41)
FNDA:1,(anonymous_42)
FNDA:0,(anonymous_43)
FNDA:0,(anonymous_44)
FNDA:0,(anonymous_45)
DA:1,5
DA:2,5
DA:4,5
DA:5,2
DA:6,2
DA:7,2
DA:8,1
DA:11,5
DA:12,2
DA:13,1
DA:15,1
DA:16,1
DA:19,5
DA:20,1
DA:21,1
DA:22,1
DA:23,1
DA:24,1
DA:25,1
DA:28,0
DA:31,0
DA:34,5
DA:35,2
DA:36,2
DA:37,2
DA:40,5
DA:41,0
DA:49,5
DA:56,5
DA:57,0
DA:59,0
DA:60,0
DA:62,5
DA:63,0
DA:64,0
DA:66,0
DA:67,0
DA:68,0
DA:69,0
DA:73,0
DA:76,0
DA:79,5
DA:80,0
DA:85,5
DA:86,0
DA:87,0
DA:89,0
DA:90,0
DA:92,0
DA:93,0
DA:94,0
DA:95,0
DA:97,0
DA:102,5
DA:103,0
DA:104,0
DA:106,0
DA:107,0
DA:109,0
DA:110,0
DA:113,0
DA:118,0
DA:125,5
DA:143,5
DA:144,0
DA:145,0
DA:147,0
DA:148,0
DA:149,0
DA:151,0
DA:152,0
DA:168,0
DA:169,0
DA:170,0
DA:176,0
DA:183,0
DA:191,5
DA:192,0
DA:193,0
DA:194,0
DA:195,0
DA:196,0
DA:197,0
DA:199,0
DA:200,0
DA:202,0
DA:203,0
DA:204,0
DA:205,0
DA:208,0
DA:209,0
DA:210,0
DA:211,0
DA:212,0
DA:213,0
DA:214,0
DA:215,0
DA:218,0
DA:219,0
DA:220,0
DA:221,0
DA:222,0
DA:223,0
DA:226,0
DA:227,0
DA:228,0
DA:229,0
DA:230,0
DA:231,0
DA:235,0
DA:236,0
DA:237,0
DA:238,0
DA:241,0
DA:242,0
DA:244,0
DA:251,5
DA:264,0
DA:265,0
DA:268,0
DA:269,0
DA:271,0
DA:275,5
DA:276,2
DA:277,2
DA:278,1
DA:280,1
DA:281,1
DA:285,5
DA:286,2
DA:287,2
DA:289,2
DA:290,1
DA:293,1
DA:294,1
DA:297,0
DA:298,0
DA:299,0
DA:308,0
DA:309,0
DA:311,0
DA:313,0
DA:314,0
DA:319,0
DA:321,0
DA:322,0
DA:324,0
DA:325,0
DA:327,0
DA:328,0
DA:330,0
DA:333,0
DA:339,0
DA:349,0
DA:350,0
DA:354,5
DA:355,1
DA:356,1
DA:357,1
DA:358,1
DA:359,1
DA:361,0
DA:362,0
DA:363,0
DA:365,0
DA:366,0
DA:370,5
DA:371,2
DA:372,2
DA:373,1
DA:375,1
DA:376,1
DA:377,0
DA:380,1
DA:384,1
DA:385,1
DA:392,1
DA:394,1
DA:406,1
DA:408,0
DA:409,0
DA:413,5
DA:414,0
DA:415,0
DA:416,0
DA:419,0
DA:420,0
DA:421,0
DA:422,0
DA:425,0
DA:427,0
DA:428,0
DA:431,0
DA:433,0
DA:434,0
DA:435,0
DA:436,0
DA:437,0
DA:438,0
DA:439,0
DA:442,0
DA:443,0
DA:444,0
DA:445,0
DA:446,0
DA:450,0
DA:451,0
DA:452,0
DA:458,0
DA:461,0
DA:462,0
DA:464,0
DA:465,0
DA:469,5
DA:470,1
DA:471,1
DA:472,1
DA:473,1
DA:474,1
DA:476,0
DA:477,0
DA:478,0
DA:481,0
DA:483,0
DA:485,0
DA:486,0
DA:489,0
DA:490,0
DA:493,0
DA:495,0
DA:496,0
DA:498,0
DA:499,0
DA:503,5
DA:504,0
DA:505,0
DA:506,0
DA:508,0
DA:509,0
DA:510,0
DA:511,0
DA:513,0
DA:515,0
DA:516,0
LF:244
LH:73
BRDA:5,0,0,0
BRDA:5,0,1,2
BRDA:6,1,0,0
BRDA:6,1,1,2
BRDA:7,2,0,1
BRDA:7,2,1,1
BRDA:7,3,0,2
BRDA:7,3,1,1
BRDA:12,4,0,1
BRDA:12,4,1,1
BRDA:20,5,0,0
BRDA:20,5,1,1
BRDA:21,6,0,0
BRDA:21,6,1,1
BRDA:22,7,0,1
BRDA:22,7,1,0
BRDA:25,8,0,1
BRDA:25,8,1,0
BRDA:34,9,0,2
BRDA:35,10,0,0
BRDA:35,10,1,2
BRDA:35,11,0,2
BRDA:35,11,1,2
BRDA:37,12,0,2
BRDA:37,12,1,1
BRDA:40,13,0,0
BRDA:41,14,0,0
BRDA:41,14,1,0
BRDA:56,15,0,0
BRDA:60,16,0,0
BRDA:60,16,1,0
BRDA:63,17,0,0
BRDA:63,17,1,0
BRDA:64,18,0,0
BRDA:64,18,1,0
BRDA:67,19,0,0
BRDA:67,19,1,0
BRDA:73,20,0,0
BRDA:73,20,1,0
BRDA:79,21,0,0
BRDA:85,22,0,0
BRDA:87,23,0,0
BRDA:87,23,1,0
BRDA:93,24,0,0
BRDA:93,24,1,0
BRDA:102,25,0,0
BRDA:103,26,0,0
BRDA:103,26,1,0
BRDA:106,27,0,0
BRDA:106,27,1,0
BRDA:109,28,0,0
BRDA:109,28,1,0
BRDA:145,29,0,0
BRDA:145,29,1,0
BRDA:171,30,0,0
BRDA:171,30,1,0
BRDA:177,31,0,0
BRDA:177,31,1,0
BRDA:177,31,2,0
BRDA:196,32,0,0
BRDA:196,32,1,0
BRDA:203,33,0,0
BRDA:203,33,1,0
BRDA:203,34,0,0
BRDA:203,34,1,0
BRDA:210,35,0,0
BRDA:210,35,1,0
BRDA:220,36,0,0
BRDA:220,36,1,0
BRDA:228,37,0,0
BRDA:228,37,1,0
BRDA:229,38,0,0
BRDA:229,38,1,0
BRDA:229,39,0,0
BRDA:229,39,1,0
BRDA:229,39,2,0
BRDA:229,39,3,0
BRDA:242,40,0,0
BRDA:242,40,1,0
BRDA:263,41,0,2
BRDA:263,41,1,0
BRDA:264,42,0,1
BRDA:264,42,1,1
BRDA:264,43,0,1
BRDA:264,43,1,0
BRDA:265,44,0,1
BRDA:265,44,1,1
BRDA:265,45,0,1
BRDA:265,45,1,0
BRDA:266,46,0,2
BRDA:266,46,1,0
BRDA:268,47,0,0
BRDA:268,47,1,0
BRDA:287,48,0,2
BRDA:287,48,1,1
BRDA:287,48,2,1
BRDA:287,48,3,1
BRDA:289,49,0,1
BRDA:289,49,1,1
BRDA:293,50,0,1
BRDA:293,50,1,0
BRDA:293,51,0,1
BRDA:293,51,1,1
BRDA:298,52,0,0
BRDA:298,52,1,0
BRDA:321,53,0,0
BRDA:321,53,1,0
BRDA:321,54,0,0
BRDA:321,54,1,0
BRDA:321,55,0,0
BRDA:321,55,1,0
BRDA:322,56,0,0
BRDA:322,56,1,0
BRDA:322,57,0,0
BRDA:322,57,1,0
BRDA:324,58,0,0
BRDA:324,58,1,0
BRDA:324,59,0,0
BRDA:324,59,1,0
BRDA:324,60,0,0
BRDA:324,60,1,0
BRDA:325,61,0,0
BRDA:325,61,1,0
BRDA:325,62,0,0
BRDA:325,62,1,0
BRDA:327,63,0,0
BRDA:327,63,1,0
BRDA:345,64,0,0
BRDA:345,64,1,0
BRDA:349,65,0,0
BRDA:349,65,1,0
BRDA:350,66,0,0
BRDA:350,66,1,0
BRDA:358,67,0,1
BRDA:358,67,1,0
BRDA:372,68,0,1
BRDA:372,68,1,1
BRDA:375,69,0,1
BRDA:375,69,1,0
BRDA:376,70,0,0
BRDA:376,70,1,1
BRDA:376,71,0,1
BRDA:376,71,1,1
BRDA:376,71,2,1
BRDA:376,71,3,1
BRDA:380,72,0,1
BRDA:380,72,1,1
BRDA:380,73,0,1
BRDA:380,73,1,0
BRDA:381,74,0,1
BRDA:381,74,1,0
BRDA:381,75,0,1
BRDA:381,75,1,0
BRDA:384,76,0,1
BRDA:384,76,1,0
BRDA:387,77,0,0
BRDA:387,77,1,0
BRDA:388,78,0,0
BRDA:388,78,1,0
BRDA:415,79,0,0
BRDA:415,79,1,0
BRDA:421,80,0,0
BRDA:421,80,1,0
BRDA:425,81,0,0
BRDA:425,81,1,0
BRDA:427,82,0,0
BRDA:427,82,1,0
BRDA:427,83,0,0
BRDA:427,83,1,0
BRDA:427,83,2,0
BRDA:427,83,3,0
BRDA:431,84,0,0
BRDA:431,84,1,0
BRDA:443,85,0,0
BRDA:443,85,1,0
BRDA:444,86,0,0
BRDA:444,86,1,0
BRDA:445,87,0,0
BRDA:445,87,1,0
BRDA:446,88,0,0
BRDA:446,88,1,0
BRDA:450,89,0,0
BRDA:450,89,1,0
BRDA:451,90,0,0
BRDA:451,90,1,0
BRDA:454,91,0,0
BRDA:454,91,1,0
BRDA:455,92,0,0
BRDA:455,92,1,0
BRDA:458,93,0,0
BRDA:458,93,1,0
BRDA:473,94,0,1
BRDA:473,94,1,0
BRDA:477,95,0,0
BRDA:477,95,1,0
BRDA:481,96,0,0
BRDA:481,96,1,0
BRDA:483,97,0,0
BRDA:483,97,1,0
BRDA:485,98,0,0
BRDA:485,98,1,0
BRDA:486,99,0,0
BRDA:486,99,1,0
BRDA:489,100,0,0
BRDA:489,100,1,0
BRDA:490,101,0,0
BRDA:490,101,1,0
BRDA:505,102,0,0
BRDA:505,102,1,0
BRDA:510,103,0,0
BRDA:510,103,1,0
BRF:211
BRH:51
end_of_record
TN:
SF:controllers\messageController.js
FN:15,_fillTemplate
FN:16,(anonymous_1)
FN:21,_getActiveTemplate
FN:27,extractGeminiText
FN:34,(anonymous_4)
FN:44,sanitizeGeneratedMessage
FN:53,countWords
FN:59,countSentences
FN:64,(anonymous_8)
FN:68,isDraftMessageTooShort
FN:73,isDraftMessageLikelyTruncated
FN:88,(anonymous_11)
FN:91,finalizeGeneratedMessage
FN:98,normalizeInstructionForFallback
FN:130,buildLocalDraftFallback
FN:139,getGeminiErrorMessage
FN:152,isGeminiCapacityError
FN:161,requestGeminiDraft
FN:195,(anonymous_18)
FN:196,(anonymous_19)
FN:214,(anonymous_20)
FN:226,(anonymous_21)
FN:227,(anonymous_22)
FN:234,(anonymous_23)
FN:246,(anonymous_24)
FN:254,(anonymous_25)
FN:282,(anonymous_26)
FN:290,(anonymous_27)
FN:293,(anonymous_28)
FN:294,(anonymous_29)
FN:296,(anonymous_30)
FN:311,(anonymous_31)
FN:338,(anonymous_32)
FN:356,(anonymous_33)
FN:378,(anonymous_34)
FN:389,(anonymous_35)
FN:393,(anonymous_36)
FN:417,(anonymous_37)
FN:427,(anonymous_38)
FN:431,(anonymous_39)
FN:432,(anonymous_40)
FN:434,(anonymous_41)
FN:469,(anonymous_42)
FN:490,createProposalMessage
FN:538,(anonymous_44)
FN:629,(anonymous_45)
FN:660,(anonymous_46)
FN:723,(anonymous_47)
FN:751,(anonymous_48)
FN:770,(anonymous_49)
FNF:50
FNH:29
FNDA:1,_fillTemplate
FNDA:7,(anonymous_1)
FNDA:1,_getActiveTemplate
FNDA:0,extractGeminiText
FNDA:0,(anonymous_4)
FNDA:5,sanitizeGeneratedMessage
FNDA:0,countWords
FNDA:0,countSentences
FNDA:0,(anonymous_8)
FNDA:0,isDraftMessageTooShort
FNDA:0,isDraftMessageLikelyTruncated
FNDA:0,(anonymous_11)
FNDA:0,finalizeGeneratedMessage
FNDA:1,normalizeInstructionForFallback
FNDA:1,buildLocalDraftFallback
FNDA:1,getGeminiErrorMessage
FNDA:1,isGeminiCapacityError
FNDA:1,requestGeminiDraft
FNDA:0,(anonymous_18)
FNDA:0,(anonymous_19)
FNDA:0,(anonymous_20)
FNDA:0,(anonymous_21)
FNDA:0,(anonymous_22)
FNDA:0,(anonymous_23)
FNDA:8,(anonymous_24)
FNDA:4,(anonymous_25)
FNDA:9,(anonymous_26)
FNDA:8,(anonymous_27)
FNDA:2,(anonymous_28)
FNDA:12,(anonymous_29)
FNDA:2,(anonymous_30)
FNDA:0,(anonymous_31)
FNDA:4,(anonymous_32)
FNDA:3,(anonymous_33)
FNDA:6,(anonymous_34)
FNDA:8,(anonymous_35)
FNDA:2,(anonymous_36)
FNDA:2,(anonymous_37)
FNDA:0,(anonymous_38)
FNDA:0,(anonymous_39)
FNDA:0,(anonymous_40)
FNDA:0,(anonymous_41)
FNDA:0,(anonymous_42)
FNDA:2,createProposalMessage
FNDA:6,(anonymous_44)
FNDA:4,(anonymous_45)
FNDA:1,(anonymous_46)
FNDA:4,(anonymous_47)
FNDA:1,(anonymous_48)
FNDA:4,(anonymous_49)
DA:1,6
DA:2,6
DA:3,6
DA:4,6
DA:5,6
DA:6,6
DA:7,6
DA:8,6
DA:9,6
DA:10,6
DA:11,6
DA:16,1
DA:17,7
DA:22,1
DA:23,1
DA:24,1
DA:28,0
DA:29,0
DA:31,0
DA:32,0
DA:33,0
DA:34,0
DA:38,0
DA:41,0
DA:45,5
DA:54,0
DA:55,0
DA:56,0
DA:60,0
DA:61,0
DA:62,0
DA:64,0
DA:69,0
DA:70,0
DA:74,0
DA:75,0
DA:76,0
DA:78,0
DA:83,0
DA:84,0
DA:85,0
DA:86,0
DA:88,0
DA:92,0
DA:93,0
DA:94,0
DA:95,0
DA:99,1
DA:103,1
DA:114,1
DA:115,8
DA:118,1
DA:119,0
DA:122,1
DA:127,1
DA:131,1
DA:134,1
DA:136,1
DA:140,1
DA:141,1
DA:149,0
DA:153,1
DA:154,1
DA:156,1
DA:158,0
DA:162,1
DA:176,1
DA:181,0
DA:184,6
DA:185,6
DA:186,0
DA:189,6
DA:190,6
DA:191,0
DA:194,6
DA:195,0
DA:197,0
DA:198,0
DA:199,0
DA:203,6
DA:214,6
DA:215,0
DA:216,0
DA:219,6
DA:225,6
DA:226,0
DA:228,0
DA:229,0
DA:230,0
DA:234,6
DA:235,0
DA:236,0
DA:237,0
DA:240,6
DA:246,6
DA:247,8
DA:248,8
DA:249,8
DA:250,8
DA:252,6
DA:253,5
DA:254,4
DA:255,2
DA:258,1
DA:265,1
DA:275,1
DA:277,1
DA:278,1
DA:282,6
DA:283,9
DA:284,9
DA:285,9
DA:286,9
DA:288,8
DA:289,8
DA:290,8
DA:291,1
DA:293,6
DA:294,12
DA:295,6
DA:296,2
DA:298,6
DA:299,1
DA:301,5
DA:302,1
DA:305,4
DA:306,4
DA:307,4
DA:308,2
DA:311,2
DA:319,2
DA:328,2
DA:329,2
DA:330,2
DA:332,2
DA:338,4
DA:339,2
DA:340,2
DA:341,2
DA:349,2
DA:351,0
DA:352,0
DA:356,6
DA:357,3
DA:358,3
DA:359,3
DA:360,3
DA:361,3
DA:362,2
DA:363,1
DA:366,1
DA:367,1
DA:368,1
DA:369,1
DA:371,1
DA:373,0
DA:374,0
DA:378,6
DA:379,6
DA:380,6
DA:381,6
DA:382,6
DA:383,6
DA:384,6
DA:386,5
DA:387,5
DA:388,4
DA:389,8
DA:390,1
DA:393,3
DA:394,3
DA:395,2
DA:396,1
DA:398,1
DA:401,1
DA:404,3
DA:405,3
DA:410,3
DA:412,0
DA:413,0
DA:417,6
DA:418,2
DA:419,2
DA:420,2
DA:422,2
DA:423,1
DA:425,0
DA:426,0
DA:427,0
DA:428,0
DA:431,0
DA:432,0
DA:433,0
DA:434,0
DA:437,0
DA:438,0
DA:440,0
DA:441,0
DA:444,0
DA:451,0
DA:459,0
DA:460,0
DA:461,0
DA:463,0
DA:469,0
DA:470,0
DA:471,0
DA:472,0
DA:480,0
DA:482,0
DA:483,0
DA:492,2
DA:497,2
DA:498,2
DA:504,2
DA:515,2
DA:516,2
DA:517,2
DA:519,0
DA:523,0
DA:524,0
DA:531,0
DA:533,6
DA:538,6
DA:539,6
DA:540,6
DA:541,6
DA:543,6
DA:544,5
DA:545,5
DA:546,1
DA:550,4
DA:551,4
DA:552,3
DA:553,1
DA:555,2
DA:556,1
DA:560,1
DA:561,1
DA:562,1
DA:566,1
DA:570,1
DA:571,1
DA:575,1
DA:579,1
DA:586,1
DA:587,1
DA:588,1
DA:589,1
DA:590,1
DA:593,1
DA:603,1
DA:608,1
DA:611,1
DA:612,1
DA:619,1
DA:621,0
DA:622,0
DA:629,6
DA:630,4
DA:631,4
DA:632,4
DA:634,4
DA:637,4
DA:639,3
DA:640,3
DA:642,3
DA:643,1
DA:646,2
DA:647,1
DA:650,1
DA:651,1
DA:653,1
DA:654,1
DA:657,1
DA:660,1
DA:662,1
DA:663,1
DA:671,1
DA:674,1
DA:675,1
DA:676,1
DA:677,1
DA:678,1
DA:679,1
DA:680,1
DA:691,1
DA:700,1
DA:708,1
DA:713,1
DA:715,0
DA:716,0
DA:723,6
DA:724,4
DA:725,4
DA:726,4
DA:728,4
DA:731,4
DA:734,3
DA:736,3
DA:738,2
DA:739,1
DA:742,1
DA:743,1
DA:745,1
DA:746,1
DA:749,1
DA:751,1
DA:752,1
DA:753,1
DA:760,1
DA:763,1
DA:765,0
DA:766,0
DA:770,6
DA:771,4
DA:773,4
DA:774,1
DA:777,3
DA:778,2
DA:781,1
DA:782,1
DA:783,1
DA:785,1
DA:786,0
DA:787,0
DA:790,1
DA:792,1
DA:806,1
DA:807,1
DA:813,0
DA:814,0
DA:824,0
DA:831,0
DA:833,0
DA:834,0
DA:841,0
DA:843,1
DA:844,1
DA:851,0
DA:852,0
DA:853,0
LF:342
LH:240
BRDA:17,0,0,7
BRDA:17,0,1,0
BRDA:23,1,0,1
BRDA:23,1,1,0
BRDA:28,2,0,0
BRDA:28,2,1,0
BRDA:29,3,0,0
BRDA:29,3,1,0
BRDA:32,4,0,0
BRDA:32,4,1,0
BRDA:34,5,0,0
BRDA:34,5,1,0
BRDA:34,6,0,0
BRDA:34,6,1,0
BRDA:38,7,0,0
BRDA:38,7,1,0
BRDA:45,8,0,5
BRDA:45,8,1,0
BRDA:55,9,0,0
BRDA:55,9,1,0
BRDA:61,10,0,0
BRDA:61,10,1,0
BRDA:70,11,0,0
BRDA:70,11,1,0
BRDA:70,11,2,0
BRDA:75,12,0,0
BRDA:75,12,1,0
BRDA:76,13,0,0
BRDA:76,13,1,0
BRDA:85,14,0,0
BRDA:85,14,1,0
BRDA:88,15,0,0
BRDA:88,15,1,0
BRDA:93,16,0,0
BRDA:93,16,1,0
BRDA:94,17,0,0
BRDA:94,17,1,0
BRDA:118,18,0,0
BRDA:118,18,1,1
BRDA:127,19,0,1
BRDA:127,19,1,0
BRDA:131,20,0,0
BRDA:131,20,1,1
BRDA:140,21,0,1
BRDA:140,21,1,0
BRDA:142,22,0,1
BRDA:142,22,1,0
BRDA:142,22,2,0
BRDA:142,22,3,0
BRDA:149,23,0,0
BRDA:149,23,1,0
BRDA:153,24,0,1
BRDA:153,24,1,0
BRDA:153,24,2,0
BRDA:156,25,0,1
BRDA:156,25,1,0
BRDA:185,26,0,0
BRDA:185,26,1,6
BRDA:190,27,0,0
BRDA:190,27,1,6
BRDA:197,28,0,0
BRDA:197,28,1,0
BRDA:198,29,0,0
BRDA:198,29,1,0
BRDA:215,30,0,0
BRDA:215,30,1,0
BRDA:228,31,0,0
BRDA:228,31,1,0
BRDA:229,32,0,0
BRDA:229,32,1,0
BRDA:236,33,0,0
BRDA:236,33,1,0
BRDA:250,34,0,2
BRDA:250,34,1,6
BRDA:253,35,0,2
BRDA:253,35,1,3
BRDA:254,36,0,2
BRDA:254,36,1,1
BRDA:286,37,0,1
BRDA:286,37,1,8
BRDA:289,38,0,1
BRDA:289,38,1,7
BRDA:290,39,0,1
BRDA:290,39,1,6
BRDA:293,40,0,6
BRDA:293,40,1,0
BRDA:294,41,0,6
BRDA:294,41,1,0
BRDA:295,42,0,6
BRDA:295,42,1,0
BRDA:296,43,0,6
BRDA:296,43,1,0
BRDA:298,44,0,1
BRDA:298,44,1,5
BRDA:301,45,0,1
BRDA:301,45,1,4
BRDA:305,46,0,2
BRDA:305,46,1,2
BRDA:306,47,0,4
BRDA:306,47,1,0
BRDA:307,48,0,2
BRDA:307,48,1,2
BRDA:307,49,0,4
BRDA:307,49,1,2
BRDA:324,50,0,2
BRDA:324,50,1,2
BRDA:328,51,0,2
BRDA:328,51,1,0
BRDA:328,52,0,0
BRDA:328,52,1,0
BRDA:339,53,0,2
BRDA:339,53,1,0
BRDA:361,54,0,1
BRDA:361,54,1,2
BRDA:362,55,0,1
BRDA:362,55,1,1
BRDA:384,56,0,1
BRDA:384,56,1,5
BRDA:387,57,0,1
BRDA:387,57,1,4
BRDA:387,58,0,5
BRDA:387,58,1,4
BRDA:389,59,0,1
BRDA:389,59,1,3
BRDA:389,60,0,4
BRDA:389,60,1,4
BRDA:393,61,0,3
BRDA:393,61,1,0
BRDA:394,62,0,2
BRDA:394,62,1,1
BRDA:395,63,0,1
BRDA:395,63,1,1
BRDA:422,64,0,1
BRDA:422,64,1,1
BRDA:423,65,0,1
BRDA:423,65,1,0
BRDA:426,66,0,0
BRDA:426,66,1,0
BRDA:427,67,0,0
BRDA:427,67,1,0
BRDA:431,68,0,0
BRDA:431,68,1,0
BRDA:432,69,0,0
BRDA:432,69,1,0
BRDA:433,70,0,0
BRDA:433,70,1,0
BRDA:434,71,0,0
BRDA:434,71,1,0
BRDA:437,72,0,0
BRDA:437,72,1,0
BRDA:440,73,0,0
BRDA:440,73,1,0
BRDA:446,74,0,0
BRDA:446,74,1,0
BRDA:470,75,0,0
BRDA:470,75,1,0
BRDA:497,76,0,2
BRDA:497,76,1,0
BRDA:500,77,0,2
BRDA:500,77,1,0
BRDA:507,78,0,2
BRDA:507,78,1,0
BRDA:509,79,0,2
BRDA:509,79,1,1
BRDA:510,80,0,2
BRDA:510,80,1,0
BRDA:515,81,0,2
BRDA:515,81,1,0
BRDA:543,82,0,1
BRDA:543,82,1,5
BRDA:545,83,0,1
BRDA:545,83,1,4
BRDA:545,84,0,5
BRDA:545,84,1,5
BRDA:551,85,0,1
BRDA:551,85,1,3
BRDA:552,86,0,1
BRDA:552,86,1,2
BRDA:555,87,0,1
BRDA:555,87,1,1
BRDA:561,88,0,1
BRDA:561,88,1,0
BRDA:566,89,0,1
BRDA:566,89,1,1
BRDA:570,90,0,1
BRDA:570,90,1,0
BRDA:583,91,0,1
BRDA:583,91,1,0
BRDA:596,92,0,1
BRDA:596,92,1,0
BRDA:637,93,0,1
BRDA:637,93,1,3
BRDA:642,94,0,1
BRDA:642,94,1,2
BRDA:642,95,0,3
BRDA:642,95,1,2
BRDA:646,96,0,1
BRDA:646,96,1,1
BRDA:653,97,0,1
BRDA:653,97,1,0
BRDA:653,97,2,0
BRDA:654,98,0,0
BRDA:654,98,1,1
BRDA:657,99,0,0
BRDA:657,99,1,1
BRDA:676,100,0,1
BRDA:676,100,1,0
BRDA:683,101,0,1
BRDA:683,101,1,0
BRDA:684,102,0,1
BRDA:684,102,1,0
BRDA:685,103,0,1
BRDA:685,103,1,0
BRDA:686,104,0,1
BRDA:686,104,1,0
BRDA:731,105,0,1
BRDA:731,105,1,3
BRDA:734,106,0,3
BRDA:734,106,1,1
BRDA:736,107,0,1
BRDA:736,107,1,2
BRDA:738,108,0,1
BRDA:738,108,1,1
BRDA:746,109,0,1
BRDA:746,109,1,0
BRDA:749,110,0,1
BRDA:749,110,1,0
BRDA:771,111,0,4
BRDA:771,111,1,0
BRDA:773,112,0,1
BRDA:773,112,1,3
BRDA:777,113,0,2
BRDA:777,113,1,1
BRDA:777,114,0,3
BRDA:777,114,1,3
BRDA:781,115,0,1
BRDA:781,115,1,0
BRDA:782,116,0,1
BRDA:782,116,1,0
BRDA:783,117,0,1
BRDA:783,117,1,0
BRDA:785,118,0,0
BRDA:785,118,1,1
BRDA:813,119,0,0
BRDA:813,119,1,0
BRDA:813,120,0,0
BRDA:813,120,1,0
BRDA:817,121,0,0
BRDA:817,121,1,0
BRDA:833,122,0,0
BRDA:833,122,1,0
BRDA:833,123,0,0
BRDA:833,123,1,0
BRDA:843,124,0,1
BRDA:843,124,1,0
BRF:255
BRH:128
end_of_record
TN:
SF:controllers\notificationController.js
FN:6,(anonymous_0)
FN:14,(anonymous_1)
FN:26,(anonymous_2)
FN:38,(anonymous_3)
FN:50,(anonymous_4)
FN:66,(anonymous_5)
FNF:6
FNH:6
FNDA:4,(anonymous_0)
FNDA:1,(anonymous_1)
FNDA:1,(anonymous_2)
FNDA:1,(anonymous_3)
FNDA:1,(anonymous_4)
FNDA:1,(anonymous_5)
DA:1,5
DA:6,5
DA:7,4
DA:8,0
DA:10,4
DA:14,5
DA:15,1
DA:16,1
DA:17,1
DA:18,1
DA:20,0
DA:21,0
DA:26,5
DA:27,1
DA:28,1
DA:29,1
DA:30,1
DA:32,0
DA:33,0
DA:38,5
DA:39,1
DA:40,1
DA:41,1
DA:42,1
DA:44,0
DA:45,0
DA:50,5
DA:51,1
DA:52,1
DA:57,1
DA:58,0
DA:60,0
DA:61,0
DA:66,5
DA:67,1
DA:68,1
DA:69,1
DA:70,0
DA:72,1
DA:73,1
DA:77,5
LF:41
LH:30
BRDA:7,0,0,0
BRDA:7,0,1,4
BRDA:57,1,0,1
BRDA:57,1,1,0
BRF:4
BRH:2
end_of_record
TN:
SF:controllers\paymentController.js
FN:10,(anonymous_0)
FN:18,(anonymous_1)
FN:27,(anonymous_2)
FN:32,(anonymous_3)
FN:45,(anonymous_4)
FN:49,(anonymous_5)
FN:55,(anonymous_6)
FN:57,(anonymous_7)
FN:106,(anonymous_8)
FN:160,(anonymous_9)
FN:237,(anonymous_10)
FN:253,(anonymous_11)
FN:340,(anonymous_12)
FN:402,(anonymous_13)
FN:430,(anonymous_14)
FN:447,(anonymous_15)
FN:486,(anonymous_16)
FN:601,(anonymous_17)
FNF:18
FNH:15
FNDA:6,(anonymous_0)
FNDA:0,(anonymous_1)
FNDA:0,(anonymous_2)
FNDA:10,(anonymous_3)
FNDA:6,(anonymous_4)
FNDA:6,(anonymous_5)
FNDA:5,(anonymous_6)
FNDA:3,(anonymous_7)
FNDA:3,(anonymous_8)
FNDA:3,(anonymous_9)
FNDA:1,(anonymous_10)
FNDA:2,(anonymous_11)
FNDA:4,(anonymous_12)
FNDA:1,(anonymous_13)
FNDA:1,(anonymous_14)
FNDA:2,(anonymous_15)
FNDA:0,(anonymous_16)
FNDA:1,(anonymous_17)
DA:1,6
DA:2,6
DA:3,6
DA:4,6
DA:5,6
DA:6,6
DA:7,6
DA:9,6
DA:10,6
DA:11,6
DA:12,6
DA:14,0
DA:18,6
DA:19,0
DA:27,0
DA:32,6
DA:33,10
DA:34,10
DA:35,2
DA:37,8
DA:38,0
DA:40,8
DA:41,8
DA:42,2
DA:44,6
DA:45,6
DA:49,6
DA:51,6
DA:52,1
DA:55,5
DA:56,5
DA:57,4
DA:59,4
DA:60,4
DA:61,4
DA:62,4
DA:63,1
DA:66,3
DA:67,3
DA:68,3
DA:69,1
DA:71,2
DA:87,2
DA:88,2
DA:99,2
DA:101,1
DA:102,1
DA:106,6
DA:107,3
DA:108,3
DA:109,1
DA:111,2
DA:112,0
DA:115,2
DA:116,2
DA:117,1
DA:120,1
DA:124,1
DA:149,1
DA:153,1
DA:155,0
DA:156,0
DA:160,6
DA:161,3
DA:162,3
DA:163,3
DA:164,1
DA:167,2
DA:168,2
DA:169,1
DA:170,1
DA:172,1
DA:173,1
DA:174,1
DA:176,1
DA:177,1
DA:179,1
DA:190,1
DA:191,1
DA:202,1
DA:212,1
DA:224,1
DA:230,1
DA:232,0
DA:233,0
DA:237,6
DA:238,1
DA:239,1
DA:240,0
DA:243,1
DA:246,1
DA:248,0
DA:249,0
DA:253,6
DA:254,2
DA:255,2
DA:256,0
DA:259,2
DA:260,2
DA:261,1
DA:265,1
DA:266,1
DA:267,1
DA:268,1
DA:269,1
DA:270,1
DA:271,1
DA:274,1
DA:279,1
DA:280,1
DA:285,1
DA:286,1
DA:289,1
DA:301,1
DA:314,1
DA:315,1
DA:328,1
DA:335,0
DA:336,0
DA:340,6
DA:341,4
DA:342,4
DA:343,4
DA:344,1
DA:347,3
DA:351,3
DA:353,2
DA:354,2
DA:355,1
DA:358,1
DA:359,1
DA:361,1
DA:363,1
DA:364,1
DA:365,1
DA:366,1
DA:368,1
DA:369,1
DA:370,1
DA:371,1
DA:372,1
DA:373,1
DA:374,0
DA:376,1
DA:379,1
DA:391,1
DA:402,1
DA:403,1
DA:404,1
DA:405,1
DA:414,0
DA:418,1
DA:422,1
DA:425,0
DA:426,0
DA:430,6
DA:431,1
DA:432,1
DA:433,0
DA:436,1
DA:440,1
DA:442,0
DA:443,0
DA:447,6
DA:449,2
DA:450,2
DA:451,0
DA:454,2
DA:457,2
DA:458,1
DA:461,1
DA:462,1
DA:463,1
DA:467,0
DA:468,0
DA:470,0
DA:475,0
DA:476,0
DA:477,0
DA:482,0
DA:485,0
DA:486,0
DA:496,0
DA:497,0
DA:499,0
DA:574,0
DA:580,0
DA:581,0
DA:583,0
DA:589,0
DA:590,0
DA:591,0
DA:593,0
DA:594,0
DA:596,2
DA:601,6
DA:603,1
DA:604,1
DA:606,1
DA:611,1
DA:614,0
DA:615,0
DA:617,0
DA:620,0
DA:621,0
DA:622,0
DA:625,0
DA:628,0
DA:631,0
DA:632,0
DA:633,0
DA:637,0
DA:691,0
DA:696,0
DA:697,0
DA:698,0
DA:699,0
DA:700,0
DA:702,0
DA:703,0
DA:704,0
DA:706,0
DA:707,0
DA:708,0
DA:712,6
LF:225
LH:157
BRDA:9,0,0,6
BRDA:9,0,1,4
BRDA:12,1,0,6
BRDA:12,1,1,4
BRDA:27,2,0,0
BRDA:27,2,1,0
BRDA:34,3,0,2
BRDA:34,3,1,8
BRDA:34,4,0,10
BRDA:34,4,1,10
BRDA:37,5,0,0
BRDA:37,5,1,8
BRDA:37,6,0,8
BRDA:37,6,1,8
BRDA:40,7,0,8
BRDA:40,7,1,0
BRDA:41,8,0,2
BRDA:41,8,1,6
BRDA:49,9,0,6
BRDA:49,9,1,5
BRDA:49,9,2,5
BRDA:51,10,0,1
BRDA:51,10,1,5
BRDA:62,11,0,1
BRDA:62,11,1,3
BRDA:68,12,0,1
BRDA:68,12,1,2
BRDA:68,13,0,3
BRDA:68,13,1,3
BRDA:80,14,0,2
BRDA:80,14,1,0
BRDA:87,15,0,2
BRDA:87,15,1,2
BRDA:94,16,0,2
BRDA:94,16,1,0
BRDA:95,17,0,2
BRDA:95,17,1,0
BRDA:108,18,0,1
BRDA:108,18,1,2
BRDA:108,19,0,3
BRDA:108,19,1,3
BRDA:111,20,0,0
BRDA:111,20,1,2
BRDA:111,21,0,2
BRDA:111,21,1,2
BRDA:116,22,0,1
BRDA:116,22,1,1
BRDA:116,23,0,2
BRDA:116,23,1,2
BRDA:120,24,0,1
BRDA:120,24,1,1
BRDA:163,25,0,1
BRDA:163,25,1,2
BRDA:168,26,0,1
BRDA:168,26,1,1
BRDA:173,27,0,0
BRDA:173,27,1,1
BRDA:174,28,0,0
BRDA:174,28,1,1
BRDA:239,29,0,0
BRDA:239,29,1,1
BRDA:255,30,0,0
BRDA:255,30,1,2
BRDA:260,31,0,1
BRDA:260,31,1,1
BRDA:260,32,0,2
BRDA:260,32,1,2
BRDA:260,32,2,2
BRDA:265,33,0,1
BRDA:265,33,1,0
BRDA:266,34,0,1
BRDA:266,34,1,0
BRDA:279,35,0,1
BRDA:279,35,1,0
BRDA:280,36,0,1
BRDA:280,36,1,0
BRDA:280,37,0,1
BRDA:280,37,1,1
BRDA:292,38,0,1
BRDA:292,38,1,0
BRDA:293,39,0,1
BRDA:293,39,1,0
BRDA:314,40,0,1
BRDA:314,40,1,0
BRDA:343,41,0,1
BRDA:343,41,1,3
BRDA:351,42,0,2
BRDA:351,42,1,1
BRDA:354,43,0,1
BRDA:354,43,1,1
BRDA:368,44,0,1
BRDA:368,44,1,0
BRDA:370,45,0,1
BRDA:370,45,1,0
BRDA:372,46,0,0
BRDA:372,46,1,1
BRDA:372,47,0,1
BRDA:372,47,1,0
BRDA:373,48,0,0
BRDA:373,48,1,1
BRDA:392,49,0,1
BRDA:392,49,1,0
BRDA:432,50,0,0
BRDA:432,50,1,1
BRDA:450,51,0,0
BRDA:450,51,1,2
BRDA:457,52,0,1
BRDA:457,52,1,1
BRDA:461,53,0,1
BRDA:461,53,1,0
BRDA:461,53,2,0
BRDA:461,54,0,1
BRDA:461,54,1,0
BRDA:462,55,0,1
BRDA:462,55,1,0
BRDA:462,56,0,1
BRDA:462,56,1,1
BRDA:476,57,0,0
BRDA:476,57,1,0
BRDA:482,58,0,0
BRDA:482,58,1,0
BRDA:485,59,0,0
BRDA:485,59,1,0
BRDA:488,60,0,0
BRDA:488,60,1,0
BRDA:489,61,0,0
BRDA:489,61,1,0
BRDA:490,62,0,0
BRDA:490,62,1,0
BRDA:491,63,0,0
BRDA:491,63,1,0
BRDA:491,64,0,0
BRDA:491,64,1,0
BRDA:496,65,0,0
BRDA:496,65,1,0
BRDA:497,66,0,0
BRDA:497,66,1,0
BRDA:537,67,0,0
BRDA:537,67,1,0
BRDA:544,68,0,0
BRDA:544,68,1,0
BRDA:544,69,0,0
BRDA:544,69,1,0
BRDA:596,70,0,0
BRDA:596,70,1,2
BRDA:604,71,0,0
BRDA:604,71,1,1
BRDA:611,72,0,1
BRDA:611,72,1,0
BRDA:621,73,0,0
BRDA:621,73,1,0
BRDA:625,74,0,0
BRDA:625,74,1,0
BRDA:628,75,0,0
BRDA:628,75,1,0
BRDA:631,76,0,0
BRDA:631,76,1,0
BRDA:633,77,0,0
BRDA:633,77,1,0
BRDA:634,78,0,0
BRDA:634,78,1,0
BRDA:634,79,0,0
BRDA:634,79,1,0
BRDA:707,80,0,0
BRDA:707,80,1,0
BRF:165
BRH:89
end_of_record
TN:
SF:controllers\productController.js
FN:14,(anonymous_0)
FN:18,(anonymous_1)
FN:35,(anonymous_2)
FN:41,(anonymous_3)
FN:43,(anonymous_4)
FN:49,(anonymous_5)
FN:57,(anonymous_6)
FN:58,(anonymous_7)
FN:68,(anonymous_8)
FN:70,(anonymous_9)
FN:72,(anonymous_10)
FN:89,(anonymous_11)
[...]
DA:344,0
DA:345,0
DA:346,0
DA:349,0
DA:353,2
DA:354,2
DA:355,2
DA:357,2
DA:358,0
DA:361,2
DA:363,2
DA:370,0
DA:374,0
DA:377,8
LF:131
LH:80
BRDA:44,0,0,0
BRDA:44,0,1,3
BRDA:52,1,0,1
BRDA:52,1,1,0
BRDA:53,2,0,1
BRDA:53,2,1,1
BRDA:57,3,0,1
BRDA:57,3,1,0
BRDA:58,4,0,1
BRDA:58,4,1,1
BRDA:62,5,0,2
BRDA:62,5,1,0
BRDA:63,6,0,2
BRDA:63,6,1,2
BRDA:86,7,0,0
BRDA:86,8,0,0
BRDA:87,9,0,4
BRDA:87,9,1,2
BRDA:88,10,0,2
BRDA:88,10,1,2
BRDA:94,11,0,2
BRDA:94,11,1,0
BRDA:98,12,0,2
BRDA:98,12,1,0
BRDA:98,13,0,2
BRDA:98,13,1,0
BRDA:106,14,0,1
BRDA:106,14,1,0
BRDA:112,15,0,0
BRDA:112,15,1,0
BRDA:163,16,0,1
BRDA:163,16,1,0
BRDA:171,17,0,4
BRDA:171,17,1,26
BRDA:226,18,0,2
BRDA:226,18,1,0
BRDA:229,19,0,1
BRDA:229,19,1,1
BRDA:231,20,0,0
BRDA:231,20,1,1
BRDA:234,21,0,1
BRDA:234,21,1,1
BRDA:243,22,0,0
BRDA:243,22,1,0
BRDA:278,23,0,2
BRDA:278,23,1,0
BRDA:279,24,0,2
BRDA:279,24,1,0
BRDA:280,25,0,2
BRDA:280,25,1,0
BRDA:294,26,0,1
BRDA:294,26,1,1
BRDA:295,27,0,1
BRDA:295,27,1,1
BRDA:297,28,0,0
BRDA:297,28,1,1
BRDA:298,29,0,0
BRDA:298,29,1,0
BRDA:298,30,0,0
BRDA:298,30,1,0
BRDA:299,31,0,0
BRDA:299,31,1,0
BRDA:301,32,0,0
BRDA:301,32,1,0
BRDA:308,33,0,0
BRDA:308,33,1,0
BRDA:317,34,0,1
BRDA:317,34,1,0
BRDA:317,35,0,1
BRDA:317,35,1,1
BRDA:321,36,0,0
BRDA:321,36,1,0
BRDA:321,37,0,0
BRDA:321,37,1,0
BRDA:325,38,0,0
BRDA:325,38,1,0
BRDA:331,39,0,0
BRDA:331,39,1,0
BRDA:332,40,0,0
BRDA:332,40,1,0
BRDA:338,41,0,0
BRDA:338,41,1,0
BRDA:357,42,0,0
BRDA:357,42,1,2
BRDA:364,43,0,2
BRDA:364,43,1,0
BRDA:365,44,0,2
BRDA:365,44,1,0
BRDA:370,45,0,0
BRDA:370,45,1,0
BRDA:370,45,2,0
BRDA:374,46,0,0
BRDA:374,46,1,0
BRDA:374,46,2,0
BRF:94
BRH:41
end_of_record
TN:
SF:services\productAnalyzer.js
FN:28,asList
FN:33,(anonymous_1)
FN:37,collectProductSources
FN:55,computeGenericRatio
FN:56,(anonymous_4)
FN:59,(anonymous_5)
FN:71,analyzeProductForProjectType
FNF:7
FNH:6
FNDA:8,asList
FNDA:0,(anonymous_1)
FNDA:8,collectProductSources
FNDA:7,computeGenericRatio
FNDA:61,(anonymous_4)
FNDA:59,(anonymous_5)
FNDA:7,analyzeProductForProjectType
DA:11,6
DA:13,6
DA:29,8
DA:30,4
DA:31,0
DA:33,0
DA:38,8
DA:39,8
DA:47,8
DA:56,61
DA:57,7
DA:59,59
DA:60,7
DA:72,7
DA:75,7
DA:76,0
DA:89,7
DA:90,7
DA:97,7
DA:101,7
DA:102,7
DA:104,7
DA:105,38
DA:107,12
DA:108,12
DA:109,12
DA:110,12
DA:111,12
DA:114,7
DA:115,7
DA:117,7
DA:118,7
DA:119,2
DA:121,7
DA:123,7
DA:124,7
DA:127,7
DA:128,7
DA:129,1
DA:132,7
DA:145,6
LF:41
LH:38
BRDA:29,0,0,4
BRDA:29,0,1,4
BRDA:30,1,0,4
BRDA:30,1,1,0
BRDA:40,2,0,8
BRDA:40,2,1,2
BRDA:41,3,0,8
BRDA:41,3,1,3
BRDA:42,4,0,8
BRDA:42,4,1,3
BRDA:43,5,0,8
BRDA:43,5,1,4
BRDA:44,6,0,8
BRDA:44,6,1,4
BRDA:48,7,0,8
BRDA:48,7,1,0
BRDA:49,8,0,8
BRDA:49,8,1,0
BRDA:57,9,0,0
BRDA:57,9,1,7
BRDA:72,10,0,7
BRDA:72,10,1,0
BRDA:75,11,0,0
BRDA:75,11,1,7
BRDA:105,12,0,26
BRDA:105,12,1,12
BRDA:108,13,0,7
BRDA:108,13,1,5
BRDA:109,14,0,9
BRDA:109,14,1,3
BRDA:110,15,0,2
BRDA:110,15,1,10
BRDA:111,16,0,1
BRDA:111,16,1,11
BRDA:118,17,0,5
BRDA:118,17,1,2
BRDA:119,18,0,0
BRDA:119,18,1,2
BRDA:124,19,0,5
BRDA:124,19,1,2
BRDA:128,20,0,1
BRDA:128,20,1,6
BRDA:129,21,0,0
BRDA:129,21,1,1
BRF:44
BRH:36
end_of_record
TN:
SF:services\projectAnalyzer.js
FN:32,normalise
FN:41,escapeRegex
FN:45,containsKeyword
FN:57,mapCategoryToProjectType
FN:71,detectProjectType
FN:79,(anonymous_5)
FN:85,(anonymous_6)
FN:86,(anonymous_7)
FN:87,(anonymous_8)
FN:94,(anonymous_9)
FNF:10
FNH:10
FNDA:543,normalise
FNDA:430,escapeRegex
FNDA:438,containsKeyword
FNDA:9,mapCategoryToProjectType
FNDA:7,detectProjectType
FNDA:350,(anonymous_5)
FNDA:63,(anonymous_6)
FNDA:1,(anonymous_7)
FNDA:3,(anonymous_8)
FNDA:2,(anonymous_9)
DA:7,7
DA:19,7
DA:33,543
DA:42,430
DA:46,438
DA:47,438
DA:49,438
DA:50,8
DA:53,430
DA:54,430
DA:58,9
DA:59,9
DA:60,53
DA:61,7
DA:64,2
DA:72,7
DA:73,7
DA:75,7
DA:76,7
DA:78,7
DA:79,350
DA:80,63
DA:81,63
DA:84,7
DA:85,63
DA:86,1
DA:87,3
DA:89,7
DA:90,7
DA:92,7
DA:93,1
DA:94,2
DA:95,1
DA:96,1
DA:100,7
DA:101,5
DA:104,7
DA:105,7
DA:106,7
DA:107,7
DA:109,7
DA:120,7
LF:42
LH:42
BRDA:33,0,0,543
BRDA:33,0,1,11
BRDA:47,1,0,0
BRDA:47,1,1,438
BRDA:49,2,0,8
BRDA:49,2,1,430
BRDA:60,3,0,7
BRDA:60,3,1,46
BRDA:71,4,0,0
BRDA:71,5,0,0
BRDA:71,6,0,0
BRDA:71,7,0,1
BRDA:72,8,0,7
BRDA:72,8,1,0
BRDA:72,9,0,7
BRDA:72,9,1,0
BRDA:87,10,0,3
BRDA:87,10,1,0
BRDA:89,11,0,7
BRDA:89,11,1,5
BRDA:92,12,0,1
BRDA:92,12,1,6
BRDA:92,13,0,7
BRDA:92,13,1,1
BRDA:92,13,2,1
BRDA:94,14,0,2
BRDA:94,14,1,1
BRDA:95,15,0,1
BRDA:95,15,1,0
BRDA:100,16,0,5
BRDA:100,16,1,2
BRDA:100,17,0,7
BRDA:100,17,1,5
BRDA:104,18,0,7
BRDA:104,18,1,0
BRDA:104,19,0,7
BRDA:104,19,1,0
BRDA:105,20,0,7
BRDA:105,20,1,0
BRDA:105,21,0,7
BRDA:105,21,1,0
BRDA:106,22,0,7
BRDA:106,22,1,0
BRDA:106,23,0,7
BRDA:106,23,1,5
BRDA:107,24,0,7
BRDA:107,24,1,0
BRDA:115,25,0,7
BRDA:115,25,1,5
BRF:49
BRH:35
end_of_record
TN:
SF:services\quoteAIDraftService.js
FN:3,(anonymous_0)
FN:5,(anonymous_1)
FN:7,(anonymous_2)
FN:12,(anonymous_3)
FN:22,(anonymous_4)
FN:28,(anonymous_5)
FN:35,(anonymous_6)
FN:38,(anonymous_7)
FN:59,(anonymous_8)
FN:60,(anonymous_9)
FN:76,(anonymous_10)
FN:83,(anonymous_11)
FN:89,(anonymous_12)
FN:99,(anonymous_13)
FN:110,(anonymous_14)
FN:125,(anonymous_15)
FN:141,(anonymous_16)
FN:170,(anonymous_17)
FN:185,(anonymous_18)
FN:190,(anonymous_19)
FN:193,(anonymous_20)
FN:198,(anonymous_21)
FN:213,(anonymous_22)
FN:217,(anonymous_23)
FN:219,(anonymous_24)
FN:222,(anonymous_25)
FN:350,(anonymous_26)
FN:355,(anonymous_27)
FN:445,(anonymous_28)
FNF:29
FNH:28
FNDA:75,(anonymous_0)
FNDA:101,(anonymous_1)
FNDA:4,(anonymous_2)
FNDA:8,(anonymous_3)
FNDA:14,(anonymous_4)
FNDA:5,(anonymous_5)
FNDA:4,(anonymous_6)
FNDA:6,(anonymous_7)
FNDA:3,(anonymous_8)
FNDA:3,(anonymous_9)
FNDA:8,(anonymous_10)
FNDA:4,(anonymous_11)
FNDA:4,(anonymous_12)
FNDA:3,(anonymous_13)
FNDA:9,(anonymous_14)
FNDA:4,(anonymous_15)
FNDA:4,(anonymous_16)
FNDA:2,(anonymous_17)
FNDA:1,(anonymous_18)
FNDA:4,(anonymous_19)
FNDA:6,(anonymous_20)
FNDA:6,(anonymous_21)
FNDA:6,(anonymous_22)
FNDA:6,(anonymous_23)
FNDA:6,(anonymous_24)
FNDA:6,(anonymous_25)
FNDA:6,(anonymous_26)
FNDA:6,(anonymous_27)
FNDA:0,(anonymous_28)
DA:1,5
DA:3,75
DA:5,101
DA:7,5
DA:9,5
DA:10,5
DA:12,5
DA:13,8
DA:14,8
DA:15,8
DA:16,0
DA:18,8
DA:19,8
DA:22,5
DA:23,14
DA:24,14
DA:25,12
DA:28,5
DA:29,5
DA:30,5
DA:31,5
DA:32,5
DA:35,5
DA:36,4
DA:39,6
DA:40,6
DA:41,6
DA:42,3
DA:51,6
DA:52,6
DA:57,4
DA:59,3
DA:61,3
DA:62,3
DA:73,4
DA:76,5
DA:77,8
DA:78,6
DA:79,6
DA:80,0
DA:83,5
DA:84,4
DA:85,4
DA:86,4
DA:89,5
DA:90,4
DA:91,4
DA:93,0
DA:94,0
DA:96,0
DA:99,5
DA:100,3
DA:101,3
DA:103,3
DA:104,0
DA:107,3
DA:110,5
DA:111,9
DA:112,9
DA:113,9
DA:115,9
DA:119,9
DA:120,9
DA:122,9
DA:125,5
DA:133,4
DA:138,4
DA:141,5
DA:149,4
DA:150,4
DA:151,4
DA:153,4
DA:157,4
DA:158,4
DA:160,4
DA:170,5
DA:171,2
DA:173,1
DA:175,1
DA:177,0
DA:179,0
DA:181,0
DA:185,5
DA:186,1
DA:187,1
DA:190,5
DA:191,4
DA:192,4
DA:193,6
DA:196,4
DA:197,4
DA:198,6
DA:199,4
DA:201,4
DA:202,4
DA:203,4
DA:204,4
DA:205,4
DA:206,4
DA:208,4
DA:209,4
DA:211,4
DA:213,6
DA:217,6
DA:218,4
DA:219,6
DA:222,4
DA:223,6
DA:224,0
DA:226,6
DA:229,4
DA:230,4
DA:231,4
DA:233,4
DA:235,4
DA:236,4
DA:237,4
DA:238,4
DA:239,4
DA:240,4
DA:241,4
DA:243,4
DA:244,4
DA:245,1
DA:246,1
DA:247,4
DA:248,4
DA:249,4
DA:251,4
DA:252,4
DA:253,4
DA:254,4
DA:256,4
DA:257,4
DA:259,4
DA:260,4
DA:262,4
DA:263,4
DA:264,4
DA:266,4
DA:267,4
DA:268,4
DA:269,4
DA:270,4
DA:271,4
DA:272,4
DA:274,4
DA:285,4
DA:287,4
DA:298,4
DA:303,4
DA:304,4
DA:305,4
DA:307,4
DA:310,4
DA:314,4
DA:321,4
DA:323,4
DA:324,4
DA:326,4
DA:327,4
DA:328,4
DA:329,4
DA:330,4
DA:331,4
DA:332,4
DA:334,4
DA:341,4
DA:342,3
DA:345,4
DA:346,1
DA:349,4
DA:350,6
DA:354,4
DA:355,6
DA:359,4
DA:368,4
DA:376,4
DA:377,4
DA:378,4
DA:380,4
DA:381,4
DA:382,4
DA:383,4
DA:384,4
DA:385,4
DA:386,4
DA:387,4
DA:388,4
DA:390,4
DA:402,4
DA:403,4
DA:410,3
DA:411,1
DA:412,1
DA:413,1
DA:414,1
DA:416,1
DA:417,1
DA:418,1
DA:421,1
DA:422,1
DA:423,1
DA:430,1
DA:431,1
DA:433,1
DA:434,1
DA:435,1
DA:437,1
DA:438,1
DA:439,1
DA:440,1
DA:441,1
DA:442,1
DA:443,1
DA:444,1
DA:445,0
DA:457,1
DA:459,1
DA:460,0
DA:463,2
DA:464,2
DA:465,2
DA:466,2
DA:467,2
DA:468,2
DA:469,2
DA:470,2
DA:473,1
DA:474,1
DA:475,1
DA:476,1
DA:477,1
DA:478,1
DA:481,4
DA:488,4
DA:489,4
DA:491,4
DA:503,4
DA:521,4
DA:599,5
LF:241
LH:229
BRDA:3,0,0,75
BRDA:3,0,1,2
BRDA:5,1,0,101
BRDA:5,1,1,2
BRDA:15,2,0,0
BRDA:15,2,1,8
BRDA:15,3,0,8
BRDA:15,3,1,8
BRDA:24,4,0,2
BRDA:24,4,1,12
BRDA:36,5,0,4
BRDA:36,5,1,0
BRDA:39,6,0,6
BRDA:39,6,1,6
BRDA:39,6,2,0
BRDA:39,6,3,0
BRDA:40,7,0,0
BRDA:40,7,1,6
BRDA:41,8,0,3
BRDA:41,8,1,3
BRDA:43,9,0,3
BRDA:43,9,1,0
BRDA:45,10,0,3
BRDA:45,10,1,0
BRDA:47,11,0,3
BRDA:47,11,1,0
BRDA:48,12,0,3
BRDA:48,12,1,0
BRDA:57,13,0,3
BRDA:57,13,1,1
BRDA:59,14,0,3
BRDA:59,14,1,3
BRDA:64,15,0,3
BRDA:64,15,1,0
BRDA:64,16,0,3
BRDA:64,16,1,3
BRDA:65,17,0,3
BRDA:65,17,1,0
BRDA:67,18,0,3
BRDA:67,18,1,0
BRDA:77,19,0,2
BRDA:77,19,1,6
BRDA:77,20,0,8
BRDA:77,20,1,8
BRDA:78,21,0,0
BRDA:78,21,1,6
BRDA:79,22,0,6
BRDA:79,22,1,0
BRDA:84,23,0,0
BRDA:84,23,1,4
BRDA:85,24,0,0
BRDA:85,24,1,4
BRDA:90,25,0,4
BRDA:90,25,1,0
BRDA:93,26,0,0
BRDA:93,26,1,0
BRDA:100,27,0,3
BRDA:100,27,1,0
BRDA:101,28,0,3
BRDA:101,28,1,0
BRDA:103,29,0,0
BRDA:103,29,1,3
BRDA:103,30,0,3
BRDA:103,30,1,3
BRDA:111,31,0,9
BRDA:111,31,1,0
BRDA:112,32,0,9
BRDA:112,32,1,2
BRDA:113,33,0,9
BRDA:113,33,1,0
BRDA:115,34,0,9
BRDA:115,34,1,0
BRDA:133,35,0,3
BRDA:133,35,1,1
BRDA:134,36,0,3
BRDA:134,36,1,1
BRDA:135,37,0,3
BRDA:135,37,1,1
BRDA:136,38,0,3
BRDA:136,38,1,1
BRDA:149,39,0,4
BRDA:149,39,1,1
BRDA:150,40,0,4
BRDA:150,40,1,0
BRDA:151,41,0,4
BRDA:151,41,1,1
BRDA:153,42,0,3
BRDA:153,42,1,1
BRDA:170,43,0,1
BRDA:171,44,0,1
BRDA:171,44,1,1
BRDA:171,44,2,0
BRDA:171,44,3,0
BRDA:171,44,4,0
BRDA:171,45,0,2
BRDA:171,45,1,0
BRDA:175,46,0,1
BRDA:175,46,1,0
BRDA:186,47,0,1
BRDA:186,47,1,0
BRDA:193,48,0,6
BRDA:193,48,1,0
BRDA:193,49,0,6
BRDA:193,49,1,0
BRDA:196,50,0,4
BRDA:196,50,1,0
BRDA:198,51,0,6
BRDA:198,51,1,0
BRDA:199,52,0,3
BRDA:199,52,1,1
BRDA:201,53,0,4
BRDA:201,53,1,1
BRDA:201,53,2,0
BRDA:202,54,0,4
BRDA:202,54,1,1
BRDA:204,55,0,0
BRDA:204,55,1,4
BRDA:206,56,0,0
BRDA:206,56,1,4
BRDA:208,57,0,4
BRDA:208,57,1,1
BRDA:209,58,0,0
BRDA:209,58,1,4
BRDA:209,59,0,0
BRDA:209,59,1,4
BRDA:213,60,0,6
BRDA:213,60,1,0
BRDA:219,61,0,6
BRDA:219,61,1,3
BRDA:219,62,0,3
BRDA:219,62,1,0
BRDA:223,63,0,0
BRDA:223,63,1,6
BRDA:224,64,0,0
BRDA:224,64,1,0
BRDA:224,65,0,0
BRDA:224,65,1,0
BRDA:229,66,0,3
BRDA:229,66,1,1
BRDA:230,67,0,3
BRDA:230,67,1,1
BRDA:231,68,0,3
BRDA:231,68,1,1
BRDA:233,69,0,4
BRDA:233,69,1,1
BRDA:236,70,0,1
BRDA:236,70,1,3
BRDA:237,71,0,0
BRDA:237,71,1,4
BRDA:237,72,0,4
BRDA:237,72,1,3
BRDA:238,73,0,0
BRDA:238,73,1,4
BRDA:239,74,0,0
BRDA:239,74,1,4
BRDA:240,75,0,0
BRDA:240,75,1,4
BRDA:244,76,0,3
BRDA:244,76,1,1
BRDA:245,77,0,0
BRDA:245,77,1,1
BRDA:246,78,0,1
BRDA:246,78,1,0
BRDA:247,79,0,0
BRDA:247,79,1,4
BRDA:248,80,0,0
BRDA:248,80,1,4
BRDA:252,81,0,0
BRDA:252,81,1,4
BRDA:253,82,0,0
BRDA:253,82,1,4
BRDA:254,83,0,0
BRDA:254,83,1,4
BRDA:256,84,0,0
BRDA:256,84,1,4
BRDA:257,85,0,0
BRDA:257,85,1,4
BRDA:259,86,0,0
BRDA:259,86,1,4
BRDA:260,87,0,0
BRDA:260,87,1,4
BRDA:262,88,0,3
BRDA:262,88,1,1
BRDA:263,89,0,0
BRDA:263,89,1,4
BRDA:270,90,0,0
BRDA:270,90,1,4
BRDA:271,91,0,3
BRDA:271,91,1,1
BRDA:271,92,0,4
BRDA:271,92,1,3
BRDA:291,93,0,0
BRDA:291,93,1,4
BRDA:291,94,0,0
BRDA:291,94,1,4
BRDA:292,95,0,0
BRDA:292,95,1,4
BRDA:298,96,0,3
BRDA:298,96,1,1
BRDA:300,97,0,0
BRDA:300,97,1,1
BRDA:303,98,0,0
BRDA:303,98,1,4
BRDA:304,99,0,3
BRDA:304,99,1,1
BRDA:310,100,0,0
BRDA:310,100,1,4
BRDA:310,101,0,4
BRDA:310,101,1,4
BRDA:310,101,2,4
BRDA:323,102,0,0
BRDA:323,102,1,4
BRDA:323,103,0,0
BRDA:323,103,1,4
BRDA:323,104,0,0
BRDA:323,104,1,4
BRDA:327,105,0,1
BRDA:327,105,1,3
BRDA:328,106,0,1
BRDA:328,106,1,3
BRDA:329,107,0,1
BRDA:329,107,1,3
BRDA:330,108,0,0
BRDA:330,108,1,4
BRDA:331,109,0,3
BRDA:331,109,1,1
BRDA:332,110,0,3
BRDA:332,110,1,1
BRDA:341,111,0,3
BRDA:341,111,1,1
BRDA:345,112,0,1
BRDA:345,112,1,3
BRDA:350,113,0,6
BRDA:350,113,1,0
BRDA:355,114,0,6
BRDA:355,114,1,0
BRDA:372,115,0,4
BRDA:372,115,1,1
BRDA:376,116,0,3
BRDA:376,116,1,1
BRDA:378,117,0,1
BRDA:378,117,1,3
BRDA:385,118,0,0
BRDA:385,118,1,4
BRDA:410,119,0,1
BRDA:410,119,1,2
BRDA:411,120,0,1
BRDA:411,120,1,0
BRDA:412,121,0,0
BRDA:412,121,1,1
BRDA:417,122,0,1
BRDA:417,122,1,0
BRDA:417,123,0,1
BRDA:417,123,1,1
BRDA:431,124,0,1
BRDA:431,124,1,0
BRDA:441,125,0,1
BRDA:441,125,1,0
BRDA:442,126,0,1
BRDA:442,126,1,0
BRDA:444,127,0,1
BRDA:444,127,1,0
BRDA:446,128,0,0
BRDA:446,128,1,0
BRDA:447,129,0,0
BRDA:447,129,1,0
BRDA:449,130,0,0
BRDA:449,130,1,0
BRDA:450,131,0,0
BRDA:450,131,1,0
BRDA:452,132,0,0
BRDA:452,132,1,0
BRDA:453,133,0,0
BRDA:453,133,1,0
BRDA:459,134,0,0
BRDA:459,134,1,1
BRDA:467,135,0,2
BRDA:467,135,1,1
BRDA:468,136,0,2
BRDA:468,136,1,2
BRDA:489,137,0,1
BRDA:489,137,1,3
BRDA:491,138,0,1
BRDA:491,138,1,3
BRDA:494,139,0,1
BRDA:494,139,1,0
BRDA:503,140,0,1
BRDA:503,140,1,3
BRDA:506,141,0,1
BRDA:506,141,1,0
BRDA:507,142,0,1
BRDA:507,142,1,0
BRDA:511,143,0,0
BRDA:511,143,1,3
BRDA:524,144,0,4
BRDA:524,144,1,0
BRDA:525,145,0,4
BRDA:525,145,1,0
BRDA:526,146,0,4
BRDA:526,146,1,1
BRDA:572,147,0,1
BRDA:572,147,1,3
BRF:302
BRH:198
end_of_record
TN:
SF:services\quoteMLService.js
FN:11,(anonymous_0)
FN:12,(anonymous_1)
FN:16,(anonymous_2)
FN:27,(anonymous_3)
FN:32,(anonymous_4)
FN:42,(anonymous_5)
FN:49,(anonymous_6)
FN:53,(anonymous_7)
FN:58,(anonymous_8)
FN:60,(anonymous_9)
FN:66,(anonymous_10)
FN:88,(anonymous_11)
FN:92,(anonymous_12)
FN:98,(anonymous_13)
FN:106,(anonymous_14)
FN:110,(anonymous_15)
FN:132,(anonymous_16)
FN:135,(anonymous_17)
FN:141,(anonymous_18)
FN:144,(anonymous_19)
FN:150,(anonymous_20)
FN:158,(anonymous_21)
FN:178,(anonymous_22)
FN:197,(anonymous_23)
FN:203,(anonymous_24)
FN:214,(anonymous_25)
FN:218,(anonymous_26)
FN:231,(anonymous_27)
FN:262,(anonymous_28)
FN:309,(anonymous_29)
FN:313,(anonymous_30)
FN:315,(anonymous_31)
FN:326,(anonymous_32)
FN:337,(anonymous_33)
FN:341,(anonymous_34)
FN:368,(anonymous_35)
FN:381,(anonymous_36)
FN:385,(anonymous_37)
FNF:38
FNH:31
FNDA:7,(anonymous_0)
FNDA:43,(anonymous_1)
FNDA:1,(anonymous_2)
FNDA:48,(anonymous_3)
FNDA:3,(anonymous_4)
FNDA:9,(anonymous_5)
FNDA:0,(anonymous_6)
FNDA:0,(anonymous_7)
FNDA:0,(anonymous_8)
FNDA:0,(anonymous_9)
FNDA:3,(anonymous_10)
FNDA:0,(anonymous_11)
FNDA:0,(anonymous_12)
FNDA:0,(anonymous_13)
FNDA:5,(anonymous_14)
FNDA:12,(anonymous_15)
FNDA:5,(anonymous_16)
FNDA:5,(anonymous_17)
FNDA:5,(anonymous_18)
FNDA:5,(anonymous_19)
FNDA:5,(anonymous_20)
FNDA:5,(anonymous_21)
FNDA:3,(anonymous_22)
FNDA:3,(anonymous_23)
FNDA:3,(anonymous_24)
FNDA:3,(anonymous_25)
FNDA:9,(anonymous_26)
FNDA:4,(anonymous_27)
FNDA:8,(anonymous_28)
FNDA:2,(anonymous_29)
FNDA:3,(anonymous_30)
FNDA:3,(anonymous_31)
FNDA:3,(anonymous_32)
FNDA:3,(anonymous_33)
FNDA:3,(anonymous_34)
FNDA:3,(anonymous_35)
FNDA:2,(anonymous_36)
FNDA:4,(anonymous_37)
DA:1,5
DA:3,5
DA:4,5
DA:5,5
DA:8,5
DA:9,5
DA:11,7
DA:12,43
DA:13,5
DA:14,5
DA:16,5
DA:17,1
DA:18,1
DA:20,1
DA:21,0
DA:24,1
DA:27,5
DA:28,48
DA:32,5
DA:33,3
DA:34,0
DA:35,0
DA:36,0
DA:39,3
DA:42,5
DA:43,9
DA:44,9
DA:45,3
DA:46,0
DA:49,5
DA:50,0
DA:52,0
DA:53,0
DA:56,0
DA:57,0
DA:58,0
DA:60,0
DA:63,0
DA:66,5
DA:67,3
DA:68,0
DA:71,3
DA:72,3
DA:73,3
DA:74,3
DA:76,3
DA:77,9
DA:78,9
DA:79,9
DA:80,9
DA:81,9
DA:84,3
DA:85,3
DA:88,5
DA:89,0
DA:90,0
DA:92,0
DA:93,0
DA:94,0
DA:95,0
DA:98,0
DA:99,0
DA:100,0
DA:103,0
DA:106,5
DA:107,5
DA:108,5
DA:109,4
DA:110,12
DA:112,4
DA:113,0
DA:115,4
DA:118,0
DA:119,0
DA:124,0
DA:125,0
DA:126,0
DA:129,0
DA:132,5
DA:133,5
DA:134,5
DA:135,5
DA:138,5
DA:141,5
DA:142,5
DA:144,5
DA:148,5
DA:150,5
DA:154,5
DA:155,5
DA:158,5
DA:159,5
DA:160,5
DA:161,5
DA:162,5
DA:163,5
DA:164,5
DA:165,5
DA:167,5
DA:178,5
DA:179,3
DA:180,3
DA:181,3
DA:182,3
DA:183,3
DA:184,3
DA:185,3
DA:187,3
DA:197,5
DA:198,3
DA:199,3
DA:200,3
DA:203,5
DA:204,3
DA:205,3
DA:206,0
DA:209,3
DA:210,3
DA:211,3
DA:214,5
DA:215,3
DA:216,3
DA:218,3
DA:219,9
DA:220,9
DA:222,9
DA:223,9
DA:224,9
DA:227,3
DA:228,3
DA:231,5
DA:240,4
DA:241,1
DA:249,3
DA:262,8
DA:264,3
DA:265,1
DA:275,2
DA:276,2
DA:278,1
DA:287,1
DA:288,1
DA:289,3
DA:290,3
DA:291,3
DA:292,3
DA:293,3
DA:300,1
DA:301,0
DA:309,2
DA:310,1
DA:313,3
DA:315,1
DA:316,3
DA:317,3
DA:318,3
DA:319,3
DA:320,3
DA:322,0
DA:323,0
DA:326,3
DA:328,1
DA:329,1
DA:330,1
DA:333,1
DA:335,1
DA:337,3
DA:340,1
DA:342,3
DA:343,3
DA:344,3
DA:345,3
DA:350,1
DA:352,1
DA:354,1
DA:368,3
DA:381,5
DA:382,2
DA:385,5
DA:386,4
DA:389,5
LF:181
LH:146
BRDA:11,0,0,7
BRDA:11,0,1,0
BRDA:12,1,0,0
BRDA:12,2,0,43
BRDA:12,2,1,0
BRDA:17,3,0,1
BRDA:17,3,1,0
BRDA:18,4,0,1
BRDA:18,4,1,0
BRDA:20,5,0,0
BRDA:20,5,1,1
BRDA:20,6,0,1
BRDA:20,6,1,1
BRDA:28,7,0,48
BRDA:28,7,1,0
BRDA:33,8,0,0
BRDA:33,8,1,3
BRDA:35,9,0,0
BRDA:35,9,1,0
BRDA:43,10,0,9
BRDA:43,10,1,0
BRDA:44,11,0,6
BRDA:44,11,1,3
BRDA:45,12,0,3
BRDA:45,12,1,0
BRDA:45,13,0,3
BRDA:45,13,1,0
BRDA:50,14,0,0
BRDA:50,14,1,0
BRDA:52,15,0,0
BRDA:52,15,1,0
BRDA:52,16,0,0
BRDA:52,16,1,0
BRDA:56,17,0,0
BRDA:56,17,1,0
BRDA:57,18,0,0
BRDA:57,18,1,0
BRDA:67,19,0,0
BRDA:67,19,1,3
BRDA:67,20,0,3
BRDA:67,20,1,3
BRDA:67,20,2,3
BRDA:67,20,3,3
BRDA:77,21,0,9
BRDA:77,21,1,3
BRDA:78,22,0,9
BRDA:78,22,1,3
BRDA:84,23,0,0
BRDA:84,23,1,3
BRDA:84,24,0,3
BRDA:84,24,1,3
BRDA:89,25,0,0
BRDA:89,25,1,0
BRDA:90,26,0,0
BRDA:90,26,1,0
BRDA:107,27,0,5
BRDA:107,27,1,0
BRDA:109,28,0,4
BRDA:109,28,1,0
BRDA:112,29,0,0
BRDA:112,29,1,4
BRDA:125,30,0,0
BRDA:125,30,1,0
BRDA:133,31,0,0
BRDA:133,31,1,5
BRDA:133,32,0,5
BRDA:133,32,1,5
BRDA:138,33,0,5
BRDA:138,33,1,0
BRDA:142,34,0,5
BRDA:142,34,1,0
BRDA:148,35,0,5
BRDA:148,35,1,0
BRDA:155,36,0,5
BRDA:155,36,1,0
BRDA:162,37,0,5
BRDA:162,37,1,0
BRDA:163,38,0,5
BRDA:163,38,1,3
BRDA:179,39,0,3
BRDA:179,39,1,0
BRDA:198,40,0,3
BRDA:198,40,1,0
BRDA:199,41,0,0
BRDA:199,41,1,3
BRDA:205,42,0,0
BRDA:205,42,1,3
BRDA:220,43,0,0
BRDA:220,43,1,9
BRDA:222,44,0,9
BRDA:222,44,1,0
BRDA:227,45,0,0
BRDA:227,45,1,3
BRDA:236,46,0,1
BRDA:237,47,0,4
BRDA:238,48,0,3
BRDA:240,49,0,1
BRDA:240,49,1,3
BRDA:262,50,0,8
BRDA:262,50,1,8
BRDA:262,50,2,8
BRDA:264,51,0,1
BRDA:264,51,1,2
BRDA:292,52,0,3
BRDA:292,52,1,0
BRDA:300,53,0,0
BRDA:300,53,1,1
BRDA:313,54,0,3
BRDA:313,54,1,0
BRDA:318,55,0,3
BRDA:318,55,1,0
BRDA:320,56,0,3
BRDA:320,56,1,0
BRDA:323,57,0,0
BRDA:323,57,1,0
BRDA:328,58,0,1
BRDA:328,58,1,0
BRDA:329,59,0,1
BRDA:329,59,1,0
BRDA:329,60,0,1
BRDA:329,60,1,1
BRDA:343,61,0,3
BRDA:343,61,1,0
BRDA:350,62,0,1
BRDA:350,62,1,0
BRDA:364,63,0,1
BRDA:364,63,1,0
BRDA:365,64,0,1
BRDA:365,64,1,0
BRDA:369,65,0,3
BRDA:369,65,1,0
BRDA:370,66,0,3
BRDA:370,66,1,0
BRDA:376,67,0,3
BRDA:376,67,1,0
BRF:135
BRH:72
end_of_record
TN:
SF:utils\actionLogger.js
FN:3,(anonymous_0)
FN:14,(anonymous_1)
FN:22,(anonymous_2)
FNF:3
FNH:3
FNDA:18,(anonymous_0)
FNDA:18,(anonymous_1)
FNDA:18,(anonymous_2)
DA:1,5
DA:3,5
DA:4,18
DA:5,18
DA:6,18
DA:7,6
DA:8,6
DA:9,5
DA:11,1
DA:14,5
DA:15,18
DA:16,18
DA:17,1
DA:19,17
DA:22,5
DA:23,18
DA:24,18
DA:25,18
DA:29,18
DA:46,1
DA:50,5
LF:21
LH:21
BRDA:4,0,0,0
BRDA:4,0,1,18
BRDA:5,1,0,18
BRDA:5,1,1,6
BRDA:5,2,0,18
BRDA:5,2,1,6
BRDA:6,3,0,12
BRDA:6,3,1,6
BRDA:7,4,0,0
BRDA:7,4,1,6
BRDA:8,5,0,5
BRDA:8,5,1,1
BRDA:8,6,0,6
BRDA:8,6,1,5
BRDA:8,6,2,0
BRDA:16,7,0,1
BRDA:16,7,1,17
BRDA:16,8,0,18
BRDA:16,8,1,1
BRDA:19,9,0,17
BRDA:19,9,1,0
BRDA:24,10,0,18
BRDA:24,10,1,16
BRDA:24,10,2,0
BRDA:25,11,0,18
BRDA:25,11,1,0
BRDA:30,12,0,18
BRDA:30,12,1,5
BRDA:33,13,0,18
BRDA:33,13,1,12
BRDA:33,14,0,0
BRDA:33,14,1,12
BRDA:37,15,0,17
BRDA:37,15,1,1
BRDA:38,16,0,18
BRDA:38,16,1,13
BRDA:39,17,0,18
BRDA:39,17,1,13
BRDA:40,18,0,18
BRDA:40,18,1,1
BRDA:41,19,0,18
BRDA:41,19,1,3
BRDA:43,20,0,18
BRDA:43,20,1,17
BRF:44
BRH:37
end_of_record
TN:
SF:utils\categoryKeywords.js
FN:146,norm
FN:172,analyzeProjectDescription
FN:187,(anonymous_2)
FNF:3
FNH:3
FNDA:521,norm
FNDA:6,analyzeProjectDescription
FNDA:514,(anonymous_2)
DA:12,1
DA:147,521
DA:173,6
DA:176,6
DA:177,4
DA:180,2
DA:181,2
DA:182,2
DA:183,2
DA:184,2
DA:186,2
DA:187,514
DA:188,24
DA:190,24
DA:191,1
DA:192,1
DA:193,1
DA:194,1
DA:199,2
DA:200,1
DA:204,1
DA:206,1
DA:216,1
LF:23
LH:23
BRDA:147,0,0,521
BRDA:147,0,1,2
BRDA:172,1,0,1
BRDA:176,2,0,4
BRDA:176,2,1,2
BRDA:190,3,0,1
BRDA:190,3,1,23
BRDA:199,4,0,1
BRDA:199,4,1,1
BRF:9
BRH:9
end_of_record
