TN:
SF:app.js
FN:13,(anonymous_0)
FN:36,(anonymous_1)
FN:40,(anonymous_2)
FN:62,(anonymous_3)
FNF:4
FNH:2
FNDA:2,(anonymous_0)
FNDA:12,(anonymous_1)
FNDA:0,(anonymous_2)
FNDA:0,(anonymous_3)
DA:1,2
DA:2,2
DA:3,2
DA:4,2
DA:5,2
DA:7,2
DA:8,2
DA:10,2
DA:11,2
DA:13,2
DA:16,2
DA:24,2
DA:35,2
DA:37,12
DA:40,0
DA:42,12
DA:43,12
DA:46,0
DA:54,2
DA:55,2
DA:56,2
DA:57,2
DA:63,0
DA:64,0
DA:65,0
DA:67,0
DA:68,0
DA:73,2
DA:74,2
DA:75,2
DA:76,2
DA:78,2
DA:79,2
DA:80,2
DA:81,2
DA:82,2
DA:83,2
DA:84,2
DA:85,2
DA:87,2
DA:88,2
DA:89,2
DA:90,2
DA:91,2
DA:92,2
DA:93,2
DA:94,2
DA:95,2
DA:96,2
DA:98,2
LF:50
LH:43
BRDA:11,0,0,2
BRDA:11,0,1,2
BRDA:37,1,0,12
BRDA:37,1,1,0
BRDA:38,2,0,12
BRDA:38,2,1,0
BRDA:38,2,2,0
BRDA:67,3,0,0
BRDA:67,3,1,0
BRF:9
BRH:4
end_of_record
TN:
SF:config\db.js
FN:3,(anonymous_0)
FNF:1
FNH:1
FNDA:2,(anonymous_0)
DA:1,2
DA:3,2
DA:4,2
DA:5,2
DA:6,2
DA:8,0
DA:9,0
DA:13,2
LF:8
LH:6
BRF:0
BRH:0
end_of_record
TN:
SF:controllers\actionLogController.js
FN:3,(anonymous_0)
FN:9,(anonymous_1)
FN:12,(anonymous_2)
FN:38,(anonymous_3)
FN:110,(anonymous_4)
FN:132,(anonymous_5)
FN:145,(anonymous_6)
FN:158,(anonymous_7)
FNF:8
FNH:8
FNDA:3,(anonymous_0)
FNDA:3,(anonymous_1)
FNDA:6,(anonymous_2)
FNDA:3,(anonymous_3)
FNDA:1,(anonymous_4)
FNDA:1,(anonymous_5)
FNDA:2,(anonymous_6)
FNDA:1,(anonymous_7)
DA:1,3
DA:3,3
DA:4,3
DA:5,3
DA:6,2
DA:9,3
DA:10,3
DA:12,6
DA:14,3
DA:15,3
DA:17,3
DA:19,0
DA:20,0
DA:23,3
DA:25,0
DA:26,0
DA:29,3
DA:30,0
DA:31,0
DA:32,0
DA:35,3
DA:38,3
DA:39,3
DA:40,3
DA:41,3
DA:42,3
DA:44,3
DA:46,3
DA:47,0
DA:50,3
DA:51,0
DA:54,3
DA:55,3
DA:56,0
DA:59,3
DA:60,0
DA:61,0
DA:89,3
DA:110,3
DA:111,1
DA:112,1
DA:115,3
DA:132,1
DA:140,0
DA:141,0
DA:145,3
DA:146,2
DA:147,2
DA:148,1
DA:149,1
DA:151,0
DA:153,1
DA:154,1
DA:158,3
DA:159,1
DA:160,1
DA:161,1
DA:162,1
DA:165,0
DA:166,0
DA:171,0
DA:172,0
DA:176,3
LF:63
LH:44
BRDA:5,0,0,1
BRDA:5,0,1,2
BRDA:12,1,0,6
BRDA:12,1,1,0
BRDA:14,2,0,0
BRDA:14,2,1,3
BRDA:15,3,0,0
BRDA:15,3,1,3
BRDA:17,4,0,0
BRDA:17,4,1,3
BRDA:17,5,0,3
BRDA:17,5,1,0
BRDA:23,6,0,0
BRDA:23,6,1,3
BRDA:23,7,0,3
BRDA:23,7,1,0
BRDA:29,8,0,0
BRDA:29,8,1,3
BRDA:29,9,0,3
BRDA:29,9,1,0
BRDA:29,9,2,0
BRDA:35,10,0,0
BRDA:35,10,1,3
BRDA:40,11,0,3
BRDA:40,11,1,1
BRDA:46,12,0,0
BRDA:46,12,1,3
BRDA:50,13,0,0
BRDA:50,13,1,3
BRDA:55,14,0,0
BRDA:55,14,1,3
BRDA:59,15,0,0
BRDA:59,15,1,3
BRDA:111,16,0,1
BRDA:111,16,1,0
BRDA:111,17,0,1
BRDA:111,17,1,0
BRDA:121,18,0,3
BRDA:121,18,1,2
BRDA:134,19,0,1
BRDA:134,19,1,0
BRDA:148,20,0,1
BRDA:148,20,1,0
BRDA:160,21,0,1
BRDA:160,21,1,0
BRDA:161,22,0,1
BRDA:161,22,1,0
BRDA:168,23,0,0
BRDA:168,23,1,0
BRF:49
BRH:26
end_of_record
TN:
SF:controllers\aiController.js
FN:27,(anonymous_0)
FN:29,(anonymous_1)
FN:71,(anonymous_2)
FN:73,(anonymous_3)
FN:76,(anonymous_4)
FN:88,(anonymous_5)
FN:103,(anonymous_6)
FN:113,(anonymous_7)
FN:117,(anonymous_8)
FN:130,(anonymous_9)
FN:139,(anonymous_10)
FN:150,(anonymous_11)
FN:171,(anonymous_12)
FN:179,(anonymous_13)
FN:280,(anonymous_14)
FN:323,(anonymous_15)
FN:351,(anonymous_16)
FN:420,(anonymous_17)
FNF:18
FNH:14
FNDA:23,(anonymous_0)
FNDA:1,(anonymous_1)
FNDA:1,(anonymous_2)
FNDA:9,(anonymous_3)
FNDA:1,(anonymous_4)
FNDA:1,(anonymous_5)
FNDA:1,(anonymous_6)
FNDA:2,(anonymous_7)
FNDA:0,(anonymous_8)
FNDA:1,(anonymous_9)
FNDA:0,(anonymous_10)
FNDA:1,(anonymous_11)
FNDA:2,(anonymous_12)
FNDA:0,(anonymous_13)
FNDA:4,(anonymous_14)
FNDA:4,(anonymous_15)
FNDA:2,(anonymous_16)
FNDA:0,(anonymous_17)
DA:10,3
DA:11,3
DA:12,3
DA:14,3
DA:27,23
DA:29,3
DA:30,1
DA:32,1
DA:33,0
DA:45,1
DA:46,0
DA:58,1
DA:71,3
DA:72,1
DA:73,9
DA:76,3
DA:77,1
DA:78,1
DA:88,1
DA:89,1
DA:90,1
DA:92,1
DA:93,1
DA:94,1
DA:95,1
DA:97,1
DA:98,0
DA:99,0
DA:103,1
DA:110,1
DA:113,3
DA:114,2
DA:116,1
DA:118,0
DA:119,0
DA:120,0
DA:121,0
DA:130,3
DA:131,1
DA:132,1
DA:134,1
DA:135,1
DA:136,1
DA:137,0
DA:138,0
DA:139,0
DA:144,1
DA:150,3
DA:151,1
DA:153,1
DA:160,1
DA:168,1
DA:171,3
DA:172,2
DA:173,2
DA:174,2
DA:175,2
DA:176,0
DA:179,3
DA:180,0
DA:182,0
DA:183,0
DA:184,0
DA:186,0
DA:187,0
DA:199,0
DA:200,0
DA:212,0
DA:213,0
DA:219,0
DA:220,0
DA:232,0
DA:233,0
DA:243,0
DA:244,0
DA:254,0
DA:280,3
DA:281,4
DA:286,4
DA:287,4
DA:293,4
DA:294,1
DA:300,3
DA:301,0
DA:306,3
DA:307,3
DA:308,1
DA:318,2
DA:321,1
DA:323,1
DA:324,4
DA:325,4
DA:326,4
DA:327,4
DA:328,4
DA:329,4
DA:334,1
DA:342,1
DA:343,1
DA:351,3
DA:352,2
DA:353,2
DA:354,2
DA:355,2
DA:356,2
DA:357,2
DA:359,2
DA:360,1
DA:363,1
DA:364,1
DA:365,0
DA:370,1
DA:372,1
DA:373,1
DA:374,1
DA:375,1
DA:376,1
DA:377,1
DA:378,1
DA:380,1
DA:381,1
DA:382,1
DA:387,1
DA:391,1
DA:398,1
DA:402,1
DA:410,1
DA:418,1
DA:420,0
DA:424,1
DA:432,1
DA:433,1
DA:434,1
DA:436,1
DA:437,0
DA:438,0
DA:444,0
DA:452,0
DA:453,0
DA:455,0
DA:458,1
DA:459,0
DA:462,1
DA:463,0
DA:466,1
DA:479,0
DA:481,0
DA:482,0
DA:484,0
DA:491,3
LF:150
LH:106
BRDA:27,0,0,12
BRDA:27,0,1,11
BRDA:30,1,0,1
BRDA:30,1,1,0
BRDA:32,2,0,0
BRDA:32,2,1,1
BRDA:34,3,0,0
BRDA:34,3,1,0
BRDA:40,4,0,0
BRDA:40,4,1,0
BRDA:45,5,0,0
BRDA:45,5,1,1
BRDA:47,6,0,0
BRDA:47,6,1,0
BRDA:59,7,0,1
BRDA:59,7,1,1
BRDA:65,8,0,1
BRDA:65,8,1,1
BRDA:66,9,0,1
BRDA:66,9,1,0
BRDA:67,10,0,1
BRDA:67,10,1,0
BRDA:73,11,0,1
BRDA:73,11,1,8
BRDA:77,12,0,1
BRDA:77,12,1,0
BRDA:89,13,0,1
BRDA:89,13,1,0
BRDA:90,14,0,1
BRDA:90,14,1,0
BRDA:92,15,0,0
BRDA:92,15,1,1
BRDA:93,16,0,1
BRDA:93,16,1,0
BRDA:95,17,0,1
BRDA:95,17,1,0
BRDA:97,18,0,0
BRDA:97,18,1,1
BRDA:99,19,0,0
BRDA:99,19,1,0
BRDA:104,20,0,1
BRDA:104,20,1,0
BRDA:104,21,0,0
BRDA:104,21,1,0
BRDA:105,22,0,1
BRDA:105,22,1,0
BRDA:106,23,0,1
BRDA:106,23,1,0
BRDA:107,24,0,1
BRDA:107,24,1,0
BRDA:114,25,0,1
BRDA:114,25,1,1
BRDA:118,26,0,0
BRDA:118,26,1,0
BRDA:120,27,0,0
BRDA:120,27,1,0
BRDA:123,28,0,0
BRDA:123,28,1,0
BRDA:131,29,0,1
BRDA:131,29,1,0
BRDA:135,30,0,1
BRDA:135,30,1,0
BRDA:137,31,0,0
BRDA:137,31,1,0
BRDA:139,32,0,0
BRDA:139,32,1,0
BRDA:173,33,0,0
BRDA:173,33,1,2
BRDA:174,34,0,0
BRDA:174,34,1,2
BRDA:175,35,0,2
BRDA:175,35,1,0
BRDA:186,36,0,0
BRDA:186,36,1,0
BRDA:186,37,0,0
BRDA:186,37,1,0
BRDA:199,38,0,0
BRDA:199,38,1,0
BRDA:199,39,0,0
BRDA:199,39,1,0
BRDA:212,40,0,0
BRDA:212,40,1,0
BRDA:219,41,0,0
BRDA:219,41,1,0
BRDA:232,42,0,0
BRDA:232,42,1,0
BRDA:243,43,0,0
BRDA:243,43,1,0
BRDA:287,44,0,4
BRDA:287,44,1,0
BRDA:287,45,0,4
BRDA:287,45,1,4
BRDA:293,46,0,1
BRDA:293,46,1,3
BRDA:293,47,0,4
BRDA:293,47,1,3
BRDA:300,48,0,0
BRDA:300,48,1,3
BRDA:307,49,0,1
BRDA:307,49,1,2
BRDA:325,50,0,0
BRDA:325,50,1,4
BRDA:327,51,0,0
BRDA:327,51,1,4
BRDA:327,52,0,4
BRDA:327,52,1,4
BRDA:328,53,0,0
BRDA:328,53,1,4
BRDA:353,54,0,2
BRDA:353,54,1,0
BRDA:353,55,0,2
BRDA:353,55,1,2
BRDA:354,56,0,1
BRDA:354,56,1,1
BRDA:355,57,0,1
BRDA:355,57,1,1
BRDA:356,58,0,0
BRDA:356,58,1,2
BRDA:356,59,0,2
BRDA:356,59,1,0
BRDA:359,60,0,1
BRDA:359,60,1,1
BRDA:363,61,0,1
BRDA:363,61,1,0
BRDA:364,62,0,0
BRDA:364,62,1,1
BRDA:370,63,0,1
BRDA:370,63,1,1
BRDA:372,64,0,1
BRDA:372,64,1,0
BRDA:372,64,2,0
BRDA:373,65,0,1
BRDA:373,65,1,0
BRDA:376,66,0,1
BRDA:376,66,1,1
BRDA:377,67,0,1
BRDA:377,67,1,0
BRDA:378,68,0,1
BRDA:378,68,1,1
BRDA:381,69,0,1
BRDA:381,69,1,0
BRDA:381,70,0,1
BRDA:381,70,1,1
BRDA:381,70,2,0
BRDA:391,71,0,1
BRDA:391,71,1,0
BRDA:393,72,0,0
BRDA:393,72,1,0
BRDA:398,73,0,1
BRDA:398,73,1,0
BRDA:404,74,0,1
BRDA:404,74,1,0
BRDA:412,75,0,1
BRDA:412,75,1,0
BRDA:413,76,0,1
BRDA:413,76,1,0
BRDA:436,77,0,0
BRDA:436,77,1,1
BRDA:440,78,0,0
BRDA:440,78,1,0
BRDA:452,79,0,0
BRDA:452,79,1,0
BRDA:455,80,0,0
BRDA:455,80,1,0
BRDA:458,81,0,0
BRDA:458,81,1,1
BRDA:462,82,0,0
BRDA:462,82,1,1
BRDA:471,83,0,1
BRDA:471,83,1,0
BRDA:479,84,0,0
BRDA:479,84,1,0
BRDA:479,84,2,0
BRDA:481,85,0,0
BRDA:481,85,1,0
BRF:175
BRH:80
end_of_record
TN:
SF:controllers\aiShopperController.js
FN:20,(anonymous_0)
FN:29,(anonymous_1)
FN:31,(anonymous_2)
FN:36,(anonymous_3)
FN:41,(anonymous_4)
FN:48,(anonymous_5)
FN:54,(anonymous_6)
FN:131,(anonymous_7)
FN:133,(anonymous_8)
FN:135,(anonymous_9)
FN:138,(anonymous_10)
FN:142,(anonymous_11)
FN:144,(anonymous_12)
FN:145,(anonymous_13)
FN:151,(anonymous_14)
FN:154,(anonymous_15)
FN:168,(anonymous_16)
FN:174,(anonymous_17)
FN:187,(anonymous_18)
FN:195,(anonymous_19)
FN:201,(anonymous_20)
FN:216,(anonymous_21)
FN:239,(anonymous_22)
FN:240,(anonymous_23)
FN:244,(anonymous_24)
FN:251,(anonymous_25)
FN:291,(anonymous_26)
FN:295,(anonymous_27)
FN:303,(anonymous_28)
FN:305,(anonymous_29)
FN:314,(anonymous_30)
FN:315,(anonymous_31)
FN:318,(anonymous_32)
FN:323,(anonymous_33)
FN:333,(anonymous_34)
FN:363,(anonymous_35)
FN:367,(anonymous_36)
FN:383,(anonymous_37)
FN:386,(anonymous_38)
FN:460,(anonymous_39)
FN:467,(anonymous_40)
FNF:41
FNH:38
FNDA:100,(anonymous_0)
FNDA:30,(anonymous_1)
FNDA:4,(anonymous_2)
FNDA:4,(anonymous_3)
FNDA:4,(anonymous_4)
FNDA:3,(anonymous_5)
FNDA:1,(anonymous_6)
FNDA:8,(anonymous_7)
FNDA:16,(anonymous_8)
FNDA:2,(anonymous_9)
FNDA:13,(anonymous_10)
FNDA:12,(anonymous_11)
FNDA:58,(anonymous_12)
FNDA:58,(anonymous_13)
FNDA:14,(anonymous_14)
FNDA:26,(anonymous_15)
FNDA:4,(anonymous_16)
FNDA:2,(anonymous_17)
FNDA:1,(anonymous_18)
FNDA:2,(anonymous_19)
FNDA:26,(anonymous_20)
FNDA:1,(anonymous_21)
FNDA:2,(anonymous_22)
FNDA:2,(anonymous_23)
FNDA:28,(anonymous_24)
FNDA:28,(anonymous_25)
FNDA:1,(anonymous_26)
FNDA:0,(anonymous_27)
FNDA:1,(anonymous_28)
FNDA:1,(anonymous_29)
FNDA:1,(anonymous_30)
FNDA:1,(anonymous_31)
FNDA:0,(anonymous_32)
FNDA:0,(anonymous_33)
FNDA:1,(anonymous_34)
FNDA:1,(anonymous_35)
FNDA:1,(anonymous_36)
FNDA:1,(anonymous_37)
FNDA:5,(anonymous_38)
FNDA:1,(anonymous_39)
FNDA:1,(anonymous_40)
DA:13,3
DA:14,3
DA:15,3
DA:17,3
DA:18,3
DA:20,3
DA:21,100
DA:29,30
DA:31,3
DA:32,4
DA:33,4
DA:36,3
DA:37,4
DA:38,4
DA:41,3
DA:42,4
DA:43,4
DA:44,3
DA:45,2
DA:48,3
DA:49,3
DA:50,3
DA:51,3
DA:54,3
DA:55,1
DA:57,1
DA:58,1
DA:60,0
DA:61,0
DA:64,3
DA:70,3
DA:97,3
DA:131,8
DA:133,16
DA:135,3
DA:136,2
DA:137,2
DA:138,13
DA:140,2
DA:142,2
DA:143,12
DA:144,58
DA:145,58
DA:147,12
DA:149,2
DA:151,2
DA:152,14
DA:153,14
DA:154,14
DA:155,26
DA:156,22
DA:162,2
DA:168,3
DA:169,4
DA:170,4
DA:171,4
DA:174,3
DA:175,2
DA:176,2
DA:178,2
DA:184,2
DA:187,3
DA:188,1
DA:189,1
DA:190,1
DA:191,1
DA:193,1
DA:195,1
DA:196,2
DA:197,2
DA:198,2
DA:201,1
DA:202,26
DA:203,26
DA:204,1
DA:205,1
DA:207,25
DA:208,0
DA:209,0
DA:211,25
DA:212,2
DA:216,1
DA:217,1
DA:218,1
DA:219,1
DA:220,1
DA:221,1
DA:223,0
DA:224,0
DA:228,1
DA:229,1
DA:230,1
DA:232,1
DA:233,1
DA:234,1
DA:236,1
DA:239,3
DA:240,2
DA:241,2
DA:244,28
DA:246,2
DA:247,2
DA:248,2
DA:251,2
DA:252,28
DA:253,28
DA:254,28
DA:257,2
DA:262,2
DA:263,2
DA:266,2
DA:275,2
DA:277,1
DA:290,2
DA:291,1
DA:296,0
DA:297,0
DA:298,0
DA:300,0
DA:303,1
DA:305,2
DA:314,3
DA:315,1
DA:316,1
DA:318,1
DA:319,0
DA:320,0
DA:322,0
DA:324,0
DA:325,0
DA:330,1
DA:331,1
DA:333,1
DA:334,1
DA:335,1
DA:337,1
DA:338,0
DA:341,1
DA:342,1
DA:344,1
DA:345,1
DA:346,1
DA:348,1
DA:360,1
DA:363,3
DA:364,1
DA:366,1
DA:368,1
DA:369,1
DA:370,1
DA:371,1
DA:372,1
DA:374,1
DA:383,1
DA:386,3
DA:387,5
DA:393,5
DA:395,5
DA:396,1
DA:399,4
DA:400,4
DA:401,0
DA:404,4
DA:405,0
DA:408,4
DA:409,4
DA:410,0
DA:413,4
DA:415,4
DA:419,4
DA:420,1
DA:423,3
DA:424,1
DA:427,2
DA:431,2
DA:432,2
DA:434,2
DA:439,2
DA:455,1
DA:456,1
DA:458,1
DA:460,1
DA:465,1
DA:467,1
DA:472,1
DA:473,1
DA:474,1
DA:475,1
DA:479,1
DA:511,1
DA:513,1
DA:515,1
DA:516,1
DA:521,0
DA:522,0
DA:527,0
DA:528,0
DA:533,0
DA:534,0
DA:539,0
DA:540,0
DA:545,0
DA:546,0
DA:551,0
DA:558,3
LF:205
LH:175
BRDA:21,0,0,100
BRDA:21,0,1,0
BRDA:29,1,0,30
BRDA:29,1,1,0
BRDA:31,2,0,0
BRDA:33,3,0,4
BRDA:33,3,1,0
BRDA:33,4,0,4
BRDA:33,4,1,4
BRDA:43,5,0,1
BRDA:43,5,1,3
BRDA:43,6,0,4
BRDA:43,6,1,3
BRDA:44,7,0,1
BRDA:44,7,1,2
BRDA:49,8,0,0
BRDA:49,8,1,3
BRDA:50,9,0,0
BRDA:50,9,1,3
BRDA:55,10,0,0
BRDA:55,10,1,1
BRDA:55,11,0,1
BRDA:55,11,1,1
BRDA:57,12,0,1
BRDA:57,12,1,0
BRDA:58,13,0,1
BRDA:58,13,1,0
BRDA:60,14,0,0
BRDA:60,14,1,0
BRDA:60,15,0,0
BRDA:60,15,1,0
BRDA:61,16,0,0
BRDA:61,16,1,0
BRDA:131,17,0,8
BRDA:131,17,1,0
BRDA:138,18,0,13
BRDA:138,18,1,8
BRDA:144,19,0,12
BRDA:144,19,1,0
BRDA:145,20,0,58
BRDA:145,20,1,58
BRDA:147,21,0,10
BRDA:147,21,1,2
BRDA:152,22,0,0
BRDA:152,22,1,14
BRDA:155,23,0,22
BRDA:155,23,1,4
BRDA:155,24,0,26
BRDA:155,24,1,22
BRDA:168,25,0,0
BRDA:170,26,0,0
BRDA:170,26,1,4
BRDA:170,27,0,4
BRDA:170,27,1,4
BRDA:174,28,0,0
BRDA:175,29,0,2
BRDA:175,29,1,0
BRDA:176,30,0,0
BRDA:176,30,1,2
BRDA:184,31,0,2
BRDA:184,31,1,0
BRDA:196,32,0,0
BRDA:196,32,1,2
BRDA:197,33,0,0
BRDA:197,33,1,2
BRDA:198,34,0,0
BRDA:198,34,1,2
BRDA:202,35,0,0
BRDA:202,35,1,26
BRDA:203,36,0,1
BRDA:203,36,1,25
BRDA:207,37,0,0
BRDA:207,37,1,25
BRDA:211,38,0,2
BRDA:211,38,1,23
BRDA:218,39,0,0
BRDA:218,39,1,1
BRDA:219,40,0,1
BRDA:219,40,1,0
BRDA:223,41,0,0
BRDA:223,41,1,0
BRDA:228,42,0,1
BRDA:228,42,1,0
BRDA:229,43,0,1
BRDA:229,43,1,0
BRDA:230,44,0,1
BRDA:230,44,1,0
BRDA:247,45,0,2
BRDA:247,45,1,0
BRDA:262,46,0,2
BRDA:262,46,1,0
BRDA:275,47,0,1
BRDA:275,47,1,1
BRDA:296,48,0,0
BRDA:296,48,1,0
BRDA:297,49,0,0
BRDA:297,49,1,0
BRDA:297,50,0,0
BRDA:297,50,1,0
BRDA:297,51,0,0
BRDA:297,51,1,0
BRDA:298,52,0,0
BRDA:298,52,1,0
BRDA:298,53,0,0
BRDA:298,53,1,0
BRDA:300,54,0,0
BRDA:300,54,1,0
BRDA:300,55,0,0
BRDA:300,55,1,0
BRDA:307,56,0,1
BRDA:307,56,1,0
BRDA:310,57,0,1
BRDA:310,57,1,0
BRDA:320,58,0,0
BRDA:320,58,1,0
BRDA:323,59,0,0
BRDA:323,59,1,0
BRDA:325,60,0,0
BRDA:325,60,1,0
BRDA:331,61,0,1
BRDA:331,61,1,0
BRDA:334,62,0,1
BRDA:334,62,1,0
BRDA:335,63,0,1
BRDA:335,63,1,0
BRDA:337,64,0,0
BRDA:337,64,1,1
BRDA:341,65,0,0
BRDA:341,65,1,1
BRDA:342,66,0,0
BRDA:342,66,1,1
BRDA:356,67,0,1
BRDA:356,67,1,0
BRDA:364,68,0,1
BRDA:364,68,1,0
BRDA:368,69,0,1
BRDA:368,69,1,0
BRDA:369,70,0,1
BRDA:369,70,1,0
BRDA:370,71,0,1
BRDA:370,71,1,0
BRDA:370,71,2,0
BRDA:379,72,0,1
BRDA:379,72,1,0
BRDA:393,73,0,5
BRDA:393,73,1,0
BRDA:395,74,0,1
BRDA:395,74,1,4
BRDA:400,75,0,0
BRDA:400,75,1,4
BRDA:404,76,0,0
BRDA:404,76,1,4
BRDA:409,77,0,0
BRDA:409,77,1,4
BRDA:413,78,0,4
BRDA:413,78,1,3
BRDA:419,79,0,1
BRDA:419,79,1,3
BRDA:423,80,0,1
BRDA:423,80,1,2
BRDA:450,81,0,2
BRDA:450,81,1,1
BRDA:460,82,0,1
BRDA:460,82,1,0
BRDA:467,83,0,1
BRDA:467,83,1,0
BRDA:475,84,0,0
BRDA:475,84,1,1
BRDA:482,85,0,1
BRDA:482,85,1,0
BRDA:483,86,0,1
BRDA:483,86,1,0
BRDA:484,87,0,1
BRDA:484,87,1,0
BRDA:513,88,0,1
BRDA:513,88,1,0
BRDA:515,89,0,1
BRDA:515,89,1,0
BRDA:515,90,0,1
BRDA:515,90,1,0
BRDA:521,91,0,0
BRDA:521,91,1,0
BRDA:521,92,0,0
BRDA:521,92,1,0
BRDA:527,93,0,0
BRDA:527,93,1,0
BRDA:527,94,0,0
BRDA:527,94,1,0
BRDA:533,95,0,0
BRDA:533,95,1,0
BRDA:539,96,0,0
BRDA:539,96,1,0
BRDA:545,97,0,0
BRDA:545,97,1,0
BRF:194
BRH:92
end_of_record
TN:
SF:controllers\analyticsController.js
FN:3,(anonymous_0)
FN:12,(anonymous_1)
FNF:2
FNH:2
FNDA:2,(anonymous_0)
FNDA:3,(anonymous_1)
DA:1,3
DA:3,3
DA:4,2
DA:12,3
DA:13,3
DA:14,3
DA:15,3
DA:16,3
DA:17,3
DA:19,3
DA:20,1
DA:23,2
DA:33,1
DA:38,1
DA:39,1
DA:43,3
LF:16
LH:16
BRDA:4,0,0,2
BRDA:4,0,1,0
BRDA:14,1,0,3
BRDA:14,1,1,1
BRDA:14,1,2,1
BRDA:15,2,0,3
BRDA:15,2,1,2
BRDA:15,2,2,1
BRDA:16,3,0,3
BRDA:16,3,1,2
BRDA:17,4,0,3
BRDA:17,4,1,2
BRDA:19,5,0,1
BRDA:19,5,1,2
BRDA:25,6,0,2
BRDA:25,6,1,1
BRF:16
BRH:15
end_of_record
TN:
SF:controllers\artisanController.js
FN:12,(anonymous_0)
FN:25,(anonymous_1)
FN:29,(anonymous_2)
FN:33,(anonymous_3)
FN:34,(anonymous_4)
FN:40,(anonymous_5)
FN:51,(anonymous_6)
FN:61,(anonymous_7)
FN:126,(anonymous_8)
FN:135,(anonymous_9)
FN:144,(anonymous_10)
FN:148,(anonymous_11)
FN:164,(anonymous_12)
FN:175,(anonymous_13)
FN:190,(anonymous_14)
FN:206,(anonymous_15)
FN:217,(anonymous_16)
FN:261,(anonymous_17)
FN:277,(anonymous_18)
FN:308,(anonymous_19)
FN:337,(anonymous_20)
FN:350,(anonymous_21)
FN:362,(anonymous_22)
FN:378,(anonymous_23)
FN:412,(anonymous_24)
FN:434,(anonymous_25)
FN:457,(anonymous_26)
FN:487,(anonymous_27)
FN:508,(anonymous_28)
FNF:29
FNH:14
FNDA:1,(anonymous_0)
FNDA:0,(anonymous_1)
FNDA:0,(anonymous_2)
FNDA:1,(anonymous_3)
FNDA:0,(anonymous_4)
FNDA:0,(anonymous_5)
FNDA:3,(anonymous_6)
FNDA:5,(anonymous_7)
FNDA:4,(anonymous_8)
FNDA:4,(anonymous_9)
FNDA:0,(anonymous_10)
FNDA:5,(anonymous_11)
FNDA:1,(anonymous_12)
FNDA:1,(anonymous_13)
FNDA:2,(anonymous_14)
FNDA:0,(anonymous_15)
FNDA:2,(anonymous_16)
FNDA:0,(anonymous_17)
FNDA:0,(anonymous_18)
FNDA:3,(anonymous_19)
FNDA:0,(anonymous_20)
FNDA:0,(anonymous_21)
FNDA:0,(anonymous_22)
FNDA:1,(anonymous_23)
FNDA:1,(anonymous_24)
FNDA:0,(anonymous_25)
FNDA:0,(anonymous_26)
FNDA:0,(anonymous_27)
FNDA:0,(anonymous_28)
DA:1,3
DA:2,3
DA:3,3
DA:4,3
DA:5,3
DA:6,3
DA:7,3
DA:8,3
DA:10,3
DA:12,3
DA:13,1
DA:14,0
DA:15,0
DA:16,0
DA:17,0
DA:19,0
DA:23,0
DA:25,0
DA:29,0
DA:33,3
DA:34,1
DA:40,3
DA:41,0
DA:42,0
DA:43,0
DA:44,0
DA:45,0
DA:46,0
DA:51,3
DA:55,3
DA:57,3
DA:58,0
DA:61,5
DA:63,3
DA:99,3
DA:125,3
DA:126,3
DA:127,4
DA:134,3
DA:135,3
DA:136,4
DA:143,3
DA:144,3
DA:145,0
DA:148,5
DA:164,3
DA:165,1
DA:166,1
DA:167,0
DA:169,0
DA:171,1
DA:175,3
DA:176,1
DA:177,1
DA:179,1
DA:180,0
DA:183,1
DA:188,1
DA:189,1
DA:190,2
DA:192,1
DA:194,1
DA:202,0
DA:206,3
DA:207,0
DA:208,0
DA:211,0
DA:213,0
DA:217,3
DA:218,2
DA:219,2
DA:220,2
DA:221,1
DA:224,1
DA:225,1
DA:226,1
DA:229,0
DA:230,0
DA:233,0
DA:235,0
DA:241,0
DA:244,0
DA:245,0
DA:246,0
DA:255,0
DA:257,0
DA:261,3
DA:262,0
DA:263,0
DA:264,0
DA:265,0
DA:267,0
DA:268,0
DA:269,0
DA:271,0
DA:273,0
DA:277,3
DA:278,0
DA:279,0
DA:281,0
DA:282,0
DA:285,0
DA:287,0
DA:300,0
DA:302,0
DA:304,0
DA:308,3
DA:309,3
DA:310,3
DA:312,3
DA:313,0
DA:316,3
DA:317,3
DA:319,3
DA:320,3
DA:324,3
DA:326,3
DA:333,0
DA:337,3
DA:338,0
DA:339,0
DA:340,0
DA:341,0
DA:343,0
DA:345,0
DA:350,3
DA:351,0
DA:352,0
DA:353,0
DA:354,0
DA:356,0
DA:358,0
DA:362,3
DA:363,0
DA:364,0
DA:365,0
DA:366,0
DA:368,0
DA:369,0
DA:370,0
DA:372,0
DA:374,0
DA:378,3
DA:379,1
DA:380,1
DA:381,1
DA:382,0
DA:385,1
DA:387,1
DA:388,0
DA:391,1
DA:396,1
DA:405,1
DA:406,1
DA:408,0
DA:412,3
DA:413,1
DA:414,1
DA:415,1
DA:416,0
DA:419,1
DA:420,1
DA:421,0
DA:424,1
DA:425,1
DA:428,0
DA:429,0
DA:430,0
DA:433,0
DA:434,0
DA:436,0
DA:437,0
DA:440,0
DA:450,0
DA:451,0
DA:453,0
DA:457,3
DA:458,0
DA:459,0
DA:460,0
DA:461,0
DA:464,0
DA:465,0
DA:466,0
DA:469,0
DA:471,0
DA:472,0
DA:473,0
DA:474,0
DA:476,0
DA:477,0
DA:480,0
DA:481,0
DA:483,0
DA:487,3
DA:488,0
DA:489,0
DA:490,0
DA:491,0
DA:494,0
DA:495,0
DA:496,0
DA:499,0
DA:500,0
DA:501,0
DA:502,0
DA:504,0
DA:508,3
DA:509,0
DA:510,0
DA:511,0
DA:512,0
DA:515,0
DA:516,0
DA:517,0
DA:520,0
DA:521,0
DA:522,0
DA:524,0
DA:525,0
DA:528,0
DA:529,0
DA:531,0
DA:533,0
LF:224
LH:88
BRDA:13,0,0,1
BRDA:13,0,1,0
BRDA:15,1,0,0
BRDA:15,1,1,0
BRDA:23,2,0,0
BRDA:23,2,1,0
BRDA:26,3,0,0
BRDA:26,3,1,0
BRDA:27,4,0,0
BRDA:27,4,1,0
BRDA:33,5,0,0
BRDA:35,6,0,0
BRDA:35,6,1,0
BRDA:35,7,0,0
BRDA:35,7,1,0
BRDA:40,8,0,0
BRDA:42,9,0,0
BRDA:42,9,1,0
BRDA:43,10,0,0
BRDA:43,10,1,0
BRDA:45,11,0,0
BRDA:45,11,1,0
BRDA:51,12,0,0
BRDA:53,13,0,0
BRDA:54,14,0,0
BRDA:57,15,0,0
BRDA:57,15,1,3
BRDA:57,16,0,3
BRDA:57,16,1,3
BRDA:63,17,0,3
BRDA:63,17,1,0
BRDA:112,18,0,3
BRDA:112,18,1,0
BRDA:130,19,0,4
BRDA:130,19,1,0
BRDA:138,20,0,4
BRDA:138,20,1,0
BRDA:139,21,0,4
BRDA:139,21,1,0
BRDA:145,22,0,0
BRDA:145,22,1,0
BRDA:150,23,0,5
BRDA:150,23,1,1
BRDA:151,24,0,5
BRDA:151,24,1,1
BRDA:152,25,0,5
BRDA:152,25,1,1
BRDA:153,26,0,5
BRDA:153,26,1,0
BRDA:154,27,0,5
BRDA:154,27,1,0
BRDA:154,28,0,5
BRDA:154,28,1,1
BRDA:155,29,0,5
BRDA:155,29,1,0
BRDA:156,30,0,5
BRDA:156,30,1,1
BRDA:157,31,0,5
BRDA:157,31,1,1
BRDA:158,32,0,5
BRDA:158,32,1,5
BRDA:159,33,0,5
BRDA:159,33,1,5
BRDA:179,34,0,0
BRDA:179,34,1,1
BRDA:189,35,0,1
BRDA:189,35,1,0
BRDA:192,36,0,1
BRDA:192,36,1,0
BRDA:220,37,0,1
BRDA:220,37,1,1
BRDA:220,38,0,2
BRDA:220,38,1,1
BRDA:220,38,2,1
BRDA:225,39,0,1
BRDA:225,39,1,0
BRDA:229,40,0,0
BRDA:229,40,1,0
BRDA:237,41,0,0
BRDA:237,41,1,0
BRDA:248,42,0,0
BRDA:248,42,1,0
BRDA:249,43,0,0
BRDA:249,43,1,0
BRDA:249,44,0,0
BRDA:249,44,1,0
BRDA:264,45,0,0
BRDA:264,45,1,0
BRDA:268,46,0,0
BRDA:268,46,1,0
BRDA:279,47,0,0
BRDA:279,47,1,0
BRDA:281,48,0,0
BRDA:281,48,1,0
BRDA:310,49,0,3
BRDA:310,49,1,0
BRDA:310,49,2,0
BRDA:312,50,0,0
BRDA:312,50,1,3
BRDA:340,51,0,0
BRDA:340,51,1,0
BRDA:343,52,0,0
BRDA:343,52,1,0
BRDA:353,53,0,0
BRDA:353,53,1,0
BRDA:356,54,0,0
BRDA:356,54,1,0
BRDA:365,55,0,0
BRDA:365,55,1,0
BRDA:369,56,0,0
BRDA:369,56,1,0
BRDA:381,57,0,0
BRDA:381,57,1,1
BRDA:387,58,0,0
BRDA:387,58,1,1
BRDA:387,59,0,1
BRDA:387,59,1,1
BRDA:393,60,0,1
BRDA:393,60,1,0
BRDA:399,61,0,1
BRDA:399,61,1,0
BRDA:400,62,0,1
BRDA:400,62,1,1
BRDA:415,63,0,0
BRDA:415,63,1,1
BRDA:420,64,0,0
BRDA:420,64,1,1
BRDA:424,65,0,1
BRDA:424,65,1,0
BRDA:428,66,0,0
BRDA:428,66,1,0
BRDA:428,67,0,0
BRDA:428,67,1,0
BRDA:429,68,0,0
BRDA:429,68,1,0
BRDA:433,69,0,0
BRDA:433,69,1,0
BRDA:434,70,0,0
BRDA:434,70,1,0
BRDA:436,71,0,0
BRDA:436,71,1,0
BRDA:442,72,0,0
BRDA:442,72,1,0
BRDA:443,73,0,0
BRDA:443,73,1,0
BRDA:444,74,0,0
BRDA:444,74,1,0
BRDA:460,75,0,0
BRDA:460,75,1,0
BRDA:465,76,0,0
BRDA:465,76,1,0
BRDA:471,77,0,0
BRDA:471,77,1,0
BRDA:472,78,0,0
BRDA:472,78,1,0
BRDA:473,79,0,0
BRDA:473,79,1,0
BRDA:474,80,0,0
BRDA:474,80,1,0
BRDA:476,81,0,0
BRDA:476,81,1,0
BRDA:490,82,0,0
BRDA:490,82,1,0
BRDA:495,83,0,0
BRDA:495,83,1,0
BRDA:499,84,0,0
BRDA:499,84,1,0
BRDA:511,85,0,0
BRDA:511,85,1,0
BRDA:516,86,0,0
BRDA:516,86,1,0
BRDA:520,87,0,0
BRDA:520,87,1,0
BRDA:524,88,0,0
BRDA:524,88,1,0
BRDA:528,89,0,0
BRDA:528,89,1,0
BRF:177
BRH:50
end_of_record
TN:
SF:controllers\authController.js
FN:28,(anonymous_0)
FN:40,(anonymous_1)
FN:61,(anonymous_2)
FN:69,(anonymous_3)
FN:75,(anonymous_4)
FN:87,(anonymous_5)
FN:93,(anonymous_6)
FN:104,(anonymous_7)
FN:119,(anonymous_8)
FN:238,(anonymous_9)
FN:302,createOAuthUser
FN:317,googleLogin
FN:417,(anonymous_12)
FN:446,(anonymous_13)
FN:528,(anonymous_14)
FN:535,(anonymous_15)
FN:547,(anonymous_16)
FN:559,(anonymous_17)
FN:594,requestEmailChange
FN:668,confirmEmailChange
FN:715,subAdminForgotPassword
FN:745,resetSubAdminPassword
FN:790,updateSubAdminPermissions
FN:839,faceLogin
FN:904,getFaceDescriptorStatus
FN:918,saveFaceDescriptor
FN:937,deleteFaceDescriptor
FN:986,getTransporter
FN:1012,sendResetEmail
FN:1035,sendVerificationEmail
FN:1058,sendTemporaryPasswordEmail
FN:1082,normalizePhone
FN:1094,sendSMS
FN:1107,sendPhoneVerification
FN:1154,verifyPhone
FN:1187,forgotPasswordPhone
FN:1227,resetPasswordPhone
FN:1262,checkResetOptions
FN:1281,forgotPassword
FN:1309,resetPassword
FN:1337,verifyEmail
FN:1365,updatePassword
FN:1408,updateProfile
FN:1487,getPendingManufacturers
FN:1503,approveManufacturer
FN:1567,rejectManufacturer
FN:1637,listUsers
FN:1650,suspendUser
FN:1688,activateUser
FN:1726,deleteUser
FNF:50
FNH:49
FNDA:4,(anonymous_0)
FNDA:6,(anonymous_1)
FNDA:3,(anonymous_2)
FNDA:9,(anonymous_3)
FNDA:9,(anonymous_4)
FNDA:1,(anonymous_5)
FNDA:1,(anonymous_6)
FNDA:21,(anonymous_7)
FNDA:6,(anonymous_8)
FNDA:6,(anonymous_9)
FNDA:1,createOAuthUser
FNDA:4,googleLogin
FNDA:4,(anonymous_12)
FNDA:4,(anonymous_13)
FNDA:0,(anonymous_14)
FNDA:4,(anonymous_15)
FNDA:2,(anonymous_16)
FNDA:2,(anonymous_17)
FNDA:5,requestEmailChange
FNDA:4,confirmEmailChange
FNDA:2,subAdminForgotPassword
FNDA:3,resetSubAdminPassword
FNDA:1,updateSubAdminPermissions
FNDA:3,faceLogin
FNDA:1,getFaceDescriptorStatus
FNDA:2,saveFaceDescriptor
FNDA:1,deleteFaceDescriptor
FNDA:13,getTransporter
FNDA:3,sendResetEmail
FNDA:4,sendVerificationEmail
FNDA:2,sendTemporaryPasswordEmail
FNDA:2,normalizePhone
FNDA:2,sendSMS
FNDA:3,sendPhoneVerification
FNDA:2,verifyPhone
FNDA:2,forgotPasswordPhone
FNDA:3,resetPasswordPhone
FNDA:2,checkResetOptions
FNDA:5,forgotPassword
FNDA:3,resetPassword
FNDA:3,verifyEmail
FNDA:3,updatePassword
FNDA:2,updateProfile
FNDA:2,getPendingManufacturers
FNDA:2,approveManufacturer
FNDA:1,rejectManufacturer
FNDA:1,listUsers
FNDA:2,suspendUser
FNDA:1,activateUser
FNDA:1,deleteUser
DA:1,4
DA:2,4
DA:3,4
DA:4,4
DA:5,4
DA:6,4
DA:7,4
DA:8,4
DA:9,4
DA:10,4
DA:11,4
DA:17,4
DA:18,4
DA:21,4
DA:24,4
DA:25,4
DA:28,4
DA:30,4
DA:35,4
DA:40,4
DA:41,6
DA:42,6
DA:43,0
DA:45,6
DA:46,6
DA:47,6
DA:48,1
DA:50,5
DA:53,4
DA:61,4
DA:69,4
DA:70,9
DA:71,9
DA:72,9
DA:75,4
DA:76,9
DA:77,6
DA:79,3
DA:80,2
DA:82,1
DA:83,1
DA:87,4
DA:88,1
DA:89,1
DA:90,1
DA:93,4
DA:94,1
DA:95,1
DA:96,1
DA:104,4
DA:105,21
DA:106,21
DA:107,21
DA:108,21
DA:109,21
DA:110,21
DA:111,5
DA:113,21
DA:119,4
DA:127,6
DA:129,6
DA:130,6
DA:131,1
DA:135,5
DA:136,5
DA:137,1
DA:140,4
DA:141,4
DA:146,4
DA:147,4
DA:148,0
DA:151,4
DA:155,4
DA:168,4
DA:170,1
DA:172,1
DA:180,1
DA:183,0
DA:184,0
DA:187,1
DA:188,1
DA:189,1
DA:191,1
DA:193,1
DA:199,1
DA:203,1
DA:204,1
DA:207,1
DA:210,0
DA:213,3
DA:214,3
DA:215,3
DA:216,3
DA:218,3
DA:227,0
DA:230,0
DA:231,0
DA:238,4
DA:239,6
DA:241,6
DA:242,6
DA:243,1
DA:246,5
DA:248,5
DA:250,3
DA:251,1
DA:258,2
DA:259,1
DA:265,1
DA:266,0
DA:269,1
DA:270,1
DA:271,1
DA:274,1
DA:275,1
DA:277,1
DA:290,2
DA:293,0
DA:294,0
DA:303,1
DA:304,1
DA:305,1
DA:307,1
DA:309,0
DA:311,0
DA:313,0
DA:318,4
DA:319,4
DA:321,4
DA:322,1
DA:327,3
DA:328,3
DA:332,2
DA:333,2
DA:335,1
DA:336,1
DA:339,2
DA:340,2
DA:341,0
DA:345,2
DA:347,2
DA:348,1
DA:349,1
DA:350,1
DA:352,1
DA:353,1
DA:355,1
DA:356,0
DA:357,0
DA:358,0
DA:361,1
DA:362,1
DA:366,1
DA:368,1
DA:379,2
DA:380,0
DA:387,2
DA:388,1
DA:393,1
DA:394,1
DA:396,1
DA:409,0
DA:410,0
DA:417,4
DA:418,4
DA:420,4
DA:421,1
DA:424,3
DA:425,1
DA:426,1
DA:429,2
DA:430,1
DA:433,1
DA:446,4
DA:447,4
DA:448,4
DA:450,4
DA:451,1
DA:454,3
DA:455,1
DA:458,2
DA:459,2
DA:460,1
DA:463,1
DA:464,1
DA:466,1
DA:480,1
DA:482,1
DA:483,1
DA:484,1
DA:486,1
DA:508,1
DA:520,0
DA:521,0
DA:528,4
DA:529,0
DA:535,4
DA:536,4
DA:537,4
DA:538,2
DA:540,2
DA:541,2
DA:547,4
DA:548,2
DA:549,2
DA:550,1
DA:552,1
DA:553,1
DA:559,4
DA:560,2
DA:561,2
DA:562,2
DA:563,2
DA:564,2
DA:565,1
DA:569,1
DA:570,1
DA:571,1
DA:572,1
DA:576,0
DA:577,0
DA:578,0
DA:579,0
DA:581,0
DA:584,0
DA:586,0
DA:587,0
DA:595,5
DA:596,5
DA:597,5
DA:598,0
DA:600,5
DA:601,5
DA:602,5
DA:603,1
DA:607,4
DA:608,4
DA:609,1
DA:612,3
DA:613,3
DA:615,2
DA:616,0
DA:620,2
DA:621,2
DA:623,2
DA:624,2
DA:625,2
DA:626,2
DA:629,2
DA:630,2
DA:631,2
DA:632,2
DA:641,2
DA:642,1
DA:643,1
DA:650,0
DA:654,2
DA:655,2
DA:656,2
DA:658,2
DA:660,0
DA:661,0
DA:669,4
DA:670,4
DA:671,4
DA:672,1
DA:675,3
DA:676,3
DA:682,3
DA:683,1
DA:687,2
DA:691,2
DA:692,1
DA:693,1
DA:694,1
DA:695,1
DA:696,1
DA:699,1
DA:700,1
DA:701,1
DA:702,1
DA:703,1
DA:705,1
DA:707,0
DA:708,0
DA:716,2
DA:717,2
DA:718,2
DA:719,1
DA:722,1
DA:723,1
DA:724,0
DA:727,1
DA:728,1
DA:735,1
DA:737,0
DA:738,0
DA:746,3
DA:747,3
DA:748,3
DA:749,3
DA:750,1
DA:753,2
DA:754,2
DA:755,2
DA:757,2
DA:759,2
DA:760,2
DA:767,2
DA:780,2
DA:782,0
DA:783,0
DA:791,1
DA:792,1
DA:793,1
DA:794,1
DA:795,0
DA:798,1
DA:799,1
DA:801,1
DA:802,1
DA:804,1
DA:805,1
DA:820,1
DA:831,0
DA:832,0
DA:840,3
DA:841,3
DA:843,3
DA:844,1
DA:848,2
DA:852,2
DA:853,1
DA:856,1
DA:857,1
DA:859,1
DA:860,1
DA:861,1
DA:862,1
DA:863,128
DA:864,128
DA:866,1
DA:867,1
DA:868,1
DA:869,1
DA:873,1
DA:874,0
DA:877,1
DA:878,0
DA:881,1
DA:883,1
DA:884,1
DA:886,1
DA:896,0
DA:897,0
DA:905,1
DA:906,1
DA:907,1
DA:908,1
DA:910,0
DA:911,0
DA:919,2
DA:920,2
DA:922,2
DA:923,1
DA:926,1
DA:927,1
DA:929,0
DA:930,0
DA:938,1
DA:939,1
DA:940,1
DA:942,0
DA:943,0
DA:947,4
DA:987,13
DA:990,13
DA:991,6
DA:1000,7
DA:1001,0
DA:1009,7
DA:1013,3
DA:1014,3
DA:1015,3
DA:1017,3
DA:1018,3
DA:1019,3
DA:1021,3
DA:1022,2
DA:1023,2
DA:1024,2
DA:1026,0
DA:1030,1
DA:1031,1
DA:1036,4
DA:1037,4
DA:1038,4
DA:1040,4
DA:1041,4
DA:1042,4
DA:1044,4
DA:1045,2
DA:1046,2
DA:1047,2
DA:1049,0
DA:1053,2
DA:1054,2
DA:1059,2
DA:1060,2
DA:1061,2
DA:1063,2
DA:1064,2
DA:1065,2
DA:1067,2
DA:1068,1
DA:1069,1
DA:1070,1
DA:1072,0
DA:1076,1
DA:1077,1
DA:1083,2
DA:1084,2
DA:1085,2
DA:1087,0
DA:1089,0
DA:1090,0
DA:1095,2
DA:1098,2
DA:1099,2
DA:1101,2
DA:1108,3
DA:1109,3
DA:1110,3
DA:1112,2
DA:1113,2
DA:1116,2
DA:1117,2
DA:1118,1
DA:1122,1
DA:1123,1
DA:1127,1
DA:1128,1
DA:1130,1
DA:1131,1
DA:1133,1
DA:1135,1
DA:1137,1
DA:1138,1
DA:1139,1
DA:1140,1
DA:1141,1
DA:1144,1
DA:1146,0
DA:1147,0
DA:1155,2
DA:1156,2
DA:1157,2
DA:1159,2
DA:1160,2
DA:1166,2
DA:1167,1
DA:1170,1
DA:1171,1
DA:1172,1
DA:1173,1
DA:1174,1
DA:1175,1
DA:1177,1
DA:1179,0
DA:1180,0
DA:1188,2
DA:1189,2
DA:1191,2
DA:1195,2
DA:1196,1
DA:1198,1
DA:1200,1
DA:1201,1
DA:1203,1
DA:1204,1
DA:1205,1
DA:1207,1
DA:1209,1
DA:1210,1
DA:1211,1
DA:1212,1
DA:1213,1
DA:1214,1
DA:1217,1
DA:1219,0
DA:1220,0
DA:1228,3
DA:1229,3
DA:1230,3
DA:1231,1
DA:1234,2
DA:1236,2
DA:1237,2
DA:1243,2
DA:1244,1
DA:1247,1
DA:1248,1
DA:1249,1
DA:1250,1
DA:1252,1
DA:1254,0
DA:1255,0
DA:1263,2
DA:1264,2
DA:1265,2
DA:1266,1
DA:1267,1
DA:1269,0
DA:1271,1
DA:1273,0
DA:1274,0
DA:1282,5
DA:1283,5
DA:1284,5
DA:1285,5
DA:1286,2
DA:1288,3
DA:1289,3
DA:1291,3
DA:1292,3
DA:1293,3
DA:1295,3
DA:1296,3
DA:1298,3
DA:1299,3
DA:1301,0
DA:1302,0
DA:1310,3
DA:1311,3
DA:1312,3
DA:1313,3
DA:1318,3
DA:1319,2
DA:1322,1
DA:1323,1
DA:1324,1
DA:1325,1
DA:1327,1
DA:1329,0
DA:1330,0
DA:1338,3
DA:1339,3
DA:1340,3
DA:1341,3
DA:1346,3
DA:1347,2
DA:1350,1
DA:1351,1
DA:1352,1
DA:1353,1
DA:1355,1
DA:1357,0
DA:1358,0
DA:1366,3
DA:1367,3
DA:1368,3
DA:1369,1
DA:1372,2
DA:1373,0
DA:1376,2
DA:1377,2
DA:1379,2
DA:1380,2
DA:1381,1
DA:1384,1
DA:1385,1
DA:1387,1
DA:1388,1
DA:1389,1
DA:1390,1
DA:1398,1
DA:1400,0
DA:1401,0
DA:1409,2
DA:1410,2
DA:1411,2
DA:1431,1
DA:1433,1
DA:1434,1
DA:1435,1
DA:1436,1
DA:1439,1
DA:1440,1
DA:1441,1
DA:1442,1
DA:1443,1
DA:1444,1
DA:1445,1
DA:1446,1
DA:1447,1
DA:1448,1
DA:1449,1
DA:1450,1
DA:1451,1
DA:1453,1
DA:1455,1
DA:1479,0
DA:1480,0
DA:1488,2
DA:1489,2
DA:1490,1
DA:1492,1
DA:1493,1
DA:1495,0
DA:1496,0
DA:1504,2
DA:1505,2
DA:1506,0
DA:1508,2
DA:1509,2
DA:1510,2
DA:1511,1
DA:1512,1
DA:1513,1
DA:1514,1
DA:1515,1
DA:1518,1
DA:1519,1
DA:1531,1
DA:1532,1
DA:1533,0
DA:1534,0
DA:1535,0
DA:1543,1
DA:1557,1
DA:1559,0
DA:1560,0
DA:1568,1
DA:1569,1
DA:1570,0
DA:1572,1
DA:1573,1
DA:1574,1
DA:1575,1
DA:1576,1
DA:1577,1
DA:1578,1
DA:1579,1
DA:1580,1
DA:1581,1
DA:1582,1
DA:1585,1
DA:1586,1
DA:1597,1
DA:1598,1
DA:1599,0
DA:1600,0
DA:1601,0
DA:1609,1
DA:1625,1
DA:1627,1
DA:1629,0
DA:1630,0
DA:1638,1
DA:1639,1
DA:1640,1
DA:1642,0
DA:1643,0
DA:1651,2
DA:1652,2
DA:1653,0
DA:1655,2
DA:1656,2
DA:1657,2
DA:1658,2
DA:1659,1
DA:1661,1
DA:1662,1
DA:1663,1
DA:1665,1
DA:1678,1
DA:1680,0
DA:1681,0
DA:1689,1
DA:1690,1
DA:1691,0
DA:1693,1
DA:1694,1
DA:1695,1
DA:1696,1
DA:1697,0
DA:1699,1
DA:1700,1
DA:1701,1
DA:1703,1
DA:1716,1
DA:1718,0
DA:1719,0
DA:1727,1
DA:1728,1
DA:1729,0
DA:1731,1
DA:1732,1
DA:1733,1
DA:1734,1
DA:1735,0
DA:1737,1
DA:1738,1
DA:1740,1
DA:1753,1
DA:1755,0
DA:1756,0
LF:707
LH:594
BRDA:17,0,0,4
BRDA:17,0,1,0
BRDA:24,1,0,2
BRDA:24,1,1,2
BRDA:25,2,0,2
BRDA:25,2,1,2
BRDA:30,3,0,2
BRDA:30,3,1,2
BRDA:30,4,0,4
BRDA:30,4,1,2
BRDA:30,4,2,2
BRDA:42,5,0,0
BRDA:42,5,1,6
BRDA:42,6,0,6
BRDA:42,6,1,6
BRDA:47,7,0,1
BRDA:47,7,1,5
BRDA:61,8,0,0
BRDA:70,9,0,0
BRDA:70,9,1,9
BRDA:71,10,0,0
BRDA:71,10,1,9
BRDA:72,11,0,9
BRDA:72,11,1,9
BRDA:72,11,2,9
BRDA:76,12,0,6
BRDA:76,12,1,3
BRDA:79,13,0,2
BRDA:79,13,1,1
BRDA:88,14,0,0
BRDA:88,14,1,1
BRDA:88,15,0,1
BRDA:88,15,1,1
BRDA:90,16,0,1
BRDA:90,16,1,0
BRDA:95,17,0,0
BRDA:95,17,1,1
BRDA:104,18,0,16
BRDA:105,19,0,0
BRDA:105,19,1,21
BRDA:105,20,0,21
BRDA:105,20,1,21
BRDA:107,21,0,0
BRDA:107,21,1,21
BRDA:110,22,0,5
BRDA:110,22,1,16
BRDA:130,23,0,1
BRDA:130,23,1,5
BRDA:130,24,0,6
BRDA:130,24,1,6
BRDA:130,24,2,5
BRDA:130,24,3,5
BRDA:130,24,4,5
BRDA:136,25,0,1
BRDA:136,25,1,4
BRDA:147,26,0,0
BRDA:147,26,1,4
BRDA:151,27,0,0
BRDA:151,27,1,4
BRDA:151,28,0,4
BRDA:151,28,1,0
BRDA:165,29,0,0
BRDA:165,29,1,4
BRDA:168,30,0,1
BRDA:168,30,1,0
BRDA:168,30,2,1
BRDA:168,30,3,1
BRDA:168,30,4,1
BRDA:168,30,5,0
BRDA:188,31,0,1
BRDA:188,31,1,0
BRDA:213,32,0,3
BRDA:213,32,1,0
BRDA:214,33,0,3
BRDA:214,33,1,0
BRDA:242,34,0,1
BRDA:242,34,1,5
BRDA:242,35,0,6
BRDA:242,35,1,6
BRDA:248,36,0,3
BRDA:248,36,1,2
BRDA:248,37,0,5
BRDA:248,37,1,4
BRDA:250,38,0,1
BRDA:250,38,1,2
BRDA:258,39,0,1
BRDA:258,39,1,1
BRDA:258,40,0,2
BRDA:258,40,1,1
BRDA:265,41,0,0
BRDA:265,41,1,1
BRDA:269,42,0,1
BRDA:269,42,1,0
BRDA:269,43,0,1
BRDA:269,43,1,1
BRDA:284,44,0,1
BRDA:284,44,1,0
BRDA:304,45,0,0
BRDA:304,45,1,1
BRDA:304,46,0,1
BRDA:304,46,1,0
BRDA:305,47,0,1
BRDA:305,47,1,0
BRDA:305,47,2,0
BRDA:305,47,3,0
BRDA:319,48,0,4
BRDA:319,48,1,0
BRDA:321,49,0,1
BRDA:321,49,1,3
BRDA:335,50,0,1
BRDA:335,50,1,1
BRDA:340,51,0,0
BRDA:340,51,1,2
BRDA:347,52,0,1
BRDA:347,52,1,1
BRDA:348,53,0,1
BRDA:348,53,1,0
BRDA:349,54,0,1
BRDA:349,54,1,0
BRDA:350,55,0,1
BRDA:350,55,1,1
BRDA:355,56,0,0
BRDA:355,56,1,1
BRDA:355,57,0,1
BRDA:355,57,1,0
BRDA:357,58,0,0
BRDA:357,58,1,0
BRDA:358,59,0,0
BRDA:358,59,1,0
BRDA:361,60,0,0
BRDA:361,60,1,1
BRDA:362,61,0,0
BRDA:362,61,1,1
BRDA:374,62,0,1
BRDA:374,62,1,0
BRDA:379,63,0,0
BRDA:379,63,1,2
BRDA:379,64,0,2
BRDA:379,64,1,0
BRDA:387,65,0,1
BRDA:387,65,1,1
BRDA:403,66,0,1
BRDA:403,66,1,0
BRDA:418,67,0,4
BRDA:418,67,1,0
BRDA:420,68,0,1
BRDA:420,68,1,3
BRDA:424,69,0,1
BRDA:424,69,1,2
BRDA:429,70,0,1
BRDA:429,70,1,1
BRDA:448,71,0,4
BRDA:448,71,1,0
BRDA:450,72,0,1
BRDA:450,72,1,3
BRDA:454,73,0,1
BRDA:454,73,1,2
BRDA:454,74,0,3
BRDA:454,74,1,3
BRDA:454,74,2,2
BRDA:454,74,3,2
BRDA:459,75,0,1
BRDA:459,75,1,1
BRDA:470,76,0,1
BRDA:470,76,1,1
BRDA:482,77,0,1
BRDA:482,77,1,0
BRDA:498,78,0,1
BRDA:498,78,1,0
BRDA:498,79,0,1
BRDA:498,79,1,0
BRDA:498,80,0,1
BRDA:498,80,1,0
BRDA:537,81,0,2
BRDA:537,81,1,2
BRDA:537,82,0,4
BRDA:537,82,1,2
BRDA:549,83,0,1
BRDA:549,83,1,1
BRDA:549,84,0,2
BRDA:549,84,1,1
BRDA:564,85,0,1
BRDA:564,85,1,1
BRDA:564,86,0,2
BRDA:564,86,1,1
BRDA:564,86,2,1
BRDA:569,87,0,1
BRDA:569,87,1,0
BRDA:570,88,0,1
BRDA:570,88,1,0
BRDA:571,89,0,1
BRDA:571,89,1,0
BRDA:576,90,0,0
BRDA:576,90,1,0
BRDA:578,91,0,0
BRDA:578,91,1,0
BRDA:597,92,0,0
BRDA:597,92,1,5
BRDA:597,93,0,5
BRDA:597,93,1,5
BRDA:602,94,0,1
BRDA:602,94,1,4
BRDA:608,95,0,1
BRDA:608,95,1,3
BRDA:613,96,0,1
BRDA:613,96,1,2
BRDA:615,97,0,0
BRDA:615,97,1,2
BRDA:629,98,0,2
BRDA:629,98,1,2
BRDA:630,99,0,2
BRDA:630,99,1,2
BRDA:641,100,0,1
BRDA:641,100,1,1
BRDA:655,101,0,2
BRDA:655,101,1,0
BRDA:671,102,0,1
BRDA:671,102,1,3
BRDA:671,103,0,4
BRDA:671,103,1,3
BRDA:682,104,0,1
BRDA:682,104,1,2
BRDA:682,105,0,3
BRDA:682,105,1,2
BRDA:691,106,0,1
BRDA:691,106,1,1
BRDA:717,107,0,2
BRDA:717,107,1,0
BRDA:718,108,0,1
BRDA:718,108,1,1
BRDA:723,109,0,0
BRDA:723,109,1,1
BRDA:723,110,0,1
BRDA:723,110,1,1
BRDA:723,110,2,1
BRDA:727,111,0,1
BRDA:727,111,1,0
BRDA:727,112,0,1
BRDA:727,112,1,0
BRDA:727,113,0,1
BRDA:727,113,1,0
BRDA:749,114,0,1
BRDA:749,114,1,2
BRDA:749,115,0,3
BRDA:749,115,1,2
BRDA:749,115,2,2
BRDA:759,116,0,2
BRDA:759,116,1,0
BRDA:759,117,0,2
BRDA:759,117,1,0
BRDA:759,118,0,2
BRDA:759,118,1,0
BRDA:794,119,0,0
BRDA:794,119,1,1
BRDA:794,120,0,1
BRDA:794,120,1,1
BRDA:794,120,2,1
BRDA:798,121,0,1
BRDA:798,121,1,0
BRDA:799,122,0,1
BRDA:799,122,1,0
BRDA:804,123,0,1
BRDA:804,123,1,0
BRDA:804,124,0,1
BRDA:804,124,1,0
BRDA:804,125,0,1
BRDA:804,125,1,0
BRDA:843,126,0,1
BRDA:843,126,1,2
BRDA:843,127,0,3
BRDA:843,127,1,3
BRDA:852,128,0,1
BRDA:852,128,1,1
BRDA:860,129,0,0
BRDA:860,129,1,1
BRDA:860,130,0,1
BRDA:860,130,1,1
BRDA:867,131,0,1
BRDA:867,131,1,0
BRDA:873,132,0,0
BRDA:873,132,1,1
BRDA:873,133,0,1
BRDA:873,133,1,1
BRDA:877,134,0,0
BRDA:877,134,1,1
BRDA:907,135,0,1
BRDA:907,135,1,1
BRDA:907,135,2,1
BRDA:922,136,0,1
BRDA:922,136,1,1
BRDA:922,137,0,2
BRDA:922,137,1,2
BRDA:990,138,0,6
BRDA:990,138,1,7
BRDA:990,139,0,13
BRDA:990,139,1,6
BRDA:990,139,2,6
BRDA:995,140,0,6
BRDA:995,140,1,0
BRDA:1000,141,0,0
BRDA:1000,141,1,7
BRDA:1000,142,0,7
BRDA:1000,142,1,0
BRDA:1000,142,2,0
BRDA:1000,142,3,0
BRDA:1013,143,0,3
BRDA:1013,143,1,2
BRDA:1018,144,0,3
BRDA:1018,144,1,2
BRDA:1021,145,0,2
BRDA:1021,145,1,1
BRDA:1030,146,0,1
BRDA:1030,146,1,0
BRDA:1036,147,0,4
BRDA:1036,147,1,4
BRDA:1041,148,0,4
BRDA:1041,148,1,4
BRDA:1044,149,0,2
BRDA:1044,149,1,2
BRDA:1053,150,0,2
BRDA:1053,150,1,0
BRDA:1059,151,0,2
BRDA:1059,151,1,2
BRDA:1064,152,0,2
BRDA:1064,152,1,2
BRDA:1067,153,0,1
BRDA:1067,153,1,1
BRDA:1076,154,0,1
BRDA:1076,154,1,0
BRDA:1083,155,0,0
BRDA:1083,155,1,2
BRDA:1083,156,0,2
BRDA:1083,156,1,2
BRDA:1085,157,0,2
BRDA:1085,157,1,0
BRDA:1087,158,0,0
BRDA:1087,158,1,0
BRDA:1089,159,0,0
BRDA:1089,159,1,0
BRDA:1098,160,0,2
BRDA:1098,160,1,0
BRDA:1110,161,0,1
BRDA:1110,161,1,2
BRDA:1113,162,0,0
BRDA:1113,162,1,2
BRDA:1117,163,0,1
BRDA:1117,163,1,1
BRDA:1137,164,0,1
BRDA:1137,164,1,0
BRDA:1140,165,0,1
BRDA:1140,165,1,0
BRDA:1157,166,0,0
BRDA:1157,166,1,2
BRDA:1166,167,0,1
BRDA:1166,167,1,1
BRDA:1166,168,0,2
BRDA:1166,168,1,1
BRDA:1191,169,0,2
BRDA:1191,169,1,0
BRDA:1195,170,0,1
BRDA:1195,170,1,1
BRDA:1210,171,0,1
BRDA:1210,171,1,0
BRDA:1213,172,0,1
BRDA:1213,172,1,0
BRDA:1230,173,0,1
BRDA:1230,173,1,2
BRDA:1230,174,0,3
BRDA:1230,174,1,3
BRDA:1230,174,2,3
BRDA:1230,174,3,2
BRDA:1236,175,0,2
BRDA:1236,175,1,0
BRDA:1243,176,0,1
BRDA:1243,176,1,1
BRDA:1265,177,0,1
BRDA:1265,177,1,1
BRDA:1267,178,0,0
BRDA:1267,178,1,1
BRDA:1285,179,0,2
BRDA:1285,179,1,3
BRDA:1295,180,0,3
BRDA:1295,180,1,0
BRDA:1318,181,0,2
BRDA:1318,181,1,1
BRDA:1346,182,0,2
BRDA:1346,182,1,1
BRDA:1367,183,0,3
BRDA:1367,183,1,0
BRDA:1368,184,0,1
BRDA:1368,184,1,2
BRDA:1368,185,0,3
BRDA:1368,185,1,2
BRDA:1372,186,0,0
BRDA:1372,186,1,2
BRDA:1377,187,0,0
BRDA:1377,187,1,2
BRDA:1380,188,0,1
BRDA:1380,188,1,1
BRDA:1387,189,0,1
BRDA:1387,189,1,0
BRDA:1387,190,0,1
BRDA:1387,190,1,1
BRDA:1388,191,0,1
BRDA:1388,191,1,0
BRDA:1388,192,0,1
BRDA:1388,192,1,0
BRDA:1388,193,0,1
BRDA:1388,193,1,0
BRDA:1411,194,0,1
BRDA:1411,194,1,1
BRDA:1433,195,0,1
BRDA:1433,195,1,0
BRDA:1434,196,0,0
BRDA:1434,196,1,1
BRDA:1435,197,0,0
BRDA:1435,197,1,1
BRDA:1436,198,0,0
BRDA:1436,198,1,1
BRDA:1436,199,0,0
BRDA:1436,199,1,0
BRDA:1439,200,0,0
BRDA:1439,200,1,1
BRDA:1440,201,0,0
BRDA:1440,201,1,1
BRDA:1441,202,0,0
BRDA:1441,202,1,1
BRDA:1442,203,0,0
BRDA:1442,203,1,1
BRDA:1443,204,0,0
BRDA:1443,204,1,1
BRDA:1444,205,0,1
BRDA:1444,205,1,0
BRDA:1445,206,0,0
BRDA:1445,206,1,1
BRDA:1446,207,0,0
BRDA:1446,207,1,1
BRDA:1447,208,0,0
BRDA:1447,208,1,1
BRDA:1448,209,0,0
BRDA:1448,209,1,1
BRDA:1449,210,0,0
BRDA:1449,210,1,1
BRDA:1450,211,0,1
BRDA:1450,211,1,0
BRDA:1451,212,0,1
BRDA:1451,212,1,0
BRDA:1475,213,0,1
BRDA:1475,213,1,0
BRDA:1476,214,0,1
BRDA:1476,214,1,0
BRDA:1489,215,0,1
BRDA:1489,215,1,1
BRDA:1505,216,0,0
BRDA:1505,216,1,2
BRDA:1510,217,0,1
BRDA:1510,217,1,1
BRDA:1525,218,0,1
BRDA:1525,218,1,0
BRDA:1532,219,0,0
BRDA:1532,219,1,1
BRDA:1533,220,0,0
BRDA:1533,220,1,0
BRDA:1534,221,0,0
BRDA:1534,221,1,0
BRDA:1548,222,0,1
BRDA:1548,222,1,0
BRDA:1569,223,0,0
BRDA:1569,223,1,1
BRDA:1575,224,0,0
BRDA:1575,224,1,1
BRDA:1581,225,0,1
BRDA:1581,225,1,0
BRDA:1598,226,0,0
BRDA:1598,226,1,1
BRDA:1599,227,0,0
BRDA:1599,227,1,0
BRDA:1600,228,0,0
BRDA:1600,228,1,0
BRDA:1614,229,0,1
BRDA:1614,229,1,0
BRDA:1652,230,0,0
BRDA:1652,230,1,2
BRDA:1657,231,0,0
BRDA:1657,231,1,2
BRDA:1658,232,0,1
BRDA:1658,232,1,1
BRDA:1658,233,0,2
BRDA:1658,233,1,1
BRDA:1661,234,0,1
BRDA:1661,234,1,0
BRDA:1661,235,0,1
BRDA:1661,235,1,0
BRDA:1661,236,0,1
BRDA:1661,236,1,0
BRDA:1690,237,0,0
BRDA:1690,237,1,1
BRDA:1695,238,0,0
BRDA:1695,238,1,1
BRDA:1696,239,0,0
BRDA:1696,239,1,1
BRDA:1696,240,0,1
BRDA:1696,240,1,0
BRDA:1699,241,0,1
BRDA:1699,241,1,0
BRDA:1699,242,0,1
BRDA:1699,242,1,0
BRDA:1699,243,0,1
BRDA:1699,243,1,0
BRDA:1728,244,0,0
BRDA:1728,244,1,1
BRDA:1733,245,0,0
BRDA:1733,245,1,1
BRDA:1734,246,0,0
BRDA:1734,246,1,1
BRDA:1734,247,0,1
BRDA:1734,247,1,0
BRDA:1737,248,0,1
BRDA:1737,248,1,0
BRDA:1737,249,0,1
BRDA:1737,249,1,0
BRDA:1737,250,0,1
BRDA:1737,250,1,0
BRF:523
BRH:357
end_of_record
TN:
SF:controllers\conversationController.js
FN:6,(anonymous_0)
FN:21,(anonymous_1)
FN:36,(anonymous_2)
FN:48,(anonymous_3)
FN:49,(anonymous_4)
FN:50,(anonymous_5)
FN:52,(anonymous_6)
FN:71,(anonymous_7)
FN:78,(anonymous_8)
FN:82,(anonymous_9)
FN:94,(anonymous_10)
FN:101,(anonymous_11)
FN:105,(anonymous_12)
FN:117,(anonymous_13)
FN:124,(anonymous_14)
FN:128,(anonymous_15)
FN:138,(anonymous_16)
FN:144,(anonymous_17)
FN:148,(anonymous_18)
FN:149,(anonymous_19)
FN:151,(anonymous_20)
FNF:21
FNH:5
FNDA:2,(anonymous_0)
FNDA:1,(anonymous_1)
FNDA:1,(anonymous_2)
FNDA:0,(anonymous_3)
FNDA:0,(anonymous_4)
FNDA:0,(anonymous_5)
FNDA:0,(anonymous_6)
FNDA:2,(anonymous_7)
FNDA:1,(anonymous_8)
FNDA:0,(anonymous_9)
FNDA:0,(anonymous_10)
FNDA:0,(anonymous_11)
FNDA:0,(anonymous_12)
FNDA:0,(anonymous_13)
FNDA:0,(anonymous_14)
FNDA:0,(anonymous_15)
FNDA:0,(anonymous_16)
FNDA:0,(anonymous_17)
FNDA:0,(anonymous_18)
FNDA:0,(anonymous_19)
FNDA:0,(anonymous_20)
DA:1,3
DA:2,3
DA:3,3
DA:6,3
DA:7,2
DA:8,2
DA:9,2
DA:11,2
DA:14,1
DA:16,1
DA:17,0
DA:18,0
DA:21,1
DA:22,1
DA:26,1
DA:28,1
DA:30,0
DA:31,0
DA:36,3
DA:37,1
DA:38,1
DA:40,1
DA:47,0
DA:49,0
DA:50,0
DA:51,0
DA:52,0
DA:54,0
DA:60,0
DA:64,0
DA:66,1
DA:67,1
DA:71,3
DA:72,2
DA:73,2
DA:74,2
DA:76,2
DA:77,2
DA:78,1
DA:79,1
DA:82,0
DA:83,0
DA:84,0
DA:87,0
DA:89,0
DA:90,0
DA:94,3
DA:95,0
DA:96,0
DA:97,0
DA:99,0
DA:100,0
DA:101,0
DA:102,0
DA:105,0
DA:106,0
DA:107,0
DA:110,0
DA:112,0
DA:113,0
DA:117,3
DA:118,0
DA:119,0
DA:120,0
DA:122,0
DA:123,0
DA:124,0
DA:125,0
DA:128,0
DA:129,0
DA:131,0
DA:133,0
DA:134,0
DA:138,3
DA:139,0
DA:140,0
DA:141,0
DA:142,0
DA:143,0
DA:144,0
DA:145,0
DA:148,0
DA:149,0
DA:150,0
DA:151,0
DA:154,0
DA:168,0
DA:169,0
LF:88
LH:31
BRDA:11,0,0,1
BRDA:11,0,1,1
BRDA:16,1,0,0
BRDA:16,1,1,1
BRDA:21,2,0,1
BRDA:21,2,1,0
BRDA:49,3,0,0
BRDA:49,3,1,0
BRDA:49,4,0,0
BRDA:49,4,1,0
BRDA:50,5,0,0
BRDA:50,5,1,0
BRDA:51,6,0,0
BRDA:51,6,1,0
BRDA:52,7,0,0
BRDA:52,7,1,0
BRDA:52,8,0,0
BRDA:52,8,1,0
BRDA:77,9,0,1
BRDA:77,9,1,1
BRDA:78,10,0,1
BRDA:78,10,1,0
BRDA:82,11,0,0
BRDA:82,11,1,0
BRDA:100,12,0,0
BRDA:100,12,1,0
BRDA:101,13,0,0
BRDA:101,13,1,0
BRDA:105,14,0,0
BRDA:105,14,1,0
BRDA:123,15,0,0
BRDA:123,15,1,0
BRDA:124,16,0,0
BRDA:124,16,1,0
BRDA:128,17,0,0
BRDA:128,17,1,0
BRDA:143,18,0,0
BRDA:143,18,1,0
BRDA:144,19,0,0
BRDA:144,19,1,0
BRDA:144,20,0,0
BRDA:144,20,1,0
BRDA:148,21,0,0
BRDA:148,21,1,0
BRDA:148,22,0,0
BRDA:148,22,1,0
BRDA:149,23,0,0
BRDA:149,23,1,0
BRDA:150,24,0,0
BRDA:150,24,1,0
BRDA:151,25,0,0
BRDA:151,25,1,0
BRDA:151,26,0,0
BRDA:151,26,1,0
BRDA:155,27,0,0
BRDA:155,27,1,0
BRDA:158,28,0,0
BRDA:158,28,1,0
BRF:58
BRH:7
end_of_record
TN:
SF:controllers\expertController.js
FN:3,(anonymous_0)
FN:13,(anonymous_1)
FN:33,(anonymous_2)
FN:44,(anonymous_3)
FNF:4
FNH:3
FNDA:0,(anonymous_0)
FNDA:3,(anonymous_1)
FNDA:2,(anonymous_2)
FNDA:8,(anonymous_3)
DA:1,3
DA:3,3
DA:4,0
DA:5,0
DA:6,0
DA:7,0
DA:10,0
DA:13,3
DA:14,3
DA:15,3
DA:16,1
DA:19,2
DA:20,2
DA:21,2
DA:23,2
DA:24,1
DA:27,1
DA:29,0
DA:33,3
DA:34,2
DA:35,2
DA:36,0
DA:39,2
DA:41,2
DA:43,2
DA:44,2
DA:45,8
DA:46,3
DA:50,2
DA:51,2
DA:53,2
DA:59,1
DA:60,0
DA:63,1
DA:65,1
DA:68,1
DA:69,1
LF:37
LH:29
BRDA:6,0,0,0
BRDA:6,0,1,0
BRDA:15,1,0,1
BRDA:15,1,1,2
BRDA:23,2,0,1
BRDA:23,2,1,1
BRDA:35,3,0,0
BRDA:35,3,1,2
BRDA:45,4,0,3
BRDA:45,4,1,5
BRDA:59,5,0,0
BRDA:59,5,1,1
BRF:12
BRH:8
end_of_record
TN:
SF:controllers\invoiceController.js
FN:9,(anonymous_0)
FN:21,(anonymous_1)
FN:27,(anonymous_2)
FN:29,(anonymous_3)
FN:69,(anonymous_4)
FN:88,(anonymous_5)
FN:95,(anonymous_6)
FN:104,(anonymous_7)
FN:107,(anonymous_8)
FN:114,(anonymous_9)
FN:117,(anonymous_10)
FN:136,(anonymous_11)
FN:137,(anonymous_12)
FN:154,(anonymous_13)
FN:218,(anonymous_14)
FN:225,(anonymous_15)
FN:235,(anonymous_16)
FN:250,(anonymous_17)
FN:348,(anonymous_18)
FN:387,(anonymous_19)
FN:402,(anonymous_20)
FN:659,(anonymous_21)
FN:693,(anonymous_22)
FN:767,(anonymous_23)
FN:792,(anonymous_24)
FN:879,(anonymous_25)
FN:973,(anonymous_26)
FNF:27
FNH:5
FNDA:0,(anonymous_0)
FNDA:0,(anonymous_1)
FNDA:7,(anonymous_2)
FNDA:3,(anonymous_3)
FNDA:0,(anonymous_4)
FNDA:1,(anonymous_5)
FNDA:0,(anonymous_6)
FNDA:0,(anonymous_7)
FNDA:0,(anonymous_8)
FNDA:0,(anonymous_9)
FNDA:0,(anonymous_10)
FNDA:0,(anonymous_11)
FNDA:0,(anonymous_12)
FNDA:2,(anonymous_13)
FNDA:0,(anonymous_14)
FNDA:0,(anonymous_15)
FNDA:0,(anonymous_16)
FNDA:0,(anonymous_17)
FNDA:0,(anonymous_18)
FNDA:0,(anonymous_19)
FNDA:0,(anonymous_20)
FNDA:0,(anonymous_21)
FNDA:0,(anonymous_22)
FNDA:0,(anonymous_23)
FNDA:0,(anonymous_24)
FNDA:4,(anonymous_25)
FNDA:0,(anonymous_26)
DA:1,3
DA:2,3
DA:3,3
DA:4,3
DA:5,3
DA:7,3
DA:9,3
DA:10,0
DA:11,0
DA:12,0
DA:13,0
DA:16,0
DA:17,0
DA:18,0
DA:21,3
DA:22,0
DA:23,0
DA:24,0
DA:27,7
DA:29,3
DA:30,3
DA:31,0
DA:34,3
DA:35,0
DA:38,3
DA:39,3
DA:40,3
DA:42,3
DA:43,3
DA:45,3
DA:46,3
DA:48,3
DA:49,1
DA:52,3
DA:53,0
DA:56,3
DA:60,3
DA:61,2
DA:64,3
DA:65,2
DA:69,3
DA:70,0
DA:71,0
DA:72,0
DA:73,0
DA:74,0
DA:75,0
DA:77,0
DA:88,3
DA:89,1
DA:90,1
DA:95,3
DA:96,0
DA:104,0
DA:107,3
DA:114,3
DA:115,0
DA:118,0
DA:119,0
DA:120,0
DA:121,0
DA:128,0
DA:129,0
DA:134,0
DA:136,0
DA:138,0
DA:139,0
DA:148,0
DA:154,3
DA:155,2
DA:156,2
DA:158,2
DA:159,1
DA:162,1
DA:163,1
DA:166,1
DA:167,1
DA:168,1
DA:170,1
DA:193,1
DA:194,1
DA:196,1
DA:209,1
DA:211,0
DA:212,0
DA:218,3
DA:219,0
DA:220,0
DA:225,0
DA:227,0
DA:229,0
DA:235,3
DA:236,0
DA:237,0
DA:238,0
DA:240,0
DA:241,0
DA:242,0
DA:244,0
DA:250,3
DA:251,0
DA:252,0
DA:253,0
DA:254,0
DA:257,0
DA:258,0
DA:259,0
DA:262,0
DA:263,0
DA:266,0
DA:267,0
DA:270,0
DA:271,0
DA:272,0
DA:275,0
DA:279,0
DA:280,0
DA:281,0
DA:283,0
DA:286,0
DA:287,0
DA:290,0
DA:291,0
DA:292,0
DA:295,0
DA:296,0
DA:297,0
DA:299,0
DA:323,0
DA:324,0
DA:326,0
DA:339,0
DA:341,0
DA:342,0
DA:348,3
DA:350,0
DA:352,0
DA:353,0
DA:355,0
DA:360,0
DA:371,0
DA:372,0
DA:375,0
DA:376,0
DA:379,0
DA:380,0
DA:381,0
DA:382,0
DA:383,0
DA:384,0
DA:385,0
DA:386,0
DA:387,0
DA:388,0
DA:389,0
DA:395,0
DA:396,0
DA:398,0
DA:399,0
DA:400,0
DA:402,0
DA:405,0
DA:406,0
DA:408,0
DA:624,0
DA:625,0
DA:626,0
DA:631,0
DA:637,0
DA:638,0
DA:640,0
DA:646,0
DA:647,0
DA:648,0
DA:650,0
DA:651,0
DA:653,0
DA:659,3
DA:660,0
DA:661,0
DA:662,0
DA:663,0
DA:666,0
DA:667,0
DA:670,0
DA:671,0
DA:673,0
DA:684,0
DA:686,0
DA:687,0
DA:693,3
DA:694,0
DA:695,0
DA:696,0
DA:697,0
DA:698,0
DA:701,0
DA:702,0
DA:703,0
DA:706,0
DA:708,0
DA:709,0
DA:712,0
DA:713,0
DA:716,0
DA:717,0
DA:720,0
DA:721,0
DA:722,0
DA:725,0
DA:726,0
DA:727,0
DA:729,0
DA:753,0
DA:760,0
DA:761,0
DA:767,3
DA:768,0
DA:769,0
DA:770,0
DA:772,0
DA:773,0
DA:774,0
DA:775,0
DA:778,0
DA:779,0
DA:780,0
DA:781,0
DA:784,0
DA:785,0
DA:786,0
DA:787,0
DA:790,0
DA:792,0
DA:793,0
DA:794,0
DA:797,0
DA:798,0
DA:799,0
DA:801,0
DA:802,0
DA:803,0
DA:805,0
DA:806,0
DA:807,0
DA:809,0
DA:823,0
DA:824,0
DA:825,0
DA:828,0
DA:832,0
DA:833,0
DA:835,0
DA:847,0
DA:850,0
DA:852,0
DA:867,0
DA:872,0
DA:873,0
DA:879,3
DA:880,4
DA:881,4
DA:882,3
DA:883,2
DA:884,1
DA:887,1
DA:888,1
DA:889,0
DA:892,1
DA:894,1
DA:895,0
DA:897,1
DA:898,0
DA:900,1
DA:901,0
DA:904,1
DA:905,1
DA:907,1
DA:908,1
DA:909,1
DA:911,1
DA:912,1
DA:913,1
DA:915,1
DA:926,1
DA:927,0
DA:928,0
DA:931,1
DA:935,1
DA:936,0
DA:937,0
DA:947,1
DA:950,1
DA:952,1
DA:961,1
DA:966,1
DA:967,1
DA:973,3
DA:974,0
DA:975,0
DA:976,0
DA:977,0
DA:978,0
DA:981,0
DA:982,0
DA:983,0
DA:986,0
DA:988,0
DA:989,0
DA:990,0
DA:992,0
DA:993,0
DA:995,0
DA:996,0
DA:997,0
DA:998,0
DA:999,0
DA:1002,0
DA:1003,0
DA:1004,0
DA:1006,0
DA:1007,0
DA:1008,0
DA:1009,0
DA:1012,0
DA:1015,0
DA:1017,0
DA:1019,0
DA:1028,0
DA:1033,0
DA:1034,0
DA:1038,3
LF:332
LH:88
BRDA:10,0,0,0
BRDA:10,0,1,0
BRDA:11,1,0,0
BRDA:11,1,1,0
BRDA:12,2,0,0
BRDA:12,2,1,0
BRDA:22,3,0,0
BRDA:22,3,1,0
BRDA:23,4,0,0
BRDA:23,4,1,0
BRDA:27,5,0,7
BRDA:27,5,1,0
BRDA:30,6,0,0
BRDA:30,6,1,3
BRDA:34,7,0,0
BRDA:34,7,1,3
BRDA:42,8,0,3
BRDA:42,8,1,0
BRDA:43,9,0,3
BRDA:43,9,1,0
BRDA:48,10,0,1
BRDA:48,10,1,2
BRDA:52,11,0,0
BRDA:52,11,1,3
BRDA:52,12,0,3
BRDA:52,12,1,0
BRDA:52,13,0,0
BRDA:52,13,1,0
BRDA:53,14,0,0
BRDA:53,14,1,0
BRDA:56,15,0,3
BRDA:56,15,1,0
BRDA:56,16,0,3
BRDA:56,16,1,0
BRDA:57,17,0,3
BRDA:57,17,1,3
BRDA:57,18,0,3
BRDA:57,18,1,0
BRDA:60,19,0,2
BRDA:60,19,1,1
BRDA:64,20,0,2
BRDA:64,20,1,1
BRDA:69,21,0,0
BRDA:90,22,0,1
BRDA:90,22,1,0
BRDA:91,23,0,1
BRDA:91,23,1,0
BRDA:92,24,0,0
BRDA:92,24,1,0
BRDA:104,25,0,0
BRDA:104,25,1,0
BRDA:107,26,0,0
BRDA:107,26,1,0
BRDA:115,27,0,0
BRDA:115,27,1,0
BRDA:118,28,0,0
BRDA:118,28,1,0
BRDA:118,28,2,0
BRDA:118,28,3,0
BRDA:119,29,0,0
BRDA:119,29,1,0
BRDA:120,30,0,0
BRDA:120,30,1,0
BRDA:122,31,0,0
BRDA:122,31,1,0
BRDA:124,32,0,0
BRDA:124,32,1,0
BRDA:134,33,0,0
BRDA:134,33,1,0
BRDA:136,34,0,0
BRDA:136,34,1,0
BRDA:141,35,0,0
BRDA:141,35,1,0
BRDA:141,36,0,0
BRDA:141,36,1,0
BRDA:142,37,0,0
BRDA:142,37,1,0
BRDA:158,38,0,1
BRDA:158,38,1,1
BRDA:158,39,0,2
BRDA:158,39,1,2
BRDA:158,39,2,1
BRDA:158,39,3,1
BRDA:158,39,4,1
BRDA:158,39,5,1
BRDA:162,40,0,1
BRDA:162,40,1,0
BRDA:238,41,0,0
BRDA:238,41,1,0
BRDA:253,42,0,0
BRDA:253,42,1,0
BRDA:258,43,0,0
BRDA:258,43,1,0
BRDA:262,44,0,0
BRDA:262,44,1,0
BRDA:266,45,0,0
BRDA:266,45,1,0
BRDA:271,46,0,0
BRDA:271,46,1,0
BRDA:279,47,0,0
BRDA:279,47,1,0
BRDA:286,48,0,0
BRDA:286,48,1,0
BRDA:291,49,0,0
BRDA:291,49,1,0
BRDA:302,50,0,0
BRDA:302,50,1,0
BRDA:304,51,0,0
BRDA:304,51,1,0
BRDA:306,52,0,0
BRDA:306,52,1,0
BRDA:312,53,0,0
BRDA:312,53,1,0
BRDA:313,54,0,0
BRDA:313,54,1,0
BRDA:371,55,0,0
BRDA:371,55,1,0
BRDA:375,56,0,0
BRDA:375,56,1,0
BRDA:375,57,0,0
BRDA:375,57,1,0
BRDA:375,57,2,0
BRDA:379,58,0,0
BRDA:379,58,1,0
BRDA:380,59,0,0
BRDA:380,59,1,0
BRDA:381,60,0,0
BRDA:381,60,1,0
BRDA:388,61,0,0
BRDA:388,61,1,0
BRDA:388,62,0,0
BRDA:388,62,1,0
BRDA:395,63,0,0
BRDA:395,63,1,0
BRDA:395,64,0,0
BRDA:395,64,1,0
BRDA:395,65,0,0
BRDA:395,65,1,0
BRDA:396,66,0,0
BRDA:396,66,1,0
BRDA:400,67,0,0
BRDA:400,67,1,0
BRDA:405,68,0,0
BRDA:405,68,1,0
BRDA:406,69,0,0
BRDA:406,69,1,0
BRDA:505,70,0,0
BRDA:505,70,1,0
BRDA:529,71,0,0
BRDA:529,71,1,0
BRDA:536,72,0,0
BRDA:536,72,1,0
BRDA:539,73,0,0
BRDA:539,73,1,0
BRDA:555,74,0,0
BRDA:555,74,1,0
BRDA:583,75,0,0
BRDA:583,75,1,0
BRDA:588,76,0,0
BRDA:588,76,1,0
BRDA:589,77,0,0
BRDA:589,77,1,0
BRDA:590,78,0,0
BRDA:590,78,1,0
BRDA:590,79,0,0
BRDA:590,79,1,0
BRDA:593,80,0,0
BRDA:593,80,1,0
BRDA:594,81,0,0
BRDA:594,81,1,0
BRDA:595,82,0,0
BRDA:595,82,1,0
BRDA:595,83,0,0
BRDA:595,83,1,0
BRDA:625,84,0,0
BRDA:625,84,1,0
BRDA:653,85,0,0
BRDA:653,85,1,0
BRDA:662,86,0,0
BRDA:662,86,1,0
BRDA:666,87,0,0
BRDA:666,87,1,0
BRDA:696,88,0,0
BRDA:696,88,1,0
BRDA:697,89,0,0
BRDA:697,89,1,0
BRDA:701,90,0,0
BRDA:701,90,1,0
BRDA:702,91,0,0
BRDA:702,91,1,0
BRDA:708,92,0,0
BRDA:708,92,1,0
BRDA:708,93,0,0
BRDA:708,93,1,0
BRDA:712,94,0,0
BRDA:712,94,1,0
BRDA:712,95,0,0
BRDA:712,95,1,0
BRDA:716,96,0,0
BRDA:716,96,1,0
BRDA:716,97,0,0
BRDA:716,97,1,0
BRDA:721,98,0,0
BRDA:721,98,1,0
BRDA:721,99,0,0
BRDA:721,99,1,0
BRDA:727,100,0,0
BRDA:727,100,1,0
BRDA:737,101,0,0
BRDA:737,101,1,0
BRDA:769,102,0,0
BRDA:769,102,1,0
BRDA:770,103,0,0
BRDA:770,103,1,0
BRDA:774,104,0,0
BRDA:774,104,1,0
BRDA:774,105,0,0
BRDA:774,105,1,0
BRDA:778,106,0,0
BRDA:778,106,1,0
BRDA:779,107,0,0
BRDA:779,107,1,0
BRDA:780,108,0,0
BRDA:780,108,1,0
BRDA:780,109,0,0
BRDA:780,109,1,0
BRDA:785,110,0,0
BRDA:785,110,1,0
BRDA:786,111,0,0
BRDA:786,111,1,0
BRDA:793,112,0,0
BRDA:793,112,1,0
BRDA:799,113,0,0
BRDA:799,113,1,0
BRDA:801,114,0,0
BRDA:801,114,1,0
BRDA:823,115,0,0
BRDA:823,115,1,0
BRDA:828,116,0,0
BRDA:828,116,1,0
BRDA:828,117,0,0
BRDA:828,117,1,0
BRDA:829,118,0,0
BRDA:829,118,1,0
BRDA:829,119,0,0
BRDA:829,119,1,0
BRDA:832,120,0,0
BRDA:832,120,1,0
BRDA:832,121,0,0
BRDA:832,121,1,0
BRDA:854,122,0,0
BRDA:854,122,1,0
BRDA:868,123,0,0
BRDA:868,123,1,0
BRDA:882,124,0,1
BRDA:882,124,1,2
BRDA:883,125,0,1
BRDA:883,125,1,1
BRDA:887,126,0,1
BRDA:887,126,1,0
BRDA:888,127,0,0
BRDA:888,127,1,1
BRDA:894,128,0,0
BRDA:894,128,1,1
BRDA:894,129,0,1
BRDA:894,129,1,1
BRDA:897,130,0,0
BRDA:897,130,1,1
BRDA:897,131,0,1
BRDA:897,131,1,0
BRDA:900,132,0,0
BRDA:900,132,1,1
BRDA:900,133,0,1
BRDA:900,133,1,0
BRDA:905,134,0,1
BRDA:905,134,1,1
BRDA:907,135,0,1
BRDA:907,135,1,0
BRDA:926,136,0,0
BRDA:926,136,1,1
BRDA:931,137,0,1
BRDA:931,137,1,0
BRDA:931,138,0,1
BRDA:931,138,1,0
BRDA:932,139,0,1
BRDA:932,139,1,0
BRDA:932,140,0,1
BRDA:932,140,1,0
BRDA:935,141,0,0
BRDA:935,141,1,1
BRDA:935,142,0,1
BRDA:935,142,1,1
BRDA:954,143,0,1
BRDA:954,143,1,0
BRDA:962,144,0,1
BRDA:962,144,1,0
BRDA:976,145,0,0
BRDA:976,145,1,0
BRDA:977,146,0,0
BRDA:977,146,1,0
BRDA:981,147,0,0
BRDA:981,147,1,0
BRDA:982,148,0,0
BRDA:982,148,1,0
BRDA:988,149,0,0
BRDA:988,149,1,0
BRDA:989,150,0,0
BRDA:989,150,1,0
BRDA:992,151,0,0
BRDA:992,151,1,0
BRDA:996,152,0,0
BRDA:996,152,1,0
BRDA:1002,153,0,0
BRDA:1002,153,1,0
BRDA:1003,154,0,0
BRDA:1003,154,1,0
BRDA:1007,155,0,0
BRDA:1007,155,1,0
BRDA:1012,156,0,0
BRDA:1012,156,1,0
BRDA:1012,157,0,0
BRDA:1012,157,1,0
BRDA:1013,158,0,0
BRDA:1013,158,1,0
BRDA:1013,159,0,0
BRDA:1013,159,1,0
BRDA:1015,160,0,0
BRDA:1015,160,1,0
BRDA:1021,161,0,0
BRDA:1021,161,1,0
BRDA:1029,162,0,0
BRDA:1029,162,1,0
BRF:332
BRH:55
end_of_record
TN:
SF:controllers\knowledgeController.js
FN:4,(anonymous_0)
FN:11,(anonymous_1)
FN:19,(anonymous_2)
FN:28,(anonymous_3)
FN:34,(anonymous_4)
FN:40,(anonymous_5)
FN:56,(anonymous_6)
FN:59,(anonymous_7)
FN:60,(anonymous_8)
FN:62,(anonymous_9)
FN:69,(anonymous_10)
FN:79,(anonymous_11)
FN:85,(anonymous_12)
FN:102,(anonymous_13)
FN:104,(anonymous_14)
FN:107,(anonymous_15)
FN:110,(anonymous_16)
FN:125,(anonymous_17)
FN:143,(anonymous_18)
FN:191,(anonymous_19)
FN:202,(anonymous_20)
FN:208,(anonymous_21)
FN:218,(anonymous_22)
FN:226,(anonymous_23)
FN:235,(anonymous_24)
FN:251,(anonymous_25)
FN:264,(anonymous_26)
FN:265,(anonymous_27)
FN:266,(anonymous_28)
FN:275,(anonymous_29)
FN:278,(anonymous_30)
FN:285,(anonymous_31)
FN:312,(anonymous_32)
FN:319,(anonymous_33)
FN:320,(anonymous_34)
FN:333,(anonymous_35)
FN:354,(anonymous_36)
FN:370,(anonymous_37)
FN:385,(anonymous_38)
FN:413,(anonymous_39)
FN:444,(anonymous_40)
FN:452,(anonymous_41)
FN:469,(anonymous_42)
FN:481,(anonymous_43)
FN:485,(anonymous_44)
FN:503,(anonymous_45)
FNF:46
FNH:11
FNDA:2,(anonymous_0)
FNDA:2,(anonymous_1)
FNDA:1,(anonymous_2)
FNDA:0,(anonymous_3)
FNDA:2,(anonymous_4)
FNDA:0,(anonymous_5)
FNDA:0,(anonymous_6)
FNDA:0,(anonymous_7)
FNDA:0,(anonymous_8)
FNDA:0,(anonymous_9)
FNDA:0,(anonymous_10)
FNDA:0,(anonymous_11)
FNDA:0,(anonymous_12)
FNDA:0,(anonymous_13)
FNDA:0,(anonymous_14)
FNDA:0,(anonymous_15)
FNDA:0,(anonymous_16)
FNDA:0,(anonymous_17)
FNDA:0,(anonymous_18)
FNDA:0,(anonymous_19)
FNDA:0,(anonymous_20)
FNDA:0,(anonymous_21)
FNDA:0,(anonymous_22)
FNDA:0,(anonymous_23)
FNDA:0,(anonymous_24)
FNDA:2,(anonymous_25)
FNDA:0,(anonymous_26)
FNDA:0,(anonymous_27)
FNDA:0,(anonymous_28)
FNDA:2,(anonymous_29)
FNDA:1,(anonymous_30)
FNDA:2,(anonymous_31)
FNDA:0,(anonymous_32)
FNDA:0,(anonymous_33)
FNDA:0,(anonymous_34)
FNDA:0,(anonymous_35)
FNDA:1,(anonymous_36)
FNDA:2,(anonymous_37)
FNDA:0,(anonymous_38)
FNDA:0,(anonymous_39)
FNDA:0,(anonymous_40)
FNDA:0,(anonymous_41)
FNDA:1,(anonymous_42)
FNDA:0,(anonymous_43)
FNDA:0,(anonymous_44)
FNDA:0,(anonymous_45)
DA:1,3
DA:2,3
DA:4,3
DA:5,2
DA:6,2
DA:7,2
DA:8,1
DA:11,3
DA:12,2
DA:13,1
DA:15,1
DA:16,1
DA:19,3
DA:20,1
DA:21,1
DA:22,1
DA:23,1
DA:24,1
DA:25,1
DA:28,0
DA:31,0
DA:34,3
DA:35,2
DA:36,2
DA:37,2
DA:40,3
DA:41,0
DA:49,3
DA:56,3
DA:57,0
DA:59,0
DA:60,0
DA:62,3
DA:63,0
DA:64,0
DA:66,0
DA:67,0
DA:68,0
DA:69,0
DA:73,0
DA:76,0
DA:79,3
DA:80,0
DA:85,3
DA:86,0
DA:87,0
DA:89,0
DA:90,0
DA:92,0
DA:93,0
DA:94,0
DA:95,0
DA:97,0
DA:102,3
DA:103,0
DA:104,0
DA:106,0
DA:107,0
DA:109,0
DA:110,0
DA:113,0
DA:118,0
DA:125,3
DA:143,3
DA:144,0
DA:145,0
DA:147,0
DA:148,0
DA:149,0
DA:151,0
DA:152,0
DA:168,0
DA:169,0
DA:170,0
DA:176,0
DA:183,0
DA:191,3
DA:192,0
DA:193,0
DA:194,0
DA:195,0
DA:196,0
DA:197,0
DA:199,0
DA:200,0
DA:202,0
DA:203,0
DA:204,0
DA:205,0
DA:208,0
DA:209,0
DA:210,0
DA:211,0
DA:212,0
DA:213,0
DA:214,0
DA:215,0
DA:218,0
DA:219,0
DA:220,0
DA:221,0
DA:222,0
DA:223,0
DA:226,0
DA:227,0
DA:228,0
DA:229,0
DA:230,0
DA:231,0
DA:235,0
DA:236,0
DA:237,0
DA:238,0
DA:241,0
DA:242,0
DA:244,0
DA:251,3
DA:264,0
DA:265,0
DA:268,0
DA:269,0
DA:271,0
DA:275,3
DA:276,2
DA:277,2
DA:278,1
DA:280,1
DA:281,1
DA:285,3
DA:286,2
DA:287,2
DA:289,2
DA:290,1
DA:293,1
DA:294,1
DA:297,0
DA:298,0
DA:299,0
DA:308,0
DA:309,0
DA:311,0
DA:313,0
DA:314,0
DA:319,0
DA:321,0
DA:322,0
DA:324,0
DA:325,0
DA:327,0
DA:328,0
DA:330,0
DA:333,0
DA:339,0
DA:349,0
DA:350,0
DA:354,3
DA:355,1
DA:356,1
DA:357,1
DA:358,1
DA:359,1
DA:361,0
DA:362,0
DA:363,0
DA:365,0
DA:366,0
DA:370,3
DA:371,2
DA:372,2
DA:373,1
DA:375,1
DA:376,1
DA:377,0
DA:380,1
DA:384,1
DA:385,1
DA:392,1
DA:394,1
DA:406,1
DA:408,0
DA:409,0
DA:413,3
DA:414,0
DA:415,0
DA:416,0
DA:419,0
DA:420,0
DA:421,0
DA:422,0
DA:425,0
DA:427,0
DA:428,0
DA:431,0
DA:433,0
DA:434,0
DA:435,0
DA:436,0
DA:437,0
DA:438,0
DA:439,0
DA:442,0
DA:443,0
DA:444,0
DA:445,0
DA:446,0
DA:450,0
DA:451,0
DA:452,0
DA:458,0
DA:461,0
DA:462,0
DA:464,0
DA:465,0
DA:469,3
DA:470,1
DA:471,1
DA:472,1
DA:473,1
DA:474,1
DA:476,0
DA:477,0
DA:478,0
DA:481,0
DA:483,0
DA:485,0
DA:486,0
DA:489,0
DA:490,0
DA:493,0
DA:495,0
DA:496,0
DA:498,0
DA:499,0
DA:503,3
DA:504,0
DA:505,0
DA:506,0
DA:508,0
DA:509,0
DA:510,0
DA:511,0
DA:513,0
DA:515,0
DA:516,0
LF:244
LH:73
BRDA:5,0,0,0
BRDA:5,0,1,2
BRDA:6,1,0,0
BRDA:6,1,1,2
BRDA:7,2,0,1
BRDA:7,2,1,1
BRDA:7,3,0,2
BRDA:7,3,1,1
BRDA:12,4,0,1
BRDA:12,4,1,1
BRDA:20,5,0,0
BRDA:20,5,1,1
BRDA:21,6,0,0
BRDA:21,6,1,1
BRDA:22,7,0,1
BRDA:22,7,1,0
BRDA:25,8,0,1
BRDA:25,8,1,0
BRDA:34,9,0,2
BRDA:35,10,0,0
BRDA:35,10,1,2
BRDA:35,11,0,2
BRDA:35,11,1,2
BRDA:37,12,0,2
BRDA:37,12,1,1
BRDA:40,13,0,0
BRDA:41,14,0,0
BRDA:41,14,1,0
BRDA:56,15,0,0
BRDA:60,16,0,0
BRDA:60,16,1,0
BRDA:63,17,0,0
BRDA:63,17,1,0
BRDA:64,18,0,0
BRDA:64,18,1,0
BRDA:67,19,0,0
BRDA:67,19,1,0
BRDA:73,20,0,0
BRDA:73,20,1,0
BRDA:79,21,0,0
BRDA:85,22,0,0
BRDA:87,23,0,0
BRDA:87,23,1,0
BRDA:93,24,0,0
BRDA:93,24,1,0
BRDA:102,25,0,0
BRDA:103,26,0,0
BRDA:103,26,1,0
BRDA:106,27,0,0
BRDA:106,27,1,0
BRDA:109,28,0,0
BRDA:109,28,1,0
BRDA:145,29,0,0
BRDA:145,29,1,0
BRDA:171,30,0,0
BRDA:171,30,1,0
BRDA:177,31,0,0
BRDA:177,31,1,0
BRDA:177,31,2,0
BRDA:196,32,0,0
BRDA:196,32,1,0
BRDA:203,33,0,0
BRDA:203,33,1,0
BRDA:203,34,0,0
BRDA:203,34,1,0
BRDA:210,35,0,0
BRDA:210,35,1,0
BRDA:220,36,0,0
BRDA:220,36,1,0
BRDA:228,37,0,0
BRDA:228,37,1,0
BRDA:229,38,0,0
BRDA:229,38,1,0
BRDA:229,39,0,0
BRDA:229,39,1,0
BRDA:229,39,2,0
BRDA:229,39,3,0
BRDA:242,40,0,0
BRDA:242,40,1,0
BRDA:263,41,0,2
BRDA:263,41,1,0
BRDA:264,42,0,1
BRDA:264,42,1,1
BRDA:264,43,0,1
BRDA:264,43,1,0
BRDA:265,44,0,1
BRDA:265,44,1,1
BRDA:265,45,0,1
BRDA:265,45,1,0
BRDA:266,46,0,2
BRDA:266,46,1,0
BRDA:268,47,0,0
BRDA:268,47,1,0
BRDA:287,48,0,2
BRDA:287,48,1,1
BRDA:287,48,2,1
BRDA:287,48,3,1
BRDA:289,49,0,1
BRDA:289,49,1,1
BRDA:293,50,0,1
BRDA:293,50,1,0
BRDA:293,51,0,1
BRDA:293,51,1,1
BRDA:298,52,0,0
BRDA:298,52,1,0
BRDA:321,53,0,0
BRDA:321,53,1,0
BRDA:321,54,0,0
BRDA:321,54,1,0
BRDA:321,55,0,0
BRDA:321,55,1,0
BRDA:322,56,0,0
BRDA:322,56,1,0
BRDA:322,57,0,0
BRDA:322,57,1,0
BRDA:324,58,0,0
BRDA:324,58,1,0
BRDA:324,59,0,0
BRDA:324,59,1,0
BRDA:324,60,0,0
BRDA:324,60,1,0
BRDA:325,61,0,0
BRDA:325,61,1,0
BRDA:325,62,0,0
BRDA:325,62,1,0
BRDA:327,63,0,0
BRDA:327,63,1,0
BRDA:345,64,0,0
BRDA:345,64,1,0
BRDA:349,65,0,0
BRDA:349,65,1,0
BRDA:350,66,0,0
BRDA:350,66,1,0
BRDA:358,67,0,1
BRDA:358,67,1,0
BRDA:372,68,0,1
BRDA:372,68,1,1
BRDA:375,69,0,1
BRDA:375,69,1,0
BRDA:376,70,0,0
BRDA:376,70,1,1
BRDA:376,71,0,1
BRDA:376,71,1,1
BRDA:376,71,2,1
BRDA:376,71,3,1
BRDA:380,72,0,1
BRDA:380,72,1,1
BRDA:380,73,0,1
BRDA:380,73,1,0
BRDA:381,74,0,1
BRDA:381,74,1,0
BRDA:381,75,0,1
BRDA:381,75,1,0
BRDA:384,76,0,1
BRDA:384,76,1,0
BRDA:387,77,0,0
BRDA:387,77,1,0
BRDA:388,78,0,0
BRDA:388,78,1,0
BRDA:415,79,0,0
BRDA:415,79,1,0
BRDA:421,80,0,0
BRDA:421,80,1,0
BRDA:425,81,0,0
BRDA:425,81,1,0
BRDA:427,82,0,0
BRDA:427,82,1,0
BRDA:427,83,0,0
BRDA:427,83,1,0
BRDA:427,83,2,0
BRDA:427,83,3,0
BRDA:431,84,0,0
BRDA:431,84,1,0
BRDA:443,85,0,0
BRDA:443,85,1,0
BRDA:444,86,0,0
BRDA:444,86,1,0
BRDA:445,87,0,0
BRDA:445,87,1,0
BRDA:446,88,0,0
BRDA:446,88,1,0
BRDA:450,89,0,0
BRDA:450,89,1,0
BRDA:451,90,0,0
BRDA:451,90,1,0
BRDA:454,91,0,0
BRDA:454,91,1,0
BRDA:455,92,0,0
BRDA:455,92,1,0
BRDA:458,93,0,0
BRDA:458,93,1,0
BRDA:473,94,0,1
BRDA:473,94,1,0
BRDA:477,95,0,0
BRDA:477,95,1,0
BRDA:481,96,0,0
BRDA:481,96,1,0
BRDA:483,97,0,0
BRDA:483,97,1,0
BRDA:485,98,0,0
BRDA:485,98,1,0
BRDA:486,99,0,0
BRDA:486,99,1,0
BRDA:489,100,0,0
BRDA:489,100,1,0
BRDA:490,101,0,0
BRDA:490,101,1,0
BRDA:505,102,0,0
BRDA:505,102,1,0
BRDA:510,103,0,0
BRDA:510,103,1,0
BRF:211
BRH:51
end_of_record
TN:
SF:controllers\messageController.js
FN:9,extractGeminiText
FN:16,(anonymous_1)
FN:26,sanitizeGeneratedMessage
FN:35,countWords
FN:41,countSentences
FN:46,(anonymous_5)
FN:50,isDraftMessageTooShort
FN:55,isDraftMessageLikelyTruncated
FN:70,(anonymous_8)
FN:73,finalizeGeneratedMessage
FN:80,normalizeInstructionForFallback
FN:112,buildLocalDraftFallback
FN:121,getGeminiErrorMessage
FN:134,isGeminiCapacityError
FN:143,requestGeminiDraft
FN:177,(anonymous_15)
FN:178,(anonymous_16)
FN:196,(anonymous_17)
FN:208,(anonymous_18)
FN:209,(anonymous_19)
FN:216,(anonymous_20)
FN:228,(anonymous_21)
FN:236,(anonymous_22)
FN:264,(anonymous_23)
FN:272,(anonymous_24)
FN:275,(anonymous_25)
FN:276,(anonymous_26)
FN:278,(anonymous_27)
FN:293,(anonymous_28)
FN:320,(anonymous_29)
FN:338,(anonymous_30)
FN:360,(anonymous_31)
FN:371,(anonymous_32)
FN:375,(anonymous_33)
FN:399,(anonymous_34)
FN:409,(anonymous_35)
FN:413,(anonymous_36)
FN:414,(anonymous_37)
FN:416,(anonymous_38)
FN:451,(anonymous_39)
FN:469,(anonymous_40)
FNF:41
FNH:13
FNDA:0,extractGeminiText
FNDA:0,(anonymous_1)
FNDA:3,sanitizeGeneratedMessage
FNDA:0,countWords
FNDA:0,countSentences
FNDA:0,(anonymous_5)
FNDA:0,isDraftMessageTooShort
FNDA:0,isDraftMessageLikelyTruncated
FNDA:0,(anonymous_8)
FNDA:0,finalizeGeneratedMessage
FNDA:1,normalizeInstructionForFallback
FNDA:1,buildLocalDraftFallback
FNDA:1,getGeminiErrorMessage
FNDA:1,isGeminiCapacityError
FNDA:1,requestGeminiDraft
FNDA:0,(anonymous_15)
FNDA:0,(anonymous_16)
FNDA:0,(anonymous_17)
FNDA:0,(anonymous_18)
FNDA:0,(anonymous_19)
FNDA:0,(anonymous_20)
FNDA:4,(anonymous_21)
FNDA:1,(anonymous_22)
FNDA:2,(anonymous_23)
FNDA:2,(anonymous_24)
FNDA:0,(anonymous_25)
FNDA:4,(anonymous_26)
FNDA:0,(anonymous_27)
FNDA:0,(anonymous_28)
FNDA:2,(anonymous_29)
FNDA:0,(anonymous_30)
FNDA:0,(anonymous_31)
FNDA:0,(anonymous_32)
FNDA:0,(anonymous_33)
FNDA:0,(anonymous_34)
FNDA:0,(anonymous_35)
FNDA:0,(anonymous_36)
FNDA:0,(anonymous_37)
FNDA:0,(anonymous_38)
FNDA:0,(anonymous_39)
FNDA:2,(anonymous_40)
DA:1,3
DA:2,3
DA:3,3
DA:4,3
DA:5,3
DA:6,3
DA:7,3
DA:10,0
DA:11,0
DA:13,0
DA:14,0
DA:15,0
DA:16,0
DA:20,0
DA:23,0
DA:27,3
DA:36,0
DA:37,0
DA:38,0
DA:42,0
DA:43,0
DA:44,0
DA:46,0
DA:51,0
DA:52,0
DA:56,0
DA:57,0
DA:58,0
DA:60,0
DA:65,0
DA:66,0
DA:67,0
DA:68,0
DA:70,0
DA:74,0
DA:75,0
DA:76,0
DA:77,0
DA:81,1
DA:85,1
DA:96,1
DA:97,8
DA:100,1
DA:101,0
DA:104,1
DA:109,1
DA:113,1
DA:116,1
DA:118,1
DA:122,1
DA:123,1
DA:131,0
DA:135,1
DA:136,1
DA:138,1
DA:140,0
DA:144,1
DA:158,1
DA:163,0
DA:166,3
DA:167,3
DA:168,0
DA:171,3
DA:172,3
DA:173,0
DA:176,3
DA:177,0
DA:179,0
DA:180,0
DA:181,0
DA:185,3
DA:196,3
DA:197,0
DA:198,0
DA:201,3
DA:207,3
DA:208,0
DA:210,0
DA:211,0
DA:212,0
DA:216,3
DA:217,0
DA:218,0
DA:219,0
DA:222,3
DA:228,3
DA:229,4
DA:230,4
DA:231,4
DA:232,4
DA:234,3
DA:235,2
DA:236,1
DA:237,1
DA:240,0
DA:247,0
DA:257,0
DA:259,1
DA:260,1
DA:264,3
DA:265,2
DA:266,2
DA:267,2
DA:268,2
DA:270,2
DA:271,2
DA:272,2
DA:273,0
DA:275,2
DA:276,4
DA:277,2
DA:278,0
DA:280,2
DA:281,0
DA:283,2
DA:284,0
DA:287,2
DA:288,2
DA:289,2
DA:290,1
DA:293,1
DA:301,1
DA:310,1
DA:311,1
DA:312,1
DA:314,1
DA:320,2
DA:321,1
DA:322,1
DA:323,1
DA:331,1
DA:333,0
DA:334,0
DA:338,3
DA:339,0
DA:340,0
DA:341,0
DA:342,0
DA:343,0
DA:344,0
DA:345,0
DA:348,0
DA:349,0
DA:350,0
DA:351,0
DA:353,0
DA:355,0
DA:356,0
DA:360,3
DA:361,0
DA:362,0
DA:363,0
DA:364,0
DA:365,0
DA:366,0
DA:368,0
DA:369,0
DA:370,0
DA:371,0
DA:372,0
DA:375,0
DA:376,0
DA:377,0
DA:378,0
DA:380,0
DA:383,0
DA:386,0
DA:387,0
DA:392,0
DA:394,0
DA:395,0
DA:399,3
DA:400,0
DA:401,0
DA:402,0
DA:404,0
DA:405,0
DA:407,0
DA:408,0
DA:409,0
DA:410,0
DA:413,0
DA:414,0
DA:415,0
DA:416,0
DA:419,0
DA:420,0
DA:422,0
DA:423,0
DA:426,0
DA:433,0
DA:441,0
DA:442,0
DA:443,0
DA:445,0
DA:451,0
DA:452,0
DA:453,0
DA:454,0
DA:462,0
DA:464,0
DA:465,0
DA:469,3
DA:470,2
DA:472,2
DA:473,0
DA:476,2
DA:477,1
DA:480,1
DA:481,1
DA:482,1
DA:484,1
DA:485,0
DA:486,0
DA:489,1
DA:491,1
DA:505,1
DA:506,1
DA:512,0
DA:513,0
DA:523,0
DA:530,0
DA:532,0
DA:533,0
DA:540,0
DA:542,1
DA:543,1
DA:550,0
DA:551,0
DA:552,0
LF:230
LH:93
BRDA:10,0,0,0
BRDA:10,0,1,0
BRDA:11,1,0,0
BRDA:11,1,1,0
BRDA:14,2,0,0
BRDA:14,2,1,0
BRDA:16,3,0,0
BRDA:16,3,1,0
BRDA:16,4,0,0
BRDA:16,4,1,0
BRDA:20,5,0,0
BRDA:20,5,1,0
BRDA:27,6,0,3
BRDA:27,6,1,0
BRDA:37,7,0,0
BRDA:37,7,1,0
BRDA:43,8,0,0
BRDA:43,8,1,0
BRDA:52,9,0,0
BRDA:52,9,1,0
BRDA:52,9,2,0
BRDA:57,10,0,0
BRDA:57,10,1,0
BRDA:58,11,0,0
BRDA:58,11,1,0
BRDA:67,12,0,0
BRDA:67,12,1,0
BRDA:70,13,0,0
BRDA:70,13,1,0
BRDA:75,14,0,0
BRDA:75,14,1,0
BRDA:76,15,0,0
BRDA:76,15,1,0
BRDA:100,16,0,0
BRDA:100,16,1,1
BRDA:109,17,0,1
BRDA:109,17,1,0
BRDA:113,18,0,0
BRDA:113,18,1,1
BRDA:122,19,0,1
BRDA:122,19,1,0
BRDA:124,20,0,1
BRDA:124,20,1,0
BRDA:124,20,2,0
BRDA:124,20,3,0
BRDA:131,21,0,0
BRDA:131,21,1,0
BRDA:135,22,0,1
BRDA:135,22,1,0
BRDA:135,22,2,0
BRDA:138,23,0,1
BRDA:138,23,1,0
BRDA:167,24,0,0
BRDA:167,24,1,3
BRDA:172,25,0,0
BRDA:172,25,1,3
BRDA:179,26,0,0
BRDA:179,26,1,0
BRDA:180,27,0,0
BRDA:180,27,1,0
BRDA:197,28,0,0
BRDA:197,28,1,0
BRDA:210,29,0,0
BRDA:210,29,1,0
BRDA:211,30,0,0
BRDA:211,30,1,0
BRDA:218,31,0,0
BRDA:218,31,1,0
BRDA:232,32,0,1
BRDA:232,32,1,3
BRDA:235,33,0,1
BRDA:235,33,1,1
BRDA:236,34,0,1
BRDA:236,34,1,0
BRDA:268,35,0,0
BRDA:268,35,1,2
BRDA:271,36,0,0
BRDA:271,36,1,2
BRDA:272,37,0,0
BRDA:272,37,1,2
BRDA:275,38,0,2
BRDA:275,38,1,0
BRDA:276,39,0,2
BRDA:276,39,1,0
BRDA:277,40,0,2
BRDA:277,40,1,0
BRDA:278,41,0,2
BRDA:278,41,1,0
BRDA:280,42,0,0
BRDA:280,42,1,2
BRDA:283,43,0,0
BRDA:283,43,1,2
BRDA:287,44,0,2
BRDA:287,44,1,0
BRDA:288,45,0,2
BRDA:288,45,1,0
BRDA:289,46,0,1
BRDA:289,46,1,1
BRDA:289,47,0,2
BRDA:289,47,1,1
BRDA:306,48,0,1
BRDA:306,48,1,1
BRDA:310,49,0,1
BRDA:310,49,1,0
BRDA:310,50,0,0
BRDA:310,50,1,0
BRDA:321,51,0,1
BRDA:321,51,1,0
BRDA:343,52,0,0
BRDA:343,52,1,0
BRDA:344,53,0,0
BRDA:344,53,1,0
BRDA:366,54,0,0
BRDA:366,54,1,0
BRDA:369,55,0,0
BRDA:369,55,1,0
BRDA:369,56,0,0
BRDA:369,56,1,0
BRDA:371,57,0,0
BRDA:371,57,1,0
BRDA:371,58,0,0
BRDA:371,58,1,0
BRDA:375,59,0,0
BRDA:375,59,1,0
BRDA:376,60,0,0
BRDA:376,60,1,0
BRDA:377,61,0,0
BRDA:377,61,1,0
BRDA:404,62,0,0
BRDA:404,62,1,0
BRDA:405,63,0,0
BRDA:405,63,1,0
BRDA:408,64,0,0
BRDA:408,64,1,0
BRDA:409,65,0,0
BRDA:409,65,1,0
BRDA:413,66,0,0
BRDA:413,66,1,0
BRDA:414,67,0,0
BRDA:414,67,1,0
BRDA:415,68,0,0
BRDA:415,68,1,0
BRDA:416,69,0,0
BRDA:416,69,1,0
BRDA:419,70,0,0
BRDA:419,70,1,0
BRDA:422,71,0,0
BRDA:422,71,1,0
BRDA:428,72,0,0
BRDA:428,72,1,0
BRDA:452,73,0,0
BRDA:452,73,1,0
BRDA:470,74,0,2
BRDA:470,74,1,0
BRDA:472,75,0,0
BRDA:472,75,1,2
BRDA:476,76,0,1
BRDA:476,76,1,1
BRDA:476,77,0,2
BRDA:476,77,1,2
BRDA:480,78,0,1
BRDA:480,78,1,0
BRDA:481,79,0,1
BRDA:481,79,1,0
BRDA:482,80,0,1
BRDA:482,80,1,0
BRDA:484,81,0,0
BRDA:484,81,1,1
BRDA:512,82,0,0
BRDA:512,82,1,0
BRDA:512,83,0,0
BRDA:512,83,1,0
BRDA:516,84,0,0
BRDA:516,84,1,0
BRDA:532,85,0,0
BRDA:532,85,1,0
BRDA:532,86,0,0
BRDA:532,86,1,0
BRDA:542,87,0,1
BRDA:542,87,1,0
BRF:180
BRH:45
end_of_record
TN:
SF:controllers\notificationController.js
FN:6,(anonymous_0)
FN:14,(anonymous_1)
FN:26,(anonymous_2)
FN:38,(anonymous_3)
FN:50,(anonymous_4)
FN:66,(anonymous_5)
FNF:6
FNH:6
FNDA:4,(anonymous_0)
FNDA:1,(anonymous_1)
FNDA:1,(anonymous_2)
FNDA:1,(anonymous_3)
FNDA:1,(anonymous_4)
FNDA:1,(anonymous_5)
DA:1,3
DA:6,3
DA:7,4
DA:8,0
DA:10,4
DA:14,3
DA:15,1
DA:16,1
DA:17,1
DA:18,1
DA:20,0
DA:21,0
DA:26,3
DA:27,1
DA:28,1
DA:29,1
DA:30,1
DA:32,0
DA:33,0
DA:38,3
DA:39,1
DA:40,1
DA:41,1
DA:42,1
DA:44,0
DA:45,0
DA:50,3
DA:51,1
DA:52,1
DA:57,1
DA:58,0
DA:60,0
DA:61,0
DA:66,3
DA:67,1
DA:68,1
DA:69,1
DA:70,0
DA:72,1
DA:73,1
DA:77,3
LF:41
LH:30
BRDA:7,0,0,0
BRDA:7,0,1,4
BRDA:57,1,0,1
BRDA:57,1,1,0
BRF:4
BRH:2
end_of_record
TN:
SF:controllers\paymentController.js
FN:10,(anonymous_0)
FN:18,(anonymous_1)
FN:27,(anonymous_2)
FN:32,(anonymous_3)
FN:45,(anonymous_4)
FN:49,(anonymous_5)
FN:55,(anonymous_6)
FN:57,(anonymous_7)
FN:106,(anonymous_8)
FN:160,(anonymous_9)
FN:237,(anonymous_10)
FN:253,(anonymous_11)
FN:340,(anonymous_12)
FN:402,(anonymous_13)
FN:430,(anonymous_14)
FN:447,(anonymous_15)
FN:486,(anonymous_16)
FN:601,(anonymous_17)
FNF:18
FNH:8
FNDA:3,(anonymous_0)
FNDA:0,(anonymous_1)
FNDA:0,(anonymous_2)
FNDA:2,(anonymous_3)
FNDA:0,(anonymous_4)
FNDA:0,(anonymous_5)
FNDA:0,(anonymous_6)
FNDA:0,(anonymous_7)
FNDA:1,(anonymous_8)
FNDA:0,(anonymous_9)
FNDA:2,(anonymous_10)
FNDA:1,(anonymous_11)
FNDA:1,(anonymous_12)
FNDA:0,(anonymous_13)
FNDA:1,(anonymous_14)
FNDA:0,(anonymous_15)
FNDA:0,(anonymous_16)
FNDA:1,(anonymous_17)
DA:1,3
DA:2,3
DA:3,3
DA:4,3
DA:5,3
DA:6,3
DA:7,3
DA:9,3
DA:10,3
DA:11,3
DA:12,3
DA:14,0
DA:18,3
DA:19,0
DA:27,0
DA:32,3
DA:33,2
DA:34,2
DA:35,1
DA:37,1
DA:38,1
DA:40,0
DA:41,0
DA:42,0
DA:44,0
DA:45,0
DA:49,0
DA:51,0
DA:52,0
DA:55,0
DA:56,0
DA:57,0
DA:59,0
DA:60,0
DA:61,0
DA:62,0
DA:63,0
DA:66,0
DA:67,0
DA:68,0
DA:69,0
DA:71,0
DA:87,0
DA:88,0
DA:99,0
DA:101,0
DA:102,0
DA:106,3
DA:107,1
DA:108,1
DA:109,0
DA:111,1
DA:112,1
DA:115,0
DA:116,0
DA:117,0
DA:120,0
DA:124,0
DA:149,0
DA:153,0
DA:155,0
DA:156,0
DA:160,3
DA:161,0
DA:162,0
DA:163,0
DA:164,0
DA:167,0
DA:168,0
DA:169,0
DA:170,0
DA:172,0
DA:173,0
DA:174,0
DA:176,0
DA:177,0
DA:179,0
DA:190,0
DA:191,0
DA:202,0
DA:212,0
DA:224,0
DA:230,0
DA:232,0
DA:233,0
DA:237,3
DA:238,2
DA:239,2
DA:240,1
DA:243,1
DA:246,0
DA:248,1
DA:249,1
DA:253,3
DA:254,1
DA:255,1
DA:256,0
DA:259,1
DA:260,1
DA:261,1
DA:265,0
DA:266,0
DA:267,0
DA:268,0
DA:269,0
DA:270,0
DA:271,0
DA:274,0
DA:279,0
DA:280,0
DA:285,0
DA:286,0
DA:289,0
DA:301,0
DA:314,0
DA:315,0
DA:328,0
DA:335,0
DA:336,0
DA:340,3
DA:341,1
DA:342,1
DA:343,1
DA:344,1
DA:347,0
DA:351,0
DA:353,0
DA:354,0
DA:355,0
DA:358,0
DA:359,0
DA:361,0
DA:363,0
DA:364,0
DA:365,0
DA:366,0
DA:368,0
DA:369,0
DA:370,0
DA:371,0
DA:372,0
DA:373,0
DA:374,0
DA:376,0
DA:379,0
DA:391,0
DA:402,0
DA:403,0
DA:404,0
DA:405,0
DA:414,0
DA:418,0
DA:422,0
DA:425,0
DA:426,0
DA:430,3
DA:431,1
DA:432,1
DA:433,0
DA:436,1
DA:440,1
DA:442,0
DA:443,0
DA:447,3
DA:449,0
DA:450,0
DA:451,0
DA:454,0
DA:457,0
DA:458,0
DA:461,0
DA:462,0
DA:463,0
DA:467,0
DA:468,0
DA:470,0
DA:475,0
DA:476,0
DA:477,0
DA:482,0
DA:485,0
DA:486,0
DA:496,0
DA:497,0
DA:499,0
DA:574,0
DA:580,0
DA:581,0
DA:583,0
DA:589,0
DA:590,0
DA:591,0
DA:593,0
DA:594,0
DA:596,0
DA:601,3
DA:603,1
DA:604,1
DA:606,0
DA:611,0
DA:614,0
DA:615,0
DA:617,0
DA:620,0
DA:621,0
DA:622,0
DA:625,0
DA:628,0
DA:631,0
DA:632,0
DA:633,0
DA:637,0
DA:691,0
DA:696,0
DA:697,0
DA:698,0
DA:699,0
DA:700,0
DA:702,0
DA:703,0
DA:704,0
DA:706,0
DA:707,0
DA:708,0
DA:712,3
LF:225
LH:52
BRDA:9,0,0,3
BRDA:9,0,1,1
BRDA:12,1,0,3
BRDA:12,1,1,1
BRDA:27,2,0,0
BRDA:27,2,1,0
BRDA:34,3,0,1
BRDA:34,3,1,1
BRDA:34,4,0,2
BRDA:34,4,1,2
BRDA:37,5,0,1
BRDA:37,5,1,0
BRDA:37,6,0,1
BRDA:37,6,1,1
BRDA:40,7,0,0
BRDA:40,7,1,0
BRDA:41,8,0,0
BRDA:41,8,1,0
BRDA:49,9,0,0
BRDA:49,9,1,0
BRDA:49,9,2,0
BRDA:51,10,0,0
BRDA:51,10,1,0
BRDA:62,11,0,0
BRDA:62,11,1,0
BRDA:68,12,0,0
BRDA:68,12,1,0
BRDA:68,13,0,0
BRDA:68,13,1,0
BRDA:80,14,0,0
BRDA:80,14,1,0
BRDA:87,15,0,0
BRDA:87,15,1,0
BRDA:94,16,0,0
BRDA:94,16,1,0
BRDA:95,17,0,0
BRDA:95,17,1,0
BRDA:108,18,0,0
BRDA:108,18,1,1
BRDA:108,19,0,1
BRDA:108,19,1,1
BRDA:111,20,0,1
BRDA:111,20,1,0
BRDA:111,21,0,1
BRDA:111,21,1,1
BRDA:116,22,0,0
BRDA:116,22,1,0
BRDA:116,23,0,0
BRDA:116,23,1,0
BRDA:120,24,0,0
BRDA:120,24,1,0
BRDA:163,25,0,0
BRDA:163,25,1,0
BRDA:168,26,0,0
BRDA:168,26,1,0
BRDA:173,27,0,0
BRDA:173,27,1,0
BRDA:174,28,0,0
BRDA:174,28,1,0
BRDA:239,29,0,1
BRDA:239,29,1,1
BRDA:255,30,0,0
BRDA:255,30,1,1
BRDA:260,31,0,1
BRDA:260,31,1,0
BRDA:260,32,0,1
BRDA:260,32,1,1
BRDA:260,32,2,1
BRDA:265,33,0,0
BRDA:265,33,1,0
BRDA:266,34,0,0
BRDA:266,34,1,0
BRDA:279,35,0,0
BRDA:279,35,1,0
BRDA:280,36,0,0
BRDA:280,36,1,0
BRDA:280,37,0,0
BRDA:280,37,1,0
BRDA:292,38,0,0
BRDA:292,38,1,0
BRDA:293,39,0,0
BRDA:293,39,1,0
BRDA:314,40,0,0
BRDA:314,40,1,0
BRDA:343,41,0,1
BRDA:343,41,1,0
BRDA:351,42,0,0
BRDA:351,42,1,0
BRDA:354,43,0,0
BRDA:354,43,1,0
BRDA:368,44,0,0
BRDA:368,44,1,0
BRDA:370,45,0,0
BRDA:370,45,1,0
BRDA:372,46,0,0
BRDA:372,46,1,0
BRDA:372,47,0,0
BRDA:372,47,1,0
BRDA:373,48,0,0
BRDA:373,48,1,0
BRDA:392,49,0,0
BRDA:392,49,1,0
BRDA:432,50,0,0
BRDA:432,50,1,1
BRDA:450,51,0,0
BRDA:450,51,1,0
BRDA:457,52,0,0
BRDA:457,52,1,0
BRDA:461,53,0,0
BRDA:461,53,1,0
BRDA:461,53,2,0
BRDA:461,54,0,0
BRDA:461,54,1,0
BRDA:462,55,0,0
BRDA:462,55,1,0
BRDA:462,56,0,0
BRDA:462,56,1,0
BRDA:476,57,0,0
BRDA:476,57,1,0
BRDA:482,58,0,0
BRDA:482,58,1,0
BRDA:485,59,0,0
BRDA:485,59,1,0
BRDA:488,60,0,0
BRDA:488,60,1,0
BRDA:489,61,0,0
BRDA:489,61,1,0
BRDA:490,62,0,0
BRDA:490,62,1,0
BRDA:491,63,0,0
BRDA:491,63,1,0
BRDA:491,64,0,0
BRDA:491,64,1,0
BRDA:496,65,0,0
BRDA:496,65,1,0
BRDA:497,66,0,0
BRDA:497,66,1,0
BRDA:537,67,0,0
BRDA:537,67,1,0
BRDA:544,68,0,0
BRDA:544,68,1,0
BRDA:544,69,0,0
BRDA:544,69,1,0
BRDA:596,70,0,0
BRDA:596,70,1,0
BRDA:604,71,0,1
BRDA:604,71,1,0
BRDA:611,72,0,0
BRDA:611,72,1,0
BRDA:621,73,0,0
BRDA:621,73,1,0
BRDA:625,74,0,0
BRDA:625,74,1,0
BRDA:628,75,0,0
BRDA:628,75,1,0
BRDA:631,76,0,0
BRDA:631,76,1,0
BRDA:633,77,0,0
BRDA:633,77,1,0
BRDA:634,78,0,0
BRDA:634,78,1,0
BRDA:634,79,0,0
BRDA:634,79,1,0
BRDA:707,80,0,0
BRDA:707,80,1,0
BRF:165
BRH:27
end_of_record
TN:
SF:controllers\productController.js
FN:14,(anonymous_0)
FN:18,(anonymous_1)
FN:35,(anonymous_2)
FN:41,(anonymous_3)
FN:43,(anonymous_4)
FN:49,(anonymous_5)
FN:57,(anonymous_6)
FN:58,(anonymous_7)
FN:68,(anonymous_8)
FN:70,(anonymous_9)
FN:72,(anonymous_10)
FN:89,(anonymous_11)
FN:139,(anonymous_12)
FN:148,(anonymous_13)
FN:154,(anonymous_14)
FN:155,(anonymous_15)
FN:157,(anonymous_16)
FN:253,(anonymous_17)
FN:287,(anonymous_18)
FN:295,(anonymous_19)
FN:307,(anonymous_20)
FN:352,(anonymous_21)
FN:391,(anonymous_22)
FN:422,(anonymous_23)
FN:429,(anonymous_24)
FN:512,(anonymous_25)
FN:581,(anonymous_26)
FN:583,(anonymous_27)
FN:648,(anonymous_28)
FN:706,(anonymous_29)
FN:748,(anonymous_30)
FN:756,(anonymous_31)
FN:759,(anonymous_32)
FN:786,(anonymous_33)
FN:794,(anonymous_34)
FN:796,(anonymous_35)
FN:854,(anonymous_36)
FN:873,(anonymous_37)
FN:890,(anonymous_38)
FN:902,(anonymous_39)
FN:907,(anonymous_40)
FN:919,(anonymous_41)
FN:920,(anonymous_42)
FN:929,(anonymous_43)
FN:939,(anonymous_44)
FN:940,(anonymous_45)
FN:969,(anonymous_46)
FN:984,(anonymous_47)
FN:1034,(anonymous_48)
FN:1048,(anonymous_49)
FN:1049,(anonymous_50)
FN:1082,(anonymous_51)
FN:1085,(anonymous_52)
FN:1086,(anonymous_53)
FN:1101,(anonymous_54)
FN:1122,(anonymous_55)
FN:1129,(anonymous_56)
FN:1130,(anonymous_57)
FN:1164,(anonymous_58)
FN:1176,(anonymous_59)
FN:1199,(anonymous_60)
FNF:61
FNH:6
FNDA:0,(anonymous_0)
FNDA:0,(anonymous_1)
FNDA:0,(anonymous_2)
FNDA:0,(anonymous_3)
FNDA:6,(anonymous_4)
FNDA:0,(anonymous_5)
FNDA:0,(anonymous_6)
FNDA:0,(anonymous_7)
FNDA:0,(anonymous_8)
FNDA:0,(anonymous_9)
FNDA:0,(anonymous_10)
FNDA:0,(anonymous_11)
FNDA:0,(anonymous_12)
FNDA:0,(anonymous_13)
FNDA:0,(anonymous_14)
FNDA:0,(anonymous_15)
FNDA:0,(anonymous_16)
FNDA:0,(anonymous_17)
FNDA:3,(anonymous_18)
FNDA:0,(anonymous_19)
FNDA:2,(anonymous_20)
FNDA:0,(anonymous_21)
FNDA:0,(anonymous_22)
FNDA:0,(anonymous_23)
FNDA:0,(anonymous_24)
FNDA:0,(anonymous_25)
FNDA:0,(anonymous_26)
FNDA:0,(anonymous_27)
FNDA:3,(anonymous_28)
FNDA:0,(anonymous_29)
FNDA:0,(anonymous_30)
FNDA:0,(anonymous_31)
FNDA:0,(anonymous_32)
FNDA:0,(anonymous_33)
FNDA:0,(anonymous_34)
FNDA:0,(anonymous_35)
FNDA:3,(anonymous_36)
FNDA:0,(anonymous_37)
FNDA:1,(anonymous_38)
FNDA:0,(anonymous_39)
FNDA:0,(anonymous_40)
FNDA:0,(anonymous_41)
FNDA:0,(anonymous_42)
FNDA:0,(anonymous_43)
FNDA:0,(anonymous_44)
FNDA:0,(anonymous_45)
FNDA:0,(anonymous_46)
FNDA:0,(anonymous_47)
FNDA:0,(anonymous_48)
FNDA:0,(anonymous_49)
FNDA:0,(anonymous_50)
FNDA:0,(anonymous_51)
FNDA:0,(anonymous_52)
FNDA:0,(anonymous_53)
FNDA:0,(anonymous_54)
FNDA:0,(anonymous_55)
FNDA:0,(anonymous_56)
FNDA:0,(anonymous_57)
FNDA:0,(anonymous_58)
FNDA:0,(anonymous_59)
FNDA:0,(anonymous_60)
DA:2,3
DA:3,3
DA:4,3
DA:5,3
DA:6,3
DA:7,3
DA:8,3
DA:9,3
DA:10,3
DA:12,3
DA:14,3
DA:15,0
DA:18,3
DA:19,0
DA:21,0
DA:22,0
DA:23,0
DA:28,0
DA:29,0
DA:30,0
DA:33,3
DA:35,3
DA:36,0
DA:37,0
DA:38,0
DA:41,3
DA:43,3
DA:44,6
DA:45,6
DA:46,0
DA:49,3
DA:50,0
DA:51,0
DA:52,0
DA:53,0
DA:54,0
DA:57,3
DA:58,0
DA:68,0
DA:70,3
DA:71,0
DA:72,0
DA:75,0
DA:76,0
DA:77,0
DA:80,0
DA:81,0
DA:83,0
DA:84,0
DA:86,0
DA:89,3
DA:90,0
DA:91,0
DA:93,0
DA:94,0
DA:98,0
DA:99,0
DA:100,0
DA:101,0
DA:103,0
DA:104,0
DA:107,0
DA:108,0
DA:109,0
DA:112,0
DA:114,0
DA:136,0
DA:139,3
DA:140,0
DA:141,0
DA:142,0
DA:143,0
DA:145,0
DA:148,3
DA:149,0
DA:150,0
DA:151,0
DA:154,3
DA:155,0
DA:156,0
DA:157,0
DA:159,0
DA:160,0
DA:161,0
DA:162,0
DA:164,0
DA:165,0
DA:166,0
DA:167,0
DA:170,0
DA:171,0
DA:174,0
DA:175,0
DA:176,0
DA:177,0
DA:179,0
DA:180,0
DA:186,0
DA:195,0
DA:196,0
DA:197,0
DA:199,0
DA:217,0
DA:218,0
DA:219,0
DA:220,0
DA:226,0
DA:227,0
DA:243,0
DA:244,0
DA:245,0
DA:247,0
DA:250,0
DA:253,0
DA:258,0
DA:259,0
DA:260,0
DA:269,0
DA:274,0
DA:287,3
DA:288,3
DA:289,3
DA:290,1
DA:295,3
DA:296,0
DA:298,0
DA:299,0
DA:301,0
DA:307,3
DA:308,2
DA:309,2
DA:310,2
DA:311,2
DA:312,2
DA:313,2
DA:315,2
DA:328,2
DA:330,1
DA:344,1
DA:346,1
DA:352,3
DA:353,0
DA:354,0
DA:355,0
DA:358,0
DA:359,0
DA:360,0
DA:363,0
DA:365,0
DA:366,0
DA:369,0
DA:371,0
DA:377,0
DA:382,0
DA:383,0
DA:385,0
DA:391,3
DA:392,0
DA:393,0
DA:394,0
DA:399,0
DA:400,0
DA:401,0
DA:404,0
DA:405,0
DA:406,0
DA:407,0
DA:412,0
DA:413,0
DA:414,0
DA:417,0
DA:418,0
DA:419,0
DA:421,0
DA:422,0
DA:423,0
DA:424,0
DA:429,0
DA:431,0
DA:432,0
DA:434,0
DA:435,0
DA:436,0
DA:437,0
DA:440,0
DA:441,0
DA:444,0
DA:445,0
DA:447,0
DA:459,0
DA:470,0
DA:471,0
DA:477,0
DA:493,0
DA:498,0
DA:500,0
DA:506,0
DA:512,3
DA:513,0
DA:514,0
DA:515,0
DA:520,0
DA:521,0
DA:522,0
DA:525,0
DA:526,0
DA:527,0
DA:528,0
DA:531,0
DA:532,0
DA:533,0
DA:539,0
DA:540,0
DA:541,0
DA:544,0
DA:550,0
DA:551,0
DA:552,0
DA:559,0
DA:560,0
DA:561,0
DA:562,0
DA:568,0
DA:569,0
DA:570,0
DA:571,0
DA:576,0
DA:577,0
DA:580,0
DA:581,0
DA:582,0
DA:583,0
DA:585,0
DA:586,0
DA:587,0
DA:588,0
DA:589,0
DA:591,0
DA:594,0
DA:595,0
DA:596,0
DA:601,0
DA:602,0
DA:606,0
DA:607,0
DA:617,0
DA:619,0
DA:620,0
DA:621,0
DA:627,0
DA:630,0
DA:635,0
DA:636,0
DA:642,0
DA:648,3
DA:649,3
DA:650,3
DA:653,3
DA:654,3
DA:657,2
DA:658,1
DA:661,1
DA:662,1
DA:663,1
DA:664,1
DA:666,1
DA:667,1
DA:668,1
DA:669,1
DA:670,1
DA:671,1
DA:673,1
DA:674,0
DA:675,0
DA:678,1
DA:679,0
DA:682,1
DA:684,1
DA:698,1
DA:700,0
DA:706,3
DA:707,0
DA:708,0
DA:709,0
DA:712,0
DA:713,0
DA:716,0
DA:724,0
DA:726,0
DA:740,0
DA:742,0
DA:748,3
DA:749,0
DA:751,0
DA:755,0
DA:756,0
DA:757,0
DA:758,0
DA:760,0
DA:765,0
DA:769,0
DA:777,0
DA:779,0
DA:780,0
DA:786,3
DA:787,0
DA:788,0
DA:790,0
DA:791,0
DA:794,0
DA:795,0
DA:796,0
DA:799,0
DA:800,0
DA:801,0
DA:804,0
DA:805,0
DA:807,0
DA:808,0
DA:810,0
DA:813,0
DA:814,0
DA:815,0
DA:818,0
DA:820,0
DA:842,0
DA:845,0
DA:847,0
DA:848,0
DA:854,3
DA:855,3
DA:856,3
DA:857,3
DA:858,3
DA:859,0
DA:862,3
DA:863,3
DA:864,1
DA:867,2
DA:868,2
DA:869,1
DA:873,1
DA:874,0
DA:875,0
DA:876,0
DA:878,1
DA:879,0
DA:882,1
DA:888,1
DA:889,1
DA:890,1
DA:892,1
DA:893,1
DA:895,0
DA:896,0
DA:902,3
DA:903,0
DA:904,0
DA:906,0
DA:907,0
DA:909,0
DA:919,0
DA:920,0
DA:921,0
DA:924,0
DA:926,0
DA:929,0
DA:930,0
DA:931,0
DA:939,0
DA:940,0
DA:942,0
DA:960,0
DA:962,0
DA:963,0
DA:969,3
DA:970,0
DA:971,0
DA:972,0
DA:973,0
DA:975,0
DA:976,0
DA:979,0
DA:980,0
DA:981,0
DA:984,0
DA:985,0
DA:988,0
DA:989,0
DA:992,0
DA:998,0
DA:999,0
DA:1000,0
DA:1002,0
DA:1009,0
DA:1011,0
DA:1012,0
DA:1013,0
DA:1022,0
DA:1025,0
DA:1027,0
DA:1028,0
DA:1034,3
DA:1035,0
DA:1036,0
DA:1037,0
DA:1039,0
DA:1044,0
DA:1045,0
DA:1046,0
DA:1048,0
DA:1049,0
DA:1050,0
DA:1051,0
DA:1052,0
DA:1054,0
DA:1055,0
DA:1057,0
DA:1058,0
DA:1063,0
DA:1064,0
DA:1066,0
DA:1067,0
DA:1068,0
DA:1069,0
DA:1071,0
DA:1072,0
DA:1074,0
DA:1075,0
DA:1076,0
DA:1077,0
DA:1079,0
DA:1080,0
DA:1082,0
DA:1084,0
DA:1085,0
DA:1086,0
DA:1087,0
DA:1088,0
DA:1093,0
DA:1100,0
DA:1101,0
DA:1104,0
DA:1115,0
DA:1116,0
DA:1122,3
DA:1123,0
DA:1124,0
DA:1125,0
DA:1129,0
DA:1130,0
DA:1131,0
DA:1132,0
DA:1140,0
DA:1155,0
DA:1157,0
DA:1158,0
DA:1164,3
DA:1165,0
DA:1166,0
DA:1167,0
DA:1172,0
DA:1173,0
DA:1176,0
DA:1177,0
DA:1178,0
DA:1179,0
DA:1188,0
DA:1199,0
DA:1203,0
DA:1204,0
DA:1208,3
LF:472
LH:95
BRDA:14,0,0,0
BRDA:19,1,0,0
BRDA:19,1,1,0
BRDA:21,2,0,0
BRDA:21,2,1,0
BRDA:22,3,0,0
BRDA:22,3,1,0
BRDA:36,4,0,0
BRDA:36,4,1,0
BRDA:37,5,0,0
BRDA:37,5,1,0
BRDA:41,6,0,0
BRDA:41,6,1,0
BRDA:43,7,0,0
BRDA:44,8,0,6
BRDA:44,8,1,6
BRDA:45,9,0,6
BRDA:45,9,1,0
BRDA:46,10,0,0
BRDA:46,10,1,0
BRDA:50,11,0,0
BRDA:50,11,1,0
BRDA:51,12,0,0
BRDA:51,12,1,0
BRDA:52,13,0,0
BRDA:52,13,1,0
BRDA:53,14,0,0
BRDA:53,14,1,0
BRDA:57,15,0,0
BRDA:68,16,0,0
BRDA:68,16,1,0
BRDA:68,16,2,0
BRDA:72,17,0,0
BRDA:72,17,1,0
BRDA:77,18,0,0
BRDA:77,18,1,0
BRDA:81,19,0,0
BRDA:81,19,1,0
BRDA:84,20,0,0
BRDA:84,20,1,0
BRDA:90,21,0,0
BRDA:90,21,1,0
BRDA:91,22,0,0
BRDA:91,22,1,0
BRDA:94,23,0,0
[...]
BRDA:108,13,0,3
BRDA:108,13,1,1
BRDA:109,14,0,1
BRDA:109,14,1,3
BRDA:110,15,0,2
BRDA:110,15,1,2
BRDA:111,16,0,1
BRDA:111,16,1,3
BRDA:118,17,0,1
BRDA:118,17,1,2
BRDA:119,18,0,0
BRDA:119,18,1,2
BRDA:124,19,0,1
BRDA:124,19,1,2
BRDA:128,20,0,1
BRDA:128,20,1,2
BRDA:129,21,0,0
BRDA:129,21,1,1
BRF:44
BRH:35
end_of_record
TN:
SF:services\projectAnalyzer.js
FN:32,normalise
FN:41,escapeRegex
FN:45,containsKeyword
FN:57,mapCategoryToProjectType
FN:71,detectProjectType
FN:79,(anonymous_5)
FN:85,(anonymous_6)
FN:86,(anonymous_7)
FN:87,(anonymous_8)
FN:94,(anonymous_9)
FNF:10
FNH:10
FNDA:243,normalise
FNDA:182,escapeRegex
FNDA:186,containsKeyword
FNDA:5,mapCategoryToProjectType
FNDA:3,detectProjectType
FNDA:150,(anonymous_5)
FNDA:27,(anonymous_6)
FNDA:1,(anonymous_7)
FNDA:3,(anonymous_8)
FNDA:2,(anonymous_9)
DA:7,4
DA:19,4
DA:33,243
DA:42,182
DA:46,186
DA:47,186
DA:49,186
DA:50,4
DA:53,182
DA:54,182
DA:58,5
DA:59,5
DA:60,33
DA:61,3
DA:64,2
DA:72,3
DA:73,3
DA:75,3
DA:76,3
DA:78,3
DA:79,150
DA:80,27
DA:81,27
DA:84,3
DA:85,27
DA:86,1
DA:87,3
DA:89,3
DA:90,3
DA:92,3
DA:93,1
DA:94,2
DA:95,1
DA:96,1
DA:100,3
DA:101,1
DA:104,3
DA:105,3
DA:106,3
DA:107,3
DA:109,3
DA:120,4
LF:42
LH:42
BRDA:33,0,0,243
BRDA:33,0,1,3
BRDA:47,1,0,0
BRDA:47,1,1,186
BRDA:49,2,0,4
BRDA:49,2,1,182
BRDA:60,3,0,3
BRDA:60,3,1,30
BRDA:71,4,0,0
BRDA:71,5,0,0
BRDA:71,6,0,0
BRDA:71,7,0,1
BRDA:72,8,0,3
BRDA:72,8,1,0
BRDA:72,9,0,3
BRDA:72,9,1,0
BRDA:87,10,0,3
BRDA:87,10,1,0
BRDA:89,11,0,3
BRDA:89,11,1,1
BRDA:92,12,0,1
BRDA:92,12,1,2
BRDA:92,13,0,3
BRDA:92,13,1,1
BRDA:92,13,2,1
BRDA:94,14,0,2
BRDA:94,14,1,1
BRDA:95,15,0,1
BRDA:95,15,1,0
BRDA:100,16,0,1
BRDA:100,16,1,2
BRDA:100,17,0,3
BRDA:100,17,1,1
BRDA:104,18,0,3
BRDA:104,18,1,0
BRDA:104,19,0,3
BRDA:104,19,1,0
BRDA:105,20,0,3
BRDA:105,20,1,0
BRDA:105,21,0,3
BRDA:105,21,1,0
BRDA:106,22,0,3
BRDA:106,22,1,0
BRDA:106,23,0,3
BRDA:106,23,1,1
BRDA:107,24,0,3
BRDA:107,24,1,0
BRDA:115,25,0,3
BRDA:115,25,1,1
BRF:49
BRH:35
end_of_record
TN:
SF:services\quoteAIDraftService.js
FN:3,(anonymous_0)
FN:5,(anonymous_1)
FN:7,(anonymous_2)
FN:12,(anonymous_3)
FN:22,(anonymous_4)
FN:28,(anonymous_5)
FN:35,(anonymous_6)
FN:38,(anonymous_7)
FN:59,(anonymous_8)
FN:60,(anonymous_9)
FN:76,(anonymous_10)
FN:83,(anonymous_11)
FN:89,(anonymous_12)
FN:99,(anonymous_13)
FN:110,(anonymous_14)
FN:125,(anonymous_15)
FN:141,(anonymous_16)
FN:170,(anonymous_17)
FN:185,(anonymous_18)
FN:190,(anonymous_19)
FN:193,(anonymous_20)
FN:198,(anonymous_21)
FN:213,(anonymous_22)
FN:217,(anonymous_23)
FN:219,(anonymous_24)
FN:222,(anonymous_25)
FN:350,(anonymous_26)
FN:355,(anonymous_27)
FN:445,(anonymous_28)
FNF:29
FNH:28
FNDA:75,(anonymous_0)
FNDA:101,(anonymous_1)
FNDA:4,(anonymous_2)
FNDA:8,(anonymous_3)
FNDA:14,(anonymous_4)
FNDA:5,(anonymous_5)
FNDA:4,(anonymous_6)
FNDA:6,(anonymous_7)
FNDA:3,(anonymous_8)
FNDA:3,(anonymous_9)
FNDA:8,(anonymous_10)
FNDA:4,(anonymous_11)
FNDA:4,(anonymous_12)
FNDA:3,(anonymous_13)
FNDA:9,(anonymous_14)
FNDA:4,(anonymous_15)
FNDA:4,(anonymous_16)
FNDA:2,(anonymous_17)
FNDA:1,(anonymous_18)
FNDA:4,(anonymous_19)
FNDA:6,(anonymous_20)
FNDA:6,(anonymous_21)
FNDA:6,(anonymous_22)
FNDA:6,(anonymous_23)
FNDA:6,(anonymous_24)
FNDA:6,(anonymous_25)
FNDA:6,(anonymous_26)
FNDA:6,(anonymous_27)
FNDA:0,(anonymous_28)
DA:1,3
DA:3,75
DA:5,101
DA:7,4
DA:9,3
DA:10,3
DA:12,3
DA:13,8
DA:14,8
DA:15,8
DA:16,0
DA:18,8
DA:19,8
DA:22,3
DA:23,14
DA:24,14
DA:25,12
DA:28,3
DA:29,5
DA:30,5
DA:31,5
DA:32,5
DA:35,3
DA:36,4
DA:39,6
DA:40,6
DA:41,6
DA:42,3
DA:51,6
DA:52,6
DA:57,4
DA:59,3
DA:61,3
DA:62,3
DA:73,4
DA:76,3
DA:77,8
DA:78,6
DA:79,6
DA:80,0
DA:83,3
DA:84,4
DA:85,4
DA:86,4
DA:89,3
DA:90,4
DA:91,4
DA:93,0
DA:94,0
DA:96,0
DA:99,3
DA:100,3
DA:101,3
DA:103,3
DA:104,0
DA:107,3
DA:110,3
DA:111,9
DA:112,9
DA:113,9
DA:115,9
DA:119,9
DA:120,9
DA:122,9
DA:125,3
DA:133,4
DA:138,4
DA:141,3
DA:149,4
DA:150,4
DA:151,4
DA:153,4
DA:157,4
DA:158,4
DA:160,4
DA:170,3
DA:171,2
DA:173,1
DA:175,1
DA:177,0
DA:179,0
DA:181,0
DA:185,3
DA:186,1
DA:187,1
DA:190,3
DA:191,4
DA:192,4
DA:193,6
DA:196,4
DA:197,4
DA:198,6
DA:199,4
DA:201,4
DA:202,4
DA:203,4
DA:204,4
DA:205,4
DA:206,4
DA:208,4
DA:209,4
DA:211,4
DA:213,6
DA:217,6
DA:218,4
DA:219,6
DA:222,4
DA:223,6
DA:224,0
DA:226,6
DA:229,4
DA:230,4
DA:231,4
DA:233,4
DA:235,4
DA:236,4
DA:237,4
DA:238,4
DA:239,4
DA:240,4
DA:241,4
DA:243,4
DA:244,4
DA:245,4
DA:246,1
DA:247,4
DA:248,4
DA:249,4
DA:251,4
DA:252,4
DA:253,4
DA:254,4
DA:256,4
DA:257,4
DA:259,4
DA:260,4
DA:262,4
DA:263,4
DA:264,4
DA:266,4
DA:267,4
DA:268,4
DA:269,4
DA:270,4
DA:271,4
DA:272,4
DA:274,4
DA:285,4
DA:287,4
DA:298,4
DA:303,4
DA:304,4
DA:305,4
DA:307,4
DA:310,4
DA:314,4
DA:321,4
DA:323,4
DA:324,4
DA:326,4
DA:327,4
DA:328,4
DA:329,4
DA:330,4
DA:331,4
DA:332,4
DA:334,4
DA:341,4
DA:342,3
DA:345,4
DA:346,1
DA:349,4
DA:350,6
DA:354,4
DA:355,6
DA:359,4
DA:368,4
DA:376,4
DA:377,4
DA:378,4
DA:380,4
DA:381,4
DA:382,4
DA:383,4
DA:384,4
DA:385,4
DA:386,4
DA:387,4
DA:388,4
DA:390,4
DA:402,4
DA:403,4
DA:410,3
DA:411,1
DA:412,1
DA:413,1
DA:414,1
DA:416,1
DA:417,1
DA:418,1
DA:421,1
DA:422,1
DA:423,1
DA:430,1
DA:431,1
DA:433,1
DA:434,1
DA:435,1
DA:437,1
DA:438,1
DA:439,1
DA:440,1
DA:441,1
DA:442,1
DA:443,1
DA:444,1
DA:445,0
DA:457,1
DA:459,1
DA:460,0
DA:463,2
DA:464,2
DA:465,2
DA:466,2
DA:467,2
DA:468,2
DA:469,2
DA:470,2
DA:473,1
DA:474,1
DA:475,1
DA:476,1
DA:477,1
DA:478,1
DA:481,4
DA:488,4
DA:489,4
DA:491,4
DA:503,4
DA:521,4
DA:599,3
LF:241
LH:229
BRDA:3,0,0,75
BRDA:3,0,1,2
BRDA:5,1,0,101
BRDA:5,1,1,2
BRDA:15,2,0,0
BRDA:15,2,1,8
BRDA:15,3,0,8
BRDA:15,3,1,8
BRDA:24,4,0,2
BRDA:24,4,1,12
BRDA:36,5,0,4
BRDA:36,5,1,0
BRDA:39,6,0,6
BRDA:39,6,1,6
BRDA:39,6,2,0
BRDA:39,6,3,0
BRDA:40,7,0,0
BRDA:40,7,1,6
BRDA:41,8,0,3
BRDA:41,8,1,3
BRDA:43,9,0,3
BRDA:43,9,1,0
BRDA:45,10,0,3
BRDA:45,10,1,0
BRDA:47,11,0,3
BRDA:47,11,1,0
BRDA:48,12,0,3
BRDA:48,12,1,0
BRDA:57,13,0,3
BRDA:57,13,1,1
BRDA:59,14,0,3
BRDA:59,14,1,3
BRDA:64,15,0,3
BRDA:64,15,1,0
BRDA:64,16,0,3
BRDA:64,16,1,3
BRDA:65,17,0,3
BRDA:65,17,1,0
BRDA:67,18,0,3
BRDA:67,18,1,0
BRDA:77,19,0,2
BRDA:77,19,1,6
BRDA:77,20,0,8
BRDA:77,20,1,8
BRDA:78,21,0,0
BRDA:78,21,1,6
BRDA:79,22,0,6
BRDA:79,22,1,0
BRDA:84,23,0,0
BRDA:84,23,1,4
BRDA:85,24,0,0
BRDA:85,24,1,4
BRDA:90,25,0,4
BRDA:90,25,1,0
BRDA:93,26,0,0
BRDA:93,26,1,0
BRDA:100,27,0,3
BRDA:100,27,1,0
BRDA:101,28,0,3
BRDA:101,28,1,0
BRDA:103,29,0,0
BRDA:103,29,1,3
BRDA:103,30,0,3
BRDA:103,30,1,3
BRDA:111,31,0,9
BRDA:111,31,1,0
BRDA:112,32,0,9
BRDA:112,32,1,2
BRDA:113,33,0,9
BRDA:113,33,1,0
BRDA:115,34,0,9
BRDA:115,34,1,0
BRDA:133,35,0,3
BRDA:133,35,1,1
BRDA:134,36,0,3
BRDA:134,36,1,1
BRDA:135,37,0,3
BRDA:135,37,1,1
BRDA:136,38,0,3
BRDA:136,38,1,1
BRDA:149,39,0,4
BRDA:149,39,1,1
BRDA:150,40,0,4
BRDA:150,40,1,0
BRDA:151,41,0,4
BRDA:151,41,1,1
BRDA:153,42,0,3
BRDA:153,42,1,1
BRDA:170,43,0,1
BRDA:171,44,0,1
BRDA:171,44,1,1
BRDA:171,44,2,0
BRDA:171,44,3,0
BRDA:171,44,4,0
BRDA:171,45,0,2
BRDA:171,45,1,0
BRDA:175,46,0,1
BRDA:175,46,1,0
BRDA:186,47,0,1
BRDA:186,47,1,0
BRDA:193,48,0,6
BRDA:193,48,1,0
BRDA:193,49,0,6
BRDA:193,49,1,0
BRDA:196,50,0,4
BRDA:196,50,1,0
BRDA:198,51,0,6
BRDA:198,51,1,0
BRDA:199,52,0,3
BRDA:199,52,1,1
BRDA:201,53,0,4
BRDA:201,53,1,1
BRDA:201,53,2,0
BRDA:202,54,0,4
BRDA:202,54,1,1
BRDA:204,55,0,0
BRDA:204,55,1,4
BRDA:206,56,0,0
BRDA:206,56,1,4
BRDA:208,57,0,4
BRDA:208,57,1,1
BRDA:209,58,0,0
BRDA:209,58,1,4
BRDA:209,59,0,0
BRDA:209,59,1,4
BRDA:213,60,0,6
BRDA:213,60,1,0
BRDA:219,61,0,6
BRDA:219,61,1,3
BRDA:219,62,0,3
BRDA:219,62,1,0
BRDA:223,63,0,0
BRDA:223,63,1,6
BRDA:224,64,0,0
BRDA:224,64,1,0
BRDA:224,65,0,0
BRDA:224,65,1,0
BRDA:229,66,0,3
BRDA:229,66,1,1
BRDA:230,67,0,3
BRDA:230,67,1,1
BRDA:231,68,0,3
BRDA:231,68,1,1
BRDA:233,69,0,4
BRDA:233,69,1,1
BRDA:236,70,0,1
BRDA:236,70,1,3
BRDA:237,71,0,0
BRDA:237,71,1,4
BRDA:237,72,0,4
BRDA:237,72,1,3
BRDA:238,73,0,0
BRDA:238,73,1,4
BRDA:239,74,0,0
BRDA:239,74,1,4
BRDA:240,75,0,0
BRDA:240,75,1,4
BRDA:244,76,0,0
BRDA:244,76,1,4
BRDA:245,77,0,3
BRDA:245,77,1,1
BRDA:246,78,0,1
BRDA:246,78,1,0
BRDA:247,79,0,0
BRDA:247,79,1,4
BRDA:248,80,0,0
BRDA:248,80,1,4
BRDA:252,81,0,0
BRDA:252,81,1,4
BRDA:253,82,0,0
BRDA:253,82,1,4
BRDA:254,83,0,0
BRDA:254,83,1,4
BRDA:256,84,0,0
BRDA:256,84,1,4
BRDA:257,85,0,0
BRDA:257,85,1,4
BRDA:259,86,0,0
BRDA:259,86,1,4
BRDA:260,87,0,0
BRDA:260,87,1,4
BRDA:262,88,0,3
BRDA:262,88,1,1
BRDA:263,89,0,0
BRDA:263,89,1,4
BRDA:270,90,0,0
BRDA:270,90,1,4
BRDA:271,91,0,3
BRDA:271,91,1,1
BRDA:271,92,0,4
BRDA:271,92,1,3
BRDA:291,93,0,0
BRDA:291,93,1,4
BRDA:291,94,0,0
BRDA:291,94,1,4
BRDA:292,95,0,0
BRDA:292,95,1,4
BRDA:298,96,0,3
BRDA:298,96,1,1
BRDA:300,97,0,0
BRDA:300,97,1,1
BRDA:303,98,0,0
BRDA:303,98,1,4
BRDA:304,99,0,3
BRDA:304,99,1,1
BRDA:310,100,0,0
BRDA:310,100,1,4
BRDA:310,101,0,4
BRDA:310,101,1,4
BRDA:310,101,2,4
BRDA:323,102,0,0
BRDA:323,102,1,4
BRDA:323,103,0,0
BRDA:323,103,1,4
BRDA:323,104,0,0
BRDA:323,104,1,4
BRDA:327,105,0,1
BRDA:327,105,1,3
BRDA:328,106,0,1
BRDA:328,106,1,3
BRDA:329,107,0,1
BRDA:329,107,1,3
BRDA:330,108,0,0
BRDA:330,108,1,4
BRDA:331,109,0,3
BRDA:331,109,1,1
BRDA:332,110,0,0
BRDA:332,110,1,4
BRDA:341,111,0,3
BRDA:341,111,1,1
BRDA:345,112,0,1
BRDA:345,112,1,3
BRDA:350,113,0,6
BRDA:350,113,1,0
BRDA:355,114,0,6
BRDA:355,114,1,0
BRDA:372,115,0,4
BRDA:372,115,1,1
BRDA:376,116,0,3
BRDA:376,116,1,1
BRDA:378,117,0,1
BRDA:378,117,1,3
BRDA:385,118,0,0
BRDA:385,118,1,4
BRDA:410,119,0,1
BRDA:410,119,1,2
BRDA:411,120,0,1
BRDA:411,120,1,0
BRDA:412,121,0,0
BRDA:412,121,1,1
BRDA:417,122,0,1
BRDA:417,122,1,0
BRDA:417,123,0,1
BRDA:417,123,1,1
BRDA:431,124,0,1
BRDA:431,124,1,0
BRDA:441,125,0,1
BRDA:441,125,1,0
BRDA:442,126,0,1
BRDA:442,126,1,0
BRDA:444,127,0,1
BRDA:444,127,1,0
BRDA:446,128,0,0
BRDA:446,128,1,0
BRDA:447,129,0,0
BRDA:447,129,1,0
BRDA:449,130,0,0
BRDA:449,130,1,0
BRDA:450,131,0,0
BRDA:450,131,1,0
BRDA:452,132,0,0
BRDA:452,132,1,0
BRDA:453,133,0,0
BRDA:453,133,1,0
BRDA:459,134,0,0
BRDA:459,134,1,1
BRDA:467,135,0,2
BRDA:467,135,1,1
BRDA:468,136,0,2
BRDA:468,136,1,2
BRDA:489,137,0,1
BRDA:489,137,1,3
BRDA:491,138,0,1
BRDA:491,138,1,3
BRDA:494,139,0,1
BRDA:494,139,1,0
BRDA:503,140,0,1
BRDA:503,140,1,3
BRDA:506,141,0,1
BRDA:506,141,1,0
BRDA:507,142,0,1
BRDA:507,142,1,0
BRDA:511,143,0,0
BRDA:511,143,1,3
BRDA:524,144,0,4
BRDA:524,144,1,0
BRDA:525,145,0,4
BRDA:525,145,1,0
BRDA:526,146,0,4
BRDA:526,146,1,1
BRDA:572,147,0,1
BRDA:572,147,1,3
BRF:302
BRH:197
end_of_record
TN:
SF:services\quoteMLService.js
FN:10,(anonymous_0)
FN:11,(anonymous_1)
FN:15,(anonymous_2)
FN:26,(anonymous_3)
FN:31,(anonymous_4)
FN:41,(anonymous_5)
FN:48,(anonymous_6)
FN:52,(anonymous_7)
FN:57,(anonymous_8)
FN:59,(anonymous_9)
FN:65,(anonymous_10)
FN:87,(anonymous_11)
FN:91,(anonymous_12)
FN:97,(anonymous_13)
FN:105,(anonymous_14)
FN:120,(anonymous_15)
FN:123,(anonymous_16)
FN:129,(anonymous_17)
FN:132,(anonymous_18)
FN:138,(anonymous_19)
FN:146,(anonymous_20)
FN:166,(anonymous_21)
FN:185,(anonymous_22)
FN:191,(anonymous_23)
FN:202,(anonymous_24)
FN:206,(anonymous_25)
FN:219,(anonymous_26)
FN:250,(anonymous_27)
FN:297,(anonymous_28)
FN:301,(anonymous_29)
FN:303,(anonymous_30)
FN:314,(anonymous_31)
FN:325,(anonymous_32)
FN:329,(anonymous_33)
FN:356,(anonymous_34)
FNF:35
FNH:12
FNDA:0,(anonymous_0)
FNDA:4,(anonymous_1)
FNDA:0,(anonymous_2)
FNDA:6,(anonymous_3)
FNDA:0,(anonymous_4)
FNDA:0,(anonymous_5)
FNDA:0,(anonymous_6)
FNDA:0,(anonymous_7)
FNDA:0,(anonymous_8)
FNDA:0,(anonymous_9)
FNDA:0,(anonymous_10)
FNDA:1,(anonymous_11)
FNDA:1,(anonymous_12)
FNDA:1,(anonymous_13)
FNDA:1,(anonymous_14)
FNDA:1,(anonymous_15)
FNDA:1,(anonymous_16)
FNDA:1,(anonymous_17)
FNDA:0,(anonymous_18)
FNDA:0,(anonymous_19)
FNDA:1,(anonymous_20)
FNDA:0,(anonymous_21)
FNDA:0,(anonymous_22)
FNDA:0,(anonymous_23)
FNDA:0,(anonymous_24)
FNDA:0,(anonymous_25)
FNDA:3,(anonymous_26)
FNDA:4,(anonymous_27)
FNDA:0,(anonymous_28)
FNDA:0,(anonymous_29)
FNDA:0,(anonymous_30)
FNDA:0,(anonymous_31)
FNDA:0,(anonymous_32)
FNDA:0,(anonymous_33)
FNDA:0,(anonymous_34)
DA:1,3
DA:3,3
DA:4,3
DA:7,3
DA:8,3
DA:10,3
DA:11,4
DA:12,3
DA:13,3
DA:15,3
DA:16,0
DA:17,0
DA:19,0
DA:20,0
DA:23,0
DA:26,3
DA:27,6
DA:31,3
DA:32,0
DA:33,0
DA:34,0
DA:35,0
DA:38,0
DA:41,3
DA:42,0
DA:43,0
DA:44,0
DA:45,0
DA:48,3
DA:49,0
DA:51,0
DA:52,0
DA:55,0
DA:56,0
DA:57,0
DA:59,0
DA:62,0
DA:65,3
DA:66,0
DA:67,0
DA:70,0
DA:71,0
DA:72,0
DA:73,0
DA:75,0
DA:76,0
DA:77,0
DA:78,0
DA:79,0
DA:80,0
DA:83,0
DA:84,0
DA:87,3
DA:88,1
DA:89,1
DA:91,1
DA:92,1
DA:93,0
DA:94,0
DA:97,1
DA:98,1
DA:99,1
DA:102,1
DA:105,3
DA:106,1
DA:107,0
DA:112,0
DA:113,0
DA:114,0
DA:117,0
DA:120,3
DA:121,1
DA:122,1
DA:123,1
DA:126,1
DA:129,3
DA:130,1
DA:132,0
DA:136,1
DA:138,0
DA:142,1
DA:143,1
DA:146,3
DA:147,1
DA:148,1
DA:149,1
DA:150,1
DA:151,1
DA:152,1
DA:153,1
DA:155,1
DA:166,3
DA:167,0
DA:168,0
DA:169,0
DA:170,0
DA:171,0
DA:172,0
DA:173,0
DA:175,0
DA:185,3
DA:186,0
DA:187,0
DA:188,0
DA:191,3
DA:192,0
DA:193,0
DA:194,0
DA:197,0
DA:198,0
DA:199,0
DA:202,3
DA:203,0
DA:204,0
DA:206,0
DA:207,0
DA:208,0
DA:210,0
DA:211,0
DA:212,0
DA:215,0
DA:216,0
DA:219,3
DA:228,3
DA:229,1
DA:237,2
DA:250,4
DA:252,2
DA:253,1
DA:263,1
DA:264,1
DA:266,1
DA:275,0
DA:276,0
DA:277,0
DA:278,0
DA:279,0
DA:280,0
DA:281,0
DA:288,0
DA:289,0
DA:297,0
DA:298,0
DA:301,0
DA:303,0
DA:304,0
DA:305,0
DA:306,0
DA:307,0
DA:308,0
DA:310,0
DA:311,0
DA:314,0
DA:316,0
DA:317,0
DA:318,0
DA:321,0
DA:323,0
DA:325,0
DA:328,0
DA:330,0
DA:331,0
DA:332,0
DA:333,0
DA:338,0
DA:340,0
DA:342,0
DA:356,0
DA:369,3
LF:169
LH:61
BRDA:10,0,0,0
BRDA:10,0,1,0
BRDA:11,1,0,0
BRDA:11,2,0,4
BRDA:11,2,1,0
BRDA:16,3,0,0
BRDA:16,3,1,0
BRDA:17,4,0,0
BRDA:17,4,1,0
BRDA:19,5,0,0
BRDA:19,5,1,0
BRDA:19,6,0,0
BRDA:19,6,1,0
BRDA:27,7,0,6
BRDA:27,7,1,0
BRDA:32,8,0,0
BRDA:32,8,1,0
BRDA:34,9,0,0
BRDA:34,9,1,0
BRDA:42,10,0,0
BRDA:42,10,1,0
BRDA:43,11,0,0
BRDA:43,11,1,0
BRDA:44,12,0,0
BRDA:44,12,1,0
BRDA:44,13,0,0
BRDA:44,13,1,0
BRDA:49,14,0,0
BRDA:49,14,1,0
BRDA:51,15,0,0
BRDA:51,15,1,0
BRDA:51,16,0,0
BRDA:51,16,1,0
BRDA:55,17,0,0
BRDA:55,17,1,0
BRDA:56,18,0,0
BRDA:56,18,1,0
BRDA:66,19,0,0
BRDA:66,19,1,0
BRDA:66,20,0,0
BRDA:66,20,1,0
BRDA:66,20,2,0
BRDA:66,20,3,0
BRDA:76,21,0,0
BRDA:76,21,1,0
BRDA:77,22,0,0
BRDA:77,22,1,0
BRDA:83,23,0,0
BRDA:83,23,1,0
BRDA:83,24,0,0
BRDA:83,24,1,0
BRDA:88,25,0,0
BRDA:88,25,1,1
BRDA:89,26,0,0
BRDA:89,26,1,1
BRDA:113,27,0,0
BRDA:113,27,1,0
BRDA:121,28,0,0
BRDA:121,28,1,1
BRDA:121,29,0,1
BRDA:121,29,1,1
BRDA:126,30,0,1
BRDA:126,30,1,0
BRDA:130,31,0,1
BRDA:130,31,1,0
BRDA:136,32,0,1
BRDA:136,32,1,0
BRDA:143,33,0,0
BRDA:143,33,1,1
BRDA:150,34,0,1
BRDA:150,34,1,1
BRDA:151,35,0,1
BRDA:151,35,1,0
BRDA:167,36,0,0
BRDA:167,36,1,0
BRDA:186,37,0,0
BRDA:186,37,1,0
BRDA:187,38,0,0
BRDA:187,38,1,0
BRDA:193,39,0,0
BRDA:193,39,1,0
BRDA:208,40,0,0
BRDA:208,40,1,0
BRDA:210,41,0,0
BRDA:210,41,1,0
BRDA:215,42,0,0
BRDA:215,42,1,0
BRDA:224,43,0,1
BRDA:225,44,0,3
BRDA:226,45,0,2
BRDA:228,46,0,1
BRDA:228,46,1,2
BRDA:250,47,0,4
BRDA:250,47,1,4
BRDA:250,47,2,4
BRDA:252,48,0,1
BRDA:252,48,1,1
BRDA:280,49,0,0
BRDA:280,49,1,0
BRDA:288,50,0,0
BRDA:288,50,1,0
BRDA:301,51,0,0
BRDA:301,51,1,0
BRDA:306,52,0,0
BRDA:306,52,1,0
BRDA:308,53,0,0
BRDA:308,53,1,0
BRDA:311,54,0,0
BRDA:311,54,1,0
BRDA:316,55,0,0
BRDA:316,55,1,0
BRDA:317,56,0,0
BRDA:317,56,1,0
BRDA:317,57,0,0
BRDA:317,57,1,0
BRDA:331,58,0,0
BRDA:331,58,1,0
BRDA:338,59,0,0
BRDA:338,59,1,0
BRDA:352,60,0,0
BRDA:352,60,1,0
BRDA:353,61,0,0
BRDA:353,61,1,0
BRDA:357,62,0,0
BRDA:357,62,1,0
BRDA:358,63,0,0
BRDA:358,63,1,0
BRDA:364,64,0,0
BRDA:364,64,1,0
BRF:129
BRH:24
end_of_record
TN:
SF:socket\callSocket.js
FN:3,(anonymous_0)
FN:9,(anonymous_1)
FN:20,(anonymous_2)
FN:25,(anonymous_3)
FN:31,(anonymous_4)
FN:54,(anonymous_5)
FN:68,(anonymous_6)
FN:84,(anonymous_7)
FN:89,(anonymous_8)
FN:94,(anonymous_9)
FN:99,(anonymous_10)
FN:104,(anonymous_11)
FN:118,(anonymous_12)
FNF:13
FNH:5
FNDA:4,(anonymous_0)
FNDA:2,(anonymous_1)
FNDA:2,(anonymous_2)
FNDA:0,(anonymous_3)
FNDA:0,(anonymous_4)
FNDA:0,(anonymous_5)
FNDA:0,(anonymous_6)
FNDA:0,(anonymous_7)
FNDA:1,(anonymous_8)
FNDA:0,(anonymous_9)
FNDA:0,(anonymous_10)
FNDA:0,(anonymous_11)
FNDA:1,(anonymous_12)
DA:1,4
DA:3,4
DA:4,4
DA:7,4
DA:9,4
DA:10,2
DA:11,2
DA:12,2
DA:14,2
DA:15,2
DA:16,1
DA:17,1
DA:20,2
DA:21,1
DA:22,1
DA:25,0
DA:26,0
DA:28,0
DA:31,0
DA:32,0
DA:33,0
DA:35,0
DA:38,0
DA:41,0
DA:47,0
DA:49,0
DA:50,0
DA:54,4
DA:55,0
DA:56,0
DA:59,0
DA:60,0
DA:61,0
DA:64,0
DA:65,0
DA:68,4
DA:69,0
DA:70,0
DA:73,0
DA:74,0
DA:75,0
DA:76,0
DA:79,0
DA:81,0
DA:84,4
DA:85,0
DA:86,0
DA:89,4
DA:90,1
DA:91,1
DA:94,4
DA:95,0
DA:96,0
DA:99,4
DA:100,0
DA:101,0
DA:104,4
DA:105,0
DA:106,0
DA:108,0
DA:109,0
DA:110,0
DA:111,0
DA:114,0
DA:115,0
DA:118,4
DA:120,1
DA:121,2
DA:122,0
DA:128,4
LF:70
LH:28
BRDA:15,0,0,1
BRDA:15,0,1,1
BRDA:20,1,0,1
BRDA:20,1,1,0
BRDA:47,2,0,0
BRDA:47,2,1,0
BRDA:50,3,0,0
BRDA:50,3,1,0
BRDA:60,4,0,0
BRDA:60,4,1,0
BRDA:60,5,0,0
BRDA:60,5,1,0
BRDA:74,6,0,0
BRDA:74,6,1,0
BRDA:74,7,0,0
BRDA:74,7,1,0
BRDA:109,8,0,0
BRDA:109,8,1,0
BRDA:109,9,0,0
BRDA:109,9,1,0
BRDA:121,10,0,0
BRDA:121,10,1,2
BRF:22
BRH:4
end_of_record
TN:
SF:socket\index.js
FN:7,(anonymous_0)
FN:17,(anonymous_1)
FN:37,(anonymous_2)
FN:46,(anonymous_3)
FN:54,(anonymous_4)
FNF:5
FNH:5
FNDA:2,(anonymous_0)
FNDA:4,(anonymous_1)
FNDA:2,(anonymous_2)
FNDA:1,(anonymous_3)
FNDA:3,(anonymous_4)
DA:1,5
DA:2,5
DA:3,5
DA:7,5
DA:8,2
DA:17,2
DA:18,4
DA:19,4
DA:20,4
DA:21,2
DA:23,2
DA:24,2
DA:25,0
DA:26,0
DA:28,2
DA:29,2
DA:30,2
DA:32,0
DA:33,0
DA:37,2
DA:38,2
DA:41,2
DA:44,2
DA:46,2
DA:47,1
DA:51,2
DA:54,5
DA:55,3
DA:56,1
DA:58,2
DA:61,5
LF:31
LH:27
BRDA:20,0,0,2
BRDA:20,0,1,2
BRDA:24,1,0,0
BRDA:24,1,1,2
BRDA:55,2,0,1
BRDA:55,2,1,2
BRF:6
BRH:5
end_of_record
TN:
SF:tests\http.mock.js
FN:1,(anonymous_0)
FN:9,(anonymous_1)
FN:16,(anonymous_2)
FN:21,(anonymous_3)
FN:26,(anonymous_4)
FN:31,(anonymous_5)
FN:39,(anonymous_6)
FN:41,(anonymous_7)
FN:45,(anonymous_8)
FN:46,(anonymous_9)
FN:51,(anonymous_10)
FN:52,(anonymous_11)
FN:57,(anonymous_12)
FN:58,(anonymous_13)
FNF:14
FNH:9
FNDA:199,(anonymous_0)
FNDA:199,(anonymous_1)
FNDA:183,(anonymous_2)
FNDA:196,(anonymous_3)
FNDA:1,(anonymous_4)
FNDA:0,(anonymous_5)
FNDA:0,(anonymous_6)
FNDA:28,(anonymous_7)
FNDA:168,(anonymous_8)
FNDA:58,(anonymous_9)
FNDA:0,(anonymous_10)
FNDA:0,(anonymous_11)
FNDA:29,(anonymous_12)
FNDA:0,(anonymous_13)
DA:1,199
DA:9,20
DA:10,199
DA:16,199
DA:17,183
DA:18,183
DA:21,199
DA:22,196
DA:23,196
DA:26,199
DA:27,1
DA:28,1
DA:31,199
DA:32,0
DA:33,0
DA:36,199
DA:39,20
DA:41,20
DA:42,28
DA:43,28
DA:45,28
DA:46,168
DA:49,28
DA:50,0
DA:51,0
DA:52,0
DA:53,0
DA:56,28
DA:57,29
DA:58,28
DA:60,28
DA:63,20
LF:32
LH:26
BRDA:1,0,0,4
BRDA:41,1,0,28
BRDA:49,2,0,0
BRDA:49,2,1,28
BRF:4
BRH:3
end_of_record
TN:
SF:utils\actionLogger.js
FN:3,(anonymous_0)
FN:14,(anonymous_1)
FN:22,(anonymous_2)
FNF:3
FNH:3
FNDA:3,(anonymous_0)
FNDA:3,(anonymous_1)
FNDA:3,(anonymous_2)
DA:1,3
DA:3,3
DA:4,3
DA:5,3
DA:6,3
DA:7,2
DA:8,2
DA:9,1
DA:11,1
DA:14,3
DA:15,3
DA:16,3
DA:17,1
DA:19,2
DA:22,3
DA:23,3
DA:24,3
DA:25,3
DA:29,3
DA:46,1
DA:50,3
LF:21
LH:21
BRDA:4,0,0,0
BRDA:4,0,1,3
BRDA:5,1,0,3
BRDA:5,1,1,2
BRDA:5,2,0,3
BRDA:5,2,1,2
BRDA:6,3,0,1
BRDA:6,3,1,2
BRDA:7,4,0,0
BRDA:7,4,1,2
BRDA:8,5,0,1
BRDA:8,5,1,1
BRDA:8,6,0,2
BRDA:8,6,1,1
BRDA:8,6,2,0
BRDA:16,7,0,1
BRDA:16,7,1,2
BRDA:16,8,0,3
BRDA:16,8,1,1
BRDA:19,9,0,2
BRDA:19,9,1,0
BRDA:24,10,0,3
BRDA:24,10,1,2
BRDA:24,10,2,0
BRDA:25,11,0,3
BRDA:25,11,1,0
BRDA:30,12,0,3
BRDA:30,12,1,0
BRDA:33,13,0,3
BRDA:33,13,1,2
BRDA:33,14,0,0
BRDA:33,14,1,2
BRDA:37,15,0,2
BRDA:37,15,1,1
BRDA:38,16,0,3
BRDA:38,16,1,3
BRDA:39,17,0,3
BRDA:39,17,1,3
BRDA:40,18,0,3
BRDA:40,18,1,1
BRDA:41,19,0,3
BRDA:41,19,1,3
BRDA:43,20,0,3
BRDA:43,20,1,2
BRF:44
BRH:36
end_of_record
TN:
SF:utils\categoryKeywords.js
FN:146,norm
FN:172,analyzeProjectDescription
FN:187,(anonymous_2)
FNF:3
FNH:3
FNDA:521,norm
FNDA:6,analyzeProjectDescription
FNDA:514,(anonymous_2)
DA:12,1
DA:147,521
DA:173,6
DA:176,6
DA:177,4
DA:180,2
DA:181,2
DA:182,2
DA:183,2
DA:184,2
DA:186,2
DA:187,514
DA:188,24
DA:190,24
DA:191,1
DA:192,1
DA:193,1
DA:194,1
DA:199,2
DA:200,1
DA:204,1
DA:206,1
DA:216,1
LF:23
LH:23
BRDA:147,0,0,521
BRDA:147,0,1,2
BRDA:172,1,0,1
BRDA:176,2,0,4
BRDA:176,2,1,2
BRDA:190,3,0,1
BRDA:190,3,1,23
BRDA:199,4,0,1
BRDA:199,4,1,1
BRF:9
BRH:9
end_of_record
